<?xml version="1.0" encoding="utf-8"?>
<TestRun id="68da2a18-1a45-4ff5-b07c-75cabd9c14b5" name="@Unbutu-Ai-Chads-PC 2025-09-12 14:37:36" xmlns="http://microsoft.com/schemas/VisualStudio/TeamTest/2010">
  <Times creation="2025-09-12T14:37:36.4732583-04:00" queuing="2025-09-12T14:37:36.4732583-04:00" start="2025-09-12T14:37:35.9811235-04:00" finish="2025-09-12T14:37:40.4452913-04:00" />
  <TestSettings name="default" id="11165001-7e7f-432b-a474-f5fbbad07ea9">
    <Deployment runDeploymentRoot="_Unbutu-Ai-Chads-PC_2025-09-12_14_37_36" />
  </TestSettings>
  <Results>
    <UnitTestResult executionId="bba7bd34-0388-4cab-a93d-215e419f5e3d" testId="b9694bad-42e0-0c76-3c47-bc8dece9f7e0" testName="WitchCityRope.Infrastructure.Tests.Data.EntityConfigurationTests.Payment_Registration_Relationship_Should_Be_Configured_Correctly" computerName="Unbutu-Ai-Chads-PC" duration="00:00:00.0228814" startTime="2025-09-12T14:37:38.0258328-04:00" endTime="2025-09-12T14:37:38.0954992-04:00" testType="13cdc9d9-ddb5-4fa4-a97d-d965ccfc6d4b" outcome="Failed" testListId="8c84fa94-04c1-424b-9868-57a2d4851a1d" relativeResultsDirectory="bba7bd34-0388-4cab-a93d-215e419f5e3d">
      <Output>
        <ErrorInfo>
          <Message>Microsoft.EntityFrameworkCore.DbUpdateException : An error occurred while saving the entity changes. See the inner exception for details.
---- Microsoft.Data.Sqlite.SqliteException : SQLite Error 19: 'NOT NULL constraint failed: Registrations.DietaryRestrictions'.</Message>
          <StackTrace>   at Microsoft.EntityFrameworkCore.Update.ReaderModificationCommandBatch.ExecuteAsync(IRelationalConnection connection, CancellationToken cancellationToken)
   at Microsoft.EntityFrameworkCore.Update.Internal.BatchExecutor.ExecuteAsync(IEnumerable`1 commandBatches, IRelationalConnection connection, CancellationToken cancellationToken)
   at Microsoft.EntityFrameworkCore.Update.Internal.BatchExecutor.ExecuteAsync(IEnumerable`1 commandBatches, IRelationalConnection connection, CancellationToken cancellationToken)
   at Microsoft.EntityFrameworkCore.Update.Internal.BatchExecutor.ExecuteAsync(IEnumerable`1 commandBatches, IRelationalConnection connection, CancellationToken cancellationToken)
   at Microsoft.EntityFrameworkCore.Storage.RelationalDatabase.SaveChangesAsync(IList`1 entries, CancellationToken cancellationToken)
   at Microsoft.EntityFrameworkCore.ChangeTracking.Internal.StateManager.SaveChangesAsync(IList`1 entriesToSave, CancellationToken cancellationToken)
   at Microsoft.EntityFrameworkCore.ChangeTracking.Internal.StateManager.SaveChangesAsync(StateManager stateManager, Boolean acceptAllChangesOnSuccess, CancellationToken cancellationToken)
   at Microsoft.EntityFrameworkCore.DbContext.SaveChangesAsync(Boolean acceptAllChangesOnSuccess, CancellationToken cancellationToken)
   at Microsoft.EntityFrameworkCore.DbContext.SaveChangesAsync(Boolean acceptAllChangesOnSuccess, CancellationToken cancellationToken)
   at WitchCityRope.Infrastructure.Data.WitchCityRopeDbContext.SaveChangesAsync(CancellationToken cancellationToken) in /home/chad/repos/witchcityrope-react/src/WitchCityRope.Infrastructure/Data/WitchCityRopeDbContext.cs:line 58
   at WitchCityRope.Infrastructure.Tests.Data.EntityConfigurationTests.Payment_Registration_Relationship_Should_Be_Configured_Correctly() in /home/chad/repos/witchcityrope-react/tests/WitchCityRope.Infrastructure.Tests/Data/EntityConfigurationTests.cs:line 111
--- End of stack trace from previous location ---
----- Inner Stack Trace -----
   at Microsoft.Data.Sqlite.SqliteException.ThrowExceptionForRC(Int32 rc, sqlite3 db)
   at Microsoft.Data.Sqlite.SqliteDataReader.NextResult()
   at Microsoft.Data.Sqlite.SqliteCommand.ExecuteReader(CommandBehavior behavior)
   at Microsoft.Data.Sqlite.SqliteCommand.ExecuteReaderAsync(CommandBehavior behavior, CancellationToken cancellationToken)
   at Microsoft.Data.Sqlite.SqliteCommand.ExecuteDbDataReaderAsync(CommandBehavior behavior, CancellationToken cancellationToken)
   at Microsoft.EntityFrameworkCore.Storage.RelationalCommand.ExecuteReaderAsync(RelationalCommandParameterObject parameterObject, CancellationToken cancellationToken)
   at Microsoft.EntityFrameworkCore.Storage.RelationalCommand.ExecuteReaderAsync(RelationalCommandParameterObject parameterObject, CancellationToken cancellationToken)
   at Microsoft.EntityFrameworkCore.Update.ReaderModificationCommandBatch.ExecuteAsync(IRelationalConnection connection, CancellationToken cancellationToken)</StackTrace>
        </ErrorInfo>
      </Output>
    </UnitTestResult>
    <UnitTestResult executionId="4915d235-350b-4558-b37d-51d156810808" testId="1e096ccc-e723-7491-b653-eb6d07a2b4e3" testName="WitchCityRope.Infrastructure.Tests.Email.EmailServiceTests.SendBulkEmailAsync_Should_Return_False_If_Any_Batch_Fails" computerName="Unbutu-Ai-Chads-PC" duration="00:00:00.0014957" startTime="2025-09-12T14:37:36.4896976-04:00" endTime="2025-09-12T14:37:36.4910856-04:00" testType="13cdc9d9-ddb5-4fa4-a97d-d965ccfc6d4b" outcome="Passed" testListId="8c84fa94-04c1-424b-9868-57a2d4851a1d" relativeResultsDirectory="4915d235-350b-4558-b37d-51d156810808" />
    <UnitTestResult executionId="4e599e0a-b2fc-473b-9cb5-03d9a9c80c9c" testId="42dc7df1-96a1-4d9a-de82-432b5eb500ec" testName="WitchCityRope.Infrastructure.Tests.Data.ComplexQueryTests.Should_Query_User_Registration_History" computerName="Unbutu-Ai-Chads-PC" duration="00:00:00.0010000" startTime="2025-09-12T14:37:36.3888979-04:00" endTime="2025-09-12T14:37:37.5398416-04:00" testType="13cdc9d9-ddb5-4fa4-a97d-d965ccfc6d4b" outcome="Failed" testListId="8c84fa94-04c1-424b-9868-57a2d4851a1d" relativeResultsDirectory="4e599e0a-b2fc-473b-9cb5-03d9a9c80c9c">
      <Output>
        <ErrorInfo>
          <Message>Microsoft.EntityFrameworkCore.DbUpdateException : An error occurred while saving the entity changes. See the inner exception for details.
---- Microsoft.Data.Sqlite.SqliteException : SQLite Error 19: 'NOT NULL constraint failed: Registrations.DietaryRestrictions'.</Message>
          <StackTrace>   at Microsoft.EntityFrameworkCore.Update.ReaderModificationCommandBatch.ExecuteAsync(IRelationalConnection connection, CancellationToken cancellationToken)
   at Microsoft.EntityFrameworkCore.Update.Internal.BatchExecutor.ExecuteAsync(IEnumerable`1 commandBatches, IRelationalConnection connection, CancellationToken cancellationToken)
   at Microsoft.EntityFrameworkCore.Update.Internal.BatchExecutor.ExecuteAsync(IEnumerable`1 commandBatches, IRelationalConnection connection, CancellationToken cancellationToken)
   at Microsoft.EntityFrameworkCore.Update.Internal.BatchExecutor.ExecuteAsync(IEnumerable`1 commandBatches, IRelationalConnection connection, CancellationToken cancellationToken)
   at Microsoft.EntityFrameworkCore.Storage.RelationalDatabase.SaveChangesAsync(IList`1 entries, CancellationToken cancellationToken)
   at Microsoft.EntityFrameworkCore.ChangeTracking.Internal.StateManager.SaveChangesAsync(IList`1 entriesToSave, CancellationToken cancellationToken)
   at Microsoft.EntityFrameworkCore.ChangeTracking.Internal.StateManager.SaveChangesAsync(StateManager stateManager, Boolean acceptAllChangesOnSuccess, CancellationToken cancellationToken)
   at Microsoft.EntityFrameworkCore.DbContext.SaveChangesAsync(Boolean acceptAllChangesOnSuccess, CancellationToken cancellationToken)
   at Microsoft.EntityFrameworkCore.DbContext.SaveChangesAsync(Boolean acceptAllChangesOnSuccess, CancellationToken cancellationToken)
   at WitchCityRope.Infrastructure.Data.WitchCityRopeDbContext.SaveChangesAsync(CancellationToken cancellationToken) in /home/chad/repos/witchcityrope-react/src/WitchCityRope.Infrastructure/Data/WitchCityRopeDbContext.cs:line 58
   at WitchCityRope.Infrastructure.Tests.Data.ComplexQueryTests.SeedDataAsync() in /home/chad/repos/witchcityrope-react/tests/WitchCityRope.Infrastructure.Tests/Data/ComplexQueryTests.cs:line 63
   at WitchCityRope.Infrastructure.Tests.Fixtures.IntegrationTestBase.InitializeAsync() in /home/chad/repos/witchcityrope-react/tests/WitchCityRope.Infrastructure.Tests/Fixtures/IntegrationTestBase.cs:line 41
----- Inner Stack Trace -----
   at Microsoft.Data.Sqlite.SqliteException.ThrowExceptionForRC(Int32 rc, sqlite3 db)
   at Microsoft.Data.Sqlite.SqliteDataReader.NextResult()
   at Microsoft.Data.Sqlite.SqliteCommand.ExecuteReader(CommandBehavior behavior)
   at Microsoft.Data.Sqlite.SqliteCommand.ExecuteReaderAsync(CommandBehavior behavior, CancellationToken cancellationToken)
   at Microsoft.Data.Sqlite.SqliteCommand.ExecuteDbDataReaderAsync(CommandBehavior behavior, CancellationToken cancellationToken)
   at Microsoft.EntityFrameworkCore.Storage.RelationalCommand.ExecuteReaderAsync(RelationalCommandParameterObject parameterObject, CancellationToken cancellationToken)
   at Microsoft.EntityFrameworkCore.Storage.RelationalCommand.ExecuteReaderAsync(RelationalCommandParameterObject parameterObject, CancellationToken cancellationToken)
   at Microsoft.EntityFrameworkCore.Update.ReaderModificationCommandBatch.ExecuteAsync(IRelationalConnection connection, CancellationToken cancellationToken)</StackTrace>
        </ErrorInfo>
      </Output>
    </UnitTestResult>
    <UnitTestResult executionId="bfb4aa8b-b13a-4477-a839-83f363c1da40" testId="6a6f6355-9fd4-91c1-101e-d3a4ddbfd9e9" testName="WitchCityRope.Infrastructure.Tests.Security.EncryptionServiceTests.Hash_Should_Produce_Different_Hashes_For_Same_Input" computerName="Unbutu-Ai-Chads-PC" duration="00:00:00.4105475" startTime="2025-09-12T14:37:39.7617868-04:00" endTime="2025-09-12T14:37:40.1715716-04:00" testType="13cdc9d9-ddb5-4fa4-a97d-d965ccfc6d4b" outcome="Passed" testListId="8c84fa94-04c1-424b-9868-57a2d4851a1d" relativeResultsDirectory="bfb4aa8b-b13a-4477-a839-83f363c1da40" />
    <UnitTestResult executionId="e322fa23-d671-496f-b1ad-e37afb9ccfab" testId="fb5b9c38-8b84-314c-709f-5c4f52c1a376" testName="WitchCityRope.Infrastructure.Tests.Data.WitchCityRopeDbContextTests.Should_Handle_Transactions" computerName="Unbutu-Ai-Chads-PC" duration="00:00:00.0178124" startTime="2025-09-12T14:37:38.0929289-04:00" endTime="2025-09-12T14:37:38.1473344-04:00" testType="13cdc9d9-ddb5-4fa4-a97d-d965ccfc6d4b" outcome="Passed" testListId="8c84fa94-04c1-424b-9868-57a2d4851a1d" relativeResultsDirectory="e322fa23-d671-496f-b1ad-e37afb9ccfab" />
    <UnitTestResult executionId="888760de-5693-49b1-a921-cb3d437fa3a9" testId="2c2006c0-221d-554f-297a-e29ef198d5bd" testName="WitchCityRope.Infrastructure.Tests.Email.EmailServiceTests.SendTemplateEmailAsync_Should_Throw_For_Unknown_Template" computerName="Unbutu-Ai-Chads-PC" duration="00:00:00.0028899" startTime="2025-09-12T14:37:36.5443717-04:00" endTime="2025-09-12T14:37:36.5470186-04:00" testType="13cdc9d9-ddb5-4fa4-a97d-d965ccfc6d4b" outcome="Failed" testListId="8c84fa94-04c1-424b-9868-57a2d4851a1d" relativeResultsDirectory="888760de-5693-49b1-a921-cb3d437fa3a9">
      <Output>
        <ErrorInfo>
          <Message>Expected a &lt;System.ArgumentException&gt; to be thrown, but no exception was thrown.</Message>
          <StackTrace>   at FluentAssertions.Execution.LateBoundTestFramework.Throw(String message)
   at FluentAssertions.Execution.DefaultAssertionStrategy.HandleFailure(String message)
   at FluentAssertions.Execution.AssertionScope.AddPreFormattedFailure(String formattedFailureMessage)
   at FluentAssertions.Execution.AssertionChain.FailWith(Func`1 getFailureReason)
   at FluentAssertions.Execution.AssertionChain.FailWith(Func`1 getFailureReason)
   at FluentAssertions.Execution.AssertionChain.FailWith(String message)
   at FluentAssertions.Specialized.DelegateAssertionsBase`2.&lt;&gt;c__DisplayClass8_0`1.&lt;ThrowInternal&gt;b__0(AssertionChain chain)
   at FluentAssertions.Execution.AssertionChain.WithExpectation(String message, Action`1 chain, Object[] args)
   at FluentAssertions.Execution.AssertionChain.WithExpectation(String message, Object arg1, Action`1 chain)
   at FluentAssertions.Specialized.DelegateAssertionsBase`2.ThrowInternal[TException](Exception exception, String because, Object[] becauseArgs)
   at FluentAssertions.Specialized.AsyncFunctionAssertions`2.ThrowAsync[TException](String because, Object[] becauseArgs)
   at FluentAssertions.ExceptionAssertionsExtensions.WithMessage[TException](Task`1 task, String expectedWildcardPattern, String because, Object[] becauseArgs)
   at WitchCityRope.Infrastructure.Tests.Email.EmailServiceTests.SendTemplateEmailAsync_Should_Throw_For_Unknown_Template() in /home/chad/repos/witchcityrope-react/tests/WitchCityRope.Infrastructure.Tests/Email/EmailServiceTests.cs:line 271
--- End of stack trace from previous location ---</StackTrace>
        </ErrorInfo>
      </Output>
    </UnitTestResult>
    <UnitTestResult executionId="8f96b38e-0be7-4812-bd2e-ce5c240b8b66" testId="0d50f91b-1973-b06b-3035-cd7f803461f8" testName="WitchCityRope.Infrastructure.Tests.Data.WitchCityRopeDbContextTests.Should_Create_Database_Schema" computerName="Unbutu-Ai-Chads-PC" duration="00:00:00.0012698" startTime="2025-09-12T14:37:37.9583227-04:00" endTime="2025-09-12T14:37:38.0104433-04:00" testType="13cdc9d9-ddb5-4fa4-a97d-d965ccfc6d4b" outcome="Passed" testListId="8c84fa94-04c1-424b-9868-57a2d4851a1d" relativeResultsDirectory="8f96b38e-0be7-4812-bd2e-ce5c240b8b66" />
    <UnitTestResult executionId="9d32a344-3113-4469-a6af-3e42ad2ee8fe" testId="3902fe4d-f17d-5d21-4746-ba713fd0b58c" testName="WitchCityRope.Infrastructure.Tests.PayPal.PayPalServiceTests.GetPaymentStatusAsync_Should_Return_Pending_Status" computerName="Unbutu-Ai-Chads-PC" duration="00:00:00.0077441" startTime="2025-09-12T14:37:36.5420676-04:00" endTime="2025-09-12T14:37:36.5496206-04:00" testType="13cdc9d9-ddb5-4fa4-a97d-d965ccfc6d4b" outcome="Passed" testListId="8c84fa94-04c1-424b-9868-57a2d4851a1d" relativeResultsDirectory="9d32a344-3113-4469-a6af-3e42ad2ee8fe" />
    <UnitTestResult executionId="4d8b4868-93e5-4218-837e-febdcb8b82ba" testId="e21cd5c6-324b-c676-dab9-0bd35c2ac14e" testName="WitchCityRope.Infrastructure.Tests.Security.EncryptionServiceTests.Encryption_Should_Fail_With_Different_Keys" computerName="Unbutu-Ai-Chads-PC" duration="00:00:00.0023586" startTime="2025-09-12T14:37:38.9738970-04:00" endTime="2025-09-12T14:37:38.9763911-04:00" testType="13cdc9d9-ddb5-4fa4-a97d-d965ccfc6d4b" outcome="Passed" testListId="8c84fa94-04c1-424b-9868-57a2d4851a1d" relativeResultsDirectory="4d8b4868-93e5-4218-837e-febdcb8b82ba" />
    <UnitTestResult executionId="c2c0a90d-9754-4df3-84a6-62731a36e4fd" testId="13bd86c6-f19a-69a0-47da-45392f474030" testName="WitchCityRope.Infrastructure.Tests.Data.MigrationTests.Should_Create_Correct_Indexes" computerName="Unbutu-Ai-Chads-PC" duration="00:00:00.1691930" startTime="2025-09-12T14:37:39.6241606-04:00" endTime="2025-09-12T14:37:39.7930158-04:00" testType="13cdc9d9-ddb5-4fa4-a97d-d965ccfc6d4b" outcome="Failed" testListId="8c84fa94-04c1-424b-9868-57a2d4851a1d" relativeResultsDirectory="c2c0a90d-9754-4df3-84a6-62731a36e4fd">
      <Output>
        <ErrorInfo>
          <Message>System.InvalidOperationException : An error was generated for warning 'Microsoft.EntityFrameworkCore.Migrations.PendingModelChangesWarning': The model for context 'WitchCityRopeDbContext' has pending changes. Add a new migration before updating the database. See https://aka.ms/efcore-docs-pending-changes. This exception can be suppressed or logged by passing event ID 'RelationalEventId.PendingModelChangesWarning' to the 'ConfigureWarnings' method in 'DbContext.OnConfiguring' or 'AddDbContext'.</Message>
          <StackTrace>   at Microsoft.EntityFrameworkCore.Diagnostics.EventDefinition`1.Log[TLoggerCategory](IDiagnosticsLogger`1 logger, TParam arg)
   at Microsoft.EntityFrameworkCore.Diagnostics.RelationalLoggerExtensions.PendingModelChangesWarning(IDiagnosticsLogger`1 diagnostics, Type contextType)
   at Microsoft.EntityFrameworkCore.Migrations.Internal.Migrator.ValidateMigrations(Boolean useTransaction, String targetMigration)
   at Microsoft.EntityFrameworkCore.Migrations.Internal.Migrator.MigrateAsync(String targetMigration, CancellationToken cancellationToken)
   at Npgsql.EntityFrameworkCore.PostgreSQL.Migrations.Internal.NpgsqlMigrator.MigrateAsync(String targetMigration, CancellationToken cancellationToken)
   at WitchCityRope.Infrastructure.Tests.Data.MigrationTests.Should_Create_Correct_Indexes() in /home/chad/repos/witchcityrope-react/tests/WitchCityRope.Infrastructure.Tests/Data/MigrationTests.cs:line 95
--- End of stack trace from previous location ---</StackTrace>
        </ErrorInfo>
      </Output>
    </UnitTestResult>
    <UnitTestResult executionId="8899276b-833b-4cad-856a-e155e13ed8f0" testId="87abcabe-5648-fdf1-3a5d-705e67f3c3fe" testName="WitchCityRope.Infrastructure.Tests.PayPal.PayPalServiceTests.CreatePaymentIntentAsync_Should_Return_Valid_Intent" computerName="Unbutu-Ai-Chads-PC" duration="00:00:00.0019344" startTime="2025-09-12T14:37:36.5809685-04:00" endTime="2025-09-12T14:37:36.5827518-04:00" testType="13cdc9d9-ddb5-4fa4-a97d-d965ccfc6d4b" outcome="Passed" testListId="8c84fa94-04c1-424b-9868-57a2d4851a1d" relativeResultsDirectory="8899276b-833b-4cad-856a-e155e13ed8f0" />
    <UnitTestResult executionId="c1d12539-9b63-4c0c-b4b2-dd4a343b46d7" testId="d09d88d0-e6be-e39b-577c-5d7881b8be2d" testName="WitchCityRope.Infrastructure.Tests.PayPal.PayPalServiceTests.Should_Use_Production_Environment_When_Configured" computerName="Unbutu-Ai-Chads-PC" duration="00:00:00.0007048" startTime="2025-09-12T14:37:36.5376548-04:00" endTime="2025-09-12T14:37:36.5377668-04:00" testType="13cdc9d9-ddb5-4fa4-a97d-d965ccfc6d4b" outcome="Passed" testListId="8c84fa94-04c1-424b-9868-57a2d4851a1d" relativeResultsDirectory="c1d12539-9b63-4c0c-b4b2-dd4a343b46d7" />
    <UnitTestResult executionId="33c432b3-61d6-46a3-b18a-b06ec2da7a4e" testId="79cdb1a1-4a9a-f0b2-2460-493cf93bd7f4" testName="WitchCityRope.Infrastructure.Tests.PayPal.PayPalServiceTests.ValidatePaymentMethodAsync_Should_Return_False_For_Empty_Method" computerName="Unbutu-Ai-Chads-PC" duration="00:00:00.0691553" startTime="2025-09-12T14:37:36.3897764-04:00" endTime="2025-09-12T14:37:36.4583401-04:00" testType="13cdc9d9-ddb5-4fa4-a97d-d965ccfc6d4b" outcome="Passed" testListId="8c84fa94-04c1-424b-9868-57a2d4851a1d" relativeResultsDirectory="33c432b3-61d6-46a3-b18a-b06ec2da7a4e" />
    <UnitTestResult executionId="c812472f-81cf-400e-9991-b637eeb499f4" testId="fb57c710-b9e2-ed4a-59de-d5901369c26e" testName="WitchCityRope.Infrastructure.Tests.Security.EncryptionServiceTests.Encryption_Should_Be_Deterministic_With_Same_Key" computerName="Unbutu-Ai-Chads-PC" duration="00:00:00.0031950" startTime="2025-09-12T14:37:36.4560692-04:00" endTime="2025-09-12T14:37:36.4561355-04:00" testType="13cdc9d9-ddb5-4fa4-a97d-d965ccfc6d4b" outcome="Passed" testListId="8c84fa94-04c1-424b-9868-57a2d4851a1d" relativeResultsDirectory="c812472f-81cf-400e-9991-b637eeb499f4" />
    <UnitTestResult executionId="c093c085-6f61-4778-8fd0-33a102c7717d" testId="3afe0f4f-66e8-c918-74b9-e20778e75e86" testName="WitchCityRope.Infrastructure.Tests.PayPal.PayPalServiceTests.ProcessPaymentAsync_Should_Return_Success_Result" computerName="Unbutu-Ai-Chads-PC" duration="00:00:00.0172604" startTime="2025-09-12T14:37:36.5578195-04:00" endTime="2025-09-12T14:37:36.5749667-04:00" testType="13cdc9d9-ddb5-4fa4-a97d-d965ccfc6d4b" outcome="Passed" testListId="8c84fa94-04c1-424b-9868-57a2d4851a1d" relativeResultsDirectory="c093c085-6f61-4778-8fd0-33a102c7717d" />
    <UnitTestResult executionId="887ea3c8-75cc-4cd7-9ca3-cbfc79ad485a" testId="3f3e0fb4-368b-d4ed-b267-a4543a24e99c" testName="WitchCityRope.Infrastructure.Tests.Security.EncryptionServiceTests.Encrypt_Should_Produce_Different_Results_For_Different_Inputs" computerName="Unbutu-Ai-Chads-PC" duration="00:00:00.0056014" startTime="2025-09-12T14:37:36.4558537-04:00" endTime="2025-09-12T14:37:36.4559267-04:00" testType="13cdc9d9-ddb5-4fa4-a97d-d965ccfc6d4b" outcome="Passed" testListId="8c84fa94-04c1-424b-9868-57a2d4851a1d" relativeResultsDirectory="887ea3c8-75cc-4cd7-9ca3-cbfc79ad485a" />
    <UnitTestResult executionId="7f4f5dba-e949-4ace-9d0f-7b3c8f80f31d" testId="121b47a1-7650-eac0-8814-509934e34c51" testName="WitchCityRope.Infrastructure.Tests.Security.JwtTokenServiceTests.GenerateToken_Should_Set_Correct_Expiration" computerName="Unbutu-Ai-Chads-PC" duration="00:00:00.0010000" startTime="2025-09-12T14:37:36.4511037-04:00" endTime="2025-09-12T14:37:36.4511532-04:00" testType="13cdc9d9-ddb5-4fa4-a97d-d965ccfc6d4b" outcome="Failed" testListId="8c84fa94-04c1-424b-9868-57a2d4851a1d" relativeResultsDirectory="7f4f5dba-e949-4ace-9d0f-7b3c8f80f31d">
      <Output>
        <ErrorInfo>
          <Message>System.InvalidOperationException : JWT secret key not configured</Message>
          <StackTrace>   at WitchCityRope.Infrastructure.Security.JwtTokenService..ctor(IConfiguration configuration) in /home/chad/repos/witchcityrope-react/src/WitchCityRope.Infrastructure/Security/JwtTokenService.cs:line 33
   at WitchCityRope.Infrastructure.Tests.Security.JwtTokenServiceTests..ctor() in /home/chad/repos/witchcityrope-react/tests/WitchCityRope.Infrastructure.Tests/Security/JwtTokenServiceTests.cs:line 35
   at System.RuntimeType.CreateInstanceDefaultCtor(Boolean publicOnly, Boolean wrapExceptions)</StackTrace>
        </ErrorInfo>
      </Output>
    </UnitTestResult>
    <UnitTestResult executionId="63c4b73b-31c3-429e-b020-dc34cbcfe47f" testId="e006de4c-80eb-9ac9-a4df-a37619cd7add" testName="WitchCityRope.Infrastructure.Tests.Security.EncryptionServiceTests.VerifyHash_Should_Return_False_For_Null_Hash" computerName="Unbutu-Ai-Chads-PC" duration="00:00:00.0001279" startTime="2025-09-12T14:37:40.3776585-04:00" endTime="2025-09-12T14:37:40.3777029-04:00" testType="13cdc9d9-ddb5-4fa4-a97d-d965ccfc6d4b" outcome="Passed" testListId="8c84fa94-04c1-424b-9868-57a2d4851a1d" relativeResultsDirectory="63c4b73b-31c3-429e-b020-dc34cbcfe47f" />
    <UnitTestResult executionId="8cf7390e-79ff-40c9-8be0-c663e2ea0303" testId="b3bf15b1-a9a8-d9c2-b6bd-2d88af5f3f06" testName="WitchCityRope.Infrastructure.Tests.Data.MigrationTests.Should_Handle_Migration_Rollback" computerName="Unbutu-Ai-Chads-PC" duration="00:00:00.1994929" startTime="2025-09-12T14:37:38.9884271-04:00" endTime="2025-09-12T14:37:39.1876480-04:00" testType="13cdc9d9-ddb5-4fa4-a97d-d965ccfc6d4b" outcome="Failed" testListId="8c84fa94-04c1-424b-9868-57a2d4851a1d" relativeResultsDirectory="8cf7390e-79ff-40c9-8be0-c663e2ea0303">
      <Output>
        <ErrorInfo>
          <Message>System.InvalidOperationException : An error was generated for warning 'Microsoft.EntityFrameworkCore.Migrations.PendingModelChangesWarning': The model for context 'WitchCityRopeDbContext' has pending changes. Add a new migration before updating the database. See https://aka.ms/efcore-docs-pending-changes. This exception can be suppressed or logged by passing event ID 'RelationalEventId.PendingModelChangesWarning' to the 'ConfigureWarnings' method in 'DbContext.OnConfiguring' or 'AddDbContext'.</Message>
          <StackTrace>   at Microsoft.EntityFrameworkCore.Diagnostics.EventDefinition`1.Log[TLoggerCategory](IDiagnosticsLogger`1 logger, TParam arg)
   at Microsoft.EntityFrameworkCore.Diagnostics.RelationalLoggerExtensions.PendingModelChangesWarning(IDiagnosticsLogger`1 diagnostics, Type contextType)
   at Microsoft.EntityFrameworkCore.Migrations.Internal.Migrator.ValidateMigrations(Boolean useTransaction, String targetMigration)
   at Microsoft.EntityFrameworkCore.Migrations.Internal.Migrator.MigrateAsync(String targetMigration, CancellationToken cancellationToken)
   at Npgsql.EntityFrameworkCore.PostgreSQL.Migrations.Internal.NpgsqlMigrator.MigrateAsync(String targetMigration, CancellationToken cancellationToken)
   at WitchCityRope.Infrastructure.Tests.Data.MigrationTests.Should_Handle_Migration_Rollback() in /home/chad/repos/witchcityrope-react/tests/WitchCityRope.Infrastructure.Tests/Data/MigrationTests.cs:line 160
--- End of stack trace from previous location ---</StackTrace>
        </ErrorInfo>
      </Output>
    </UnitTestResult>
    <UnitTestResult executionId="4e80c764-1e37-4fb3-8bb5-6098acabfcb2" testId="b7600936-7750-95ea-d101-c63e591d45f7" testName="WitchCityRope.Infrastructure.Tests.Data.ComplexQueryTests.Should_Handle_Pagination_Correctly" computerName="Unbutu-Ai-Chads-PC" duration="00:00:00.0010000" startTime="2025-09-12T14:37:38.2374564-04:00" endTime="2025-09-12T14:37:38.3554407-04:00" testType="13cdc9d9-ddb5-4fa4-a97d-d965ccfc6d4b" outcome="Failed" testListId="8c84fa94-04c1-424b-9868-57a2d4851a1d" relativeResultsDirectory="4e80c764-1e37-4fb3-8bb5-6098acabfcb2">
      <Output>
        <ErrorInfo>
          <Message>Microsoft.EntityFrameworkCore.DbUpdateException : An error occurred while saving the entity changes. See the inner exception for details.
---- Microsoft.Data.Sqlite.SqliteException : SQLite Error 19: 'NOT NULL constraint failed: Registrations.DietaryRestrictions'.</Message>
          <StackTrace>   at Microsoft.EntityFrameworkCore.Update.ReaderModificationCommandBatch.ExecuteAsync(IRelationalConnection connection, CancellationToken cancellationToken)
   at Microsoft.EntityFrameworkCore.Update.Internal.BatchExecutor.ExecuteAsync(IEnumerable`1 commandBatches, IRelationalConnection connection, CancellationToken cancellationToken)
   at Microsoft.EntityFrameworkCore.Update.Internal.BatchExecutor.ExecuteAsync(IEnumerable`1 commandBatches, IRelationalConnection connection, CancellationToken cancellationToken)
   at Microsoft.EntityFrameworkCore.Update.Internal.BatchExecutor.ExecuteAsync(IEnumerable`1 commandBatches, IRelationalConnection connection, CancellationToken cancellationToken)
   at Microsoft.EntityFrameworkCore.Storage.RelationalDatabase.SaveChangesAsync(IList`1 entries, CancellationToken cancellationToken)
   at Microsoft.EntityFrameworkCore.ChangeTracking.Internal.StateManager.SaveChangesAsync(IList`1 entriesToSave, CancellationToken cancellationToken)
   at Microsoft.EntityFrameworkCore.ChangeTracking.Internal.StateManager.SaveChangesAsync(StateManager stateManager, Boolean acceptAllChangesOnSuccess, CancellationToken cancellationToken)
   at Microsoft.EntityFrameworkCore.DbContext.SaveChangesAsync(Boolean acceptAllChangesOnSuccess, CancellationToken cancellationToken)
   at Microsoft.EntityFrameworkCore.DbContext.SaveChangesAsync(Boolean acceptAllChangesOnSuccess, CancellationToken cancellationToken)
   at WitchCityRope.Infrastructure.Data.WitchCityRopeDbContext.SaveChangesAsync(CancellationToken cancellationToken) in /home/chad/repos/witchcityrope-react/src/WitchCityRope.Infrastructure/Data/WitchCityRopeDbContext.cs:line 58
   at WitchCityRope.Infrastructure.Tests.Data.ComplexQueryTests.SeedDataAsync() in /home/chad/repos/witchcityrope-react/tests/WitchCityRope.Infrastructure.Tests/Data/ComplexQueryTests.cs:line 63
   at WitchCityRope.Infrastructure.Tests.Fixtures.IntegrationTestBase.InitializeAsync() in /home/chad/repos/witchcityrope-react/tests/WitchCityRope.Infrastructure.Tests/Fixtures/IntegrationTestBase.cs:line 41
----- Inner Stack Trace -----
   at Microsoft.Data.Sqlite.SqliteException.ThrowExceptionForRC(Int32 rc, sqlite3 db)
   at Microsoft.Data.Sqlite.SqliteDataReader.NextResult()
   at Microsoft.Data.Sqlite.SqliteCommand.ExecuteReader(CommandBehavior behavior)
   at Microsoft.Data.Sqlite.SqliteCommand.ExecuteReaderAsync(CommandBehavior behavior, CancellationToken cancellationToken)
   at Microsoft.Data.Sqlite.SqliteCommand.ExecuteDbDataReaderAsync(CommandBehavior behavior, CancellationToken cancellationToken)
   at Microsoft.EntityFrameworkCore.Storage.RelationalCommand.ExecuteReaderAsync(RelationalCommandParameterObject parameterObject, CancellationToken cancellationToken)
   at Microsoft.EntityFrameworkCore.Storage.RelationalCommand.ExecuteReaderAsync(RelationalCommandParameterObject parameterObject, CancellationToken cancellationToken)
   at Microsoft.EntityFrameworkCore.Update.ReaderModificationCommandBatch.ExecuteAsync(IRelationalConnection connection, CancellationToken cancellationToken)</StackTrace>
        </ErrorInfo>
      </Output>
    </UnitTestResult>
    <UnitTestResult executionId="5392e1a8-9c77-49e6-a2f3-f4ba89fc81e6" testId="41ae648d-7fc7-ba2f-c06a-44229c2bffd5" testName="WitchCityRope.Infrastructure.Tests.Security.EncryptionServiceTests.DecryptAsync_Should_Return_Null_For_Null_Input" computerName="Unbutu-Ai-Chads-PC" duration="00:00:00.0152637" startTime="2025-09-12T14:37:36.3888193-04:00" endTime="2025-09-12T14:37:36.4526536-04:00" testType="13cdc9d9-ddb5-4fa4-a97d-d965ccfc6d4b" outcome="Passed" testListId="8c84fa94-04c1-424b-9868-57a2d4851a1d" relativeResultsDirectory="5392e1a8-9c77-49e6-a2f3-f4ba89fc81e6" />
    <UnitTestResult executionId="c08639c3-3f09-414a-b16b-249ddaf710e5" testId="19e6bda6-00bd-7cd6-3c38-90a57abeea2e" testName="WitchCityRope.Infrastructure.Tests.PayPal.PayPalServiceTests.Should_Use_Sandbox_Environment_When_Configured" computerName="Unbutu-Ai-Chads-PC" duration="00:00:00.0002667" startTime="2025-09-12T14:37:36.5497292-04:00" endTime="2025-09-12T14:37:36.5499223-04:00" testType="13cdc9d9-ddb5-4fa4-a97d-d965ccfc6d4b" outcome="Passed" testListId="8c84fa94-04c1-424b-9868-57a2d4851a1d" relativeResultsDirectory="c08639c3-3f09-414a-b16b-249ddaf710e5" />
    <UnitTestResult executionId="9eaf1566-0088-42f7-afa0-aa4fa9c16e43" testId="102fc01d-1003-9aad-0ab0-768afa59b2db" testName="WitchCityRope.Infrastructure.Tests.Security.EncryptionServiceTests.EncryptAsync_Should_Return_Null_For_Null_Input" computerName="Unbutu-Ai-Chads-PC" duration="00:00:00.0004011" startTime="2025-09-12T14:37:39.7607764-04:00" endTime="2025-09-12T14:37:39.7608715-04:00" testType="13cdc9d9-ddb5-4fa4-a97d-d965ccfc6d4b" outcome="Passed" testListId="8c84fa94-04c1-424b-9868-57a2d4851a1d" relativeResultsDirectory="9eaf1566-0088-42f7-afa0-aa4fa9c16e43" />
    <UnitTestResult executionId="ed7f6172-3bf5-407d-a837-a3cbe3951942" testId="e5189492-adae-5b47-5b01-837ec60d1504" testName="WitchCityRope.Infrastructure.Tests.Data.EntityConfigurationTests.Should_Handle_Cascade_Delete_For_Event_Registrations" computerName="Unbutu-Ai-Chads-PC" duration="00:00:00.0084068" startTime="2025-09-12T14:37:37.8020285-04:00" endTime="2025-09-12T14:37:37.8526201-04:00" testType="13cdc9d9-ddb5-4fa4-a97d-d965ccfc6d4b" outcome="Failed" testListId="8c84fa94-04c1-424b-9868-57a2d4851a1d" relativeResultsDirectory="ed7f6172-3bf5-407d-a837-a3cbe3951942">
      <Output>
        <ErrorInfo>
          <Message>Microsoft.EntityFrameworkCore.DbUpdateException : An error occurred while saving the entity changes. See the inner exception for details.
---- Microsoft.Data.Sqlite.SqliteException : SQLite Error 19: 'NOT NULL constraint failed: Registrations.DietaryRestrictions'.</Message>
          <StackTrace>   at Microsoft.EntityFrameworkCore.Update.ReaderModificationCommandBatch.ExecuteAsync(IRelationalConnection connection, CancellationToken cancellationToken)
   at Microsoft.EntityFrameworkCore.Update.Internal.BatchExecutor.ExecuteAsync(IEnumerable`1 commandBatches, IRelationalConnection connection, CancellationToken cancellationToken)
   at Microsoft.EntityFrameworkCore.Update.Internal.BatchExecutor.ExecuteAsync(IEnumerable`1 commandBatches, IRelationalConnection connection, CancellationToken cancellationToken)
   at Microsoft.EntityFrameworkCore.Update.Internal.BatchExecutor.ExecuteAsync(IEnumerable`1 commandBatches, IRelationalConnection connection, CancellationToken cancellationToken)
   at Microsoft.EntityFrameworkCore.Storage.RelationalDatabase.SaveChangesAsync(IList`1 entries, CancellationToken cancellationToken)
   at Microsoft.EntityFrameworkCore.ChangeTracking.Internal.StateManager.SaveChangesAsync(IList`1 entriesToSave, CancellationToken cancellationToken)
   at Microsoft.EntityFrameworkCore.ChangeTracking.Internal.StateManager.SaveChangesAsync(StateManager stateManager, Boolean acceptAllChangesOnSuccess, CancellationToken cancellationToken)
   at Microsoft.EntityFrameworkCore.DbContext.SaveChangesAsync(Boolean acceptAllChangesOnSuccess, CancellationToken cancellationToken)
   at Microsoft.EntityFrameworkCore.DbContext.SaveChangesAsync(Boolean acceptAllChangesOnSuccess, CancellationToken cancellationToken)
   at WitchCityRope.Infrastructure.Data.WitchCityRopeDbContext.SaveChangesAsync(CancellationToken cancellationToken) in /home/chad/repos/witchcityrope-react/src/WitchCityRope.Infrastructure/Data/WitchCityRopeDbContext.cs:line 58
   at WitchCityRope.Infrastructure.Tests.Data.EntityConfigurationTests.Should_Handle_Cascade_Delete_For_Event_Registrations() in /home/chad/repos/witchcityrope-react/tests/WitchCityRope.Infrastructure.Tests/Data/EntityConfigurationTests.cs:line 211
--- End of stack trace from previous location ---
----- Inner Stack Trace -----
   at Microsoft.Data.Sqlite.SqliteException.ThrowExceptionForRC(Int32 rc, sqlite3 db)
   at Microsoft.Data.Sqlite.SqliteDataReader.NextResult()
   at Microsoft.Data.Sqlite.SqliteCommand.ExecuteReader(CommandBehavior behavior)
   at Microsoft.Data.Sqlite.SqliteCommand.ExecuteReaderAsync(CommandBehavior behavior, CancellationToken cancellationToken)
   at Microsoft.Data.Sqlite.SqliteCommand.ExecuteDbDataReaderAsync(CommandBehavior behavior, CancellationToken cancellationToken)
   at Microsoft.EntityFrameworkCore.Storage.RelationalCommand.ExecuteReaderAsync(RelationalCommandParameterObject parameterObject, CancellationToken cancellationToken)
   at Microsoft.EntityFrameworkCore.Storage.RelationalCommand.ExecuteReaderAsync(RelationalCommandParameterObject parameterObject, CancellationToken cancellationToken)
   at Microsoft.EntityFrameworkCore.Update.ReaderModificationCommandBatch.ExecuteAsync(IRelationalConnection connection, CancellationToken cancellationToken)</StackTrace>
        </ErrorInfo>
      </Output>
    </UnitTestResult>
    <UnitTestResult executionId="0d701b5c-696d-422e-9acc-8efc75c95679" testId="e1828be1-cfff-3e34-4b60-0621ccd8e3ab" testName="WitchCityRope.Infrastructure.Tests.Data.WitchCityRopeDbContextTests.Should_Apply_Global_Query_Filters_If_Configured" computerName="Unbutu-Ai-Chads-PC" duration="00:00:00.0252213" startTime="2025-09-12T14:37:38.0106913-04:00" endTime="2025-09-12T14:37:38.0916802-04:00" testType="13cdc9d9-ddb5-4fa4-a97d-d965ccfc6d4b" outcome="Failed" testListId="8c84fa94-04c1-424b-9868-57a2d4851a1d" relativeResultsDirectory="0d701b5c-696d-422e-9acc-8efc75c95679">
      <Output>
        <ErrorInfo>
          <Message>Expected users to contain 2 item(s), but found 0: {empty}.</Message>
          <StackTrace>   at FluentAssertions.Execution.LateBoundTestFramework.Throw(String message)
   at FluentAssertions.Execution.DefaultAssertionStrategy.HandleFailure(String message)
   at FluentAssertions.Execution.AssertionScope.AddPreFormattedFailure(String formattedFailureMessage)
   at FluentAssertions.Execution.AssertionChain.FailWith(Func`1 getFailureReason)
   at FluentAssertions.Execution.AssertionChain.FailWith(Func`1 getFailureReason)
   at FluentAssertions.Execution.AssertionChain.FailWith(String message, Object[] args)
   at FluentAssertions.Collections.GenericCollectionAssertions`3.HaveCount(Int32 expected, String because, Object[] becauseArgs)
   at WitchCityRope.Infrastructure.Tests.Data.WitchCityRopeDbContextTests.Should_Apply_Global_Query_Filters_If_Configured() in /home/chad/repos/witchcityrope-react/tests/WitchCityRope.Infrastructure.Tests/Data/WitchCityRopeDbContextTests.cs:line 152
--- End of stack trace from previous location ---</StackTrace>
        </ErrorInfo>
      </Output>
    </UnitTestResult>
    <UnitTestResult executionId="00c5dc57-d6f8-4345-8231-db1b0e36d009" testId="b3ced23f-cb6e-2a17-6541-3fac83d667d8" testName="WitchCityRope.Infrastructure.Tests.PayPal.PayPalServiceTests.CreatePaymentIntentAsync_Should_Handle_Exceptions" computerName="Unbutu-Ai-Chads-PC" duration="00:00:00.0016741" startTime="2025-09-12T14:37:36.5408373-04:00" endTime="2025-09-12T14:37:36.5418570-04:00" testType="13cdc9d9-ddb5-4fa4-a97d-d965ccfc6d4b" outcome="Passed" testListId="8c84fa94-04c1-424b-9868-57a2d4851a1d" relativeResultsDirectory="00c5dc57-d6f8-4345-8231-db1b0e36d009" />
    <UnitTestResult executionId="613ff0b8-9baf-4ceb-b58c-e7d42143439a" testId="ff4e921f-20b7-1709-b98d-0805a1ad4ff6" testName="WitchCityRope.Infrastructure.Tests.Data.MigrationTests.Model_Should_Match_Database_Schema" computerName="Unbutu-Ai-Chads-PC" duration="00:00:00.0316400" startTime="2025-09-12T14:37:39.7938372-04:00" endTime="2025-09-12T14:37:39.8248090-04:00" testType="13cdc9d9-ddb5-4fa4-a97d-d965ccfc6d4b" outcome="Failed" testListId="8c84fa94-04c1-424b-9868-57a2d4851a1d" relativeResultsDirectory="613ff0b8-9baf-4ceb-b58c-e7d42143439a">
      <Output>
        <ErrorInfo>
          <Message>Expected pendingModelChanges to be False because The model should match the database schema, but found True.</Message>
          <StackTrace>   at FluentAssertions.Execution.LateBoundTestFramework.Throw(String message)
   at FluentAssertions.Execution.DefaultAssertionStrategy.HandleFailure(String message)
   at FluentAssertions.Execution.AssertionScope.AddPreFormattedFailure(String formattedFailureMessage)
   at FluentAssertions.Execution.AssertionChain.FailWith(Func`1 getFailureReason)
   at FluentAssertions.Execution.AssertionChain.FailWith(Func`1 getFailureReason)
   at FluentAssertions.Execution.AssertionChain.FailWith(String message, Object[] args)
   at FluentAssertions.Primitives.BooleanAssertions`1.BeFalse(String because, Object[] becauseArgs)
   at WitchCityRope.Infrastructure.Tests.Data.MigrationTests.Model_Should_Match_Database_Schema() in /home/chad/repos/witchcityrope-react/tests/WitchCityRope.Infrastructure.Tests/Data/MigrationTests.cs:line 138
   at System.RuntimeMethodHandle.InvokeMethod(Object target, Void** arguments, Signature sig, Boolean isConstructor)
   at System.Reflection.MethodBaseInvoker.InvokeWithNoArgs(Object obj, BindingFlags invokeAttr)</StackTrace>
        </ErrorInfo>
      </Output>
    </UnitTestResult>
    <UnitTestResult executionId="bcf8b9f6-22f7-4430-a997-52fc62dabbfe" testId="ce3791cd-d401-3567-856e-b206412930a4" testName="WitchCityRope.Infrastructure.Tests.Data.EntityConfigurationTests.Money_ValueObject_Should_Be_Stored_Correctly" computerName="Unbutu-Ai-Chads-PC" duration="00:00:00.0369178" startTime="2025-09-12T14:37:37.8537012-04:00" endTime="2025-09-12T14:37:37.9300197-04:00" testType="13cdc9d9-ddb5-4fa4-a97d-d965ccfc6d4b" outcome="Failed" testListId="8c84fa94-04c1-424b-9868-57a2d4851a1d" relativeResultsDirectory="bcf8b9f6-22f7-4430-a997-52fc62dabbfe">
      <Output>
        <ErrorInfo>
          <Message>Microsoft.EntityFrameworkCore.DbUpdateException : An error occurred while saving the entity changes. See the inner exception for details.
---- Microsoft.Data.Sqlite.SqliteException : SQLite Error 19: 'NOT NULL constraint failed: Registrations.DietaryRestrictions'.</Message>
          <StackTrace>   at Microsoft.EntityFrameworkCore.Update.ReaderModificationCommandBatch.ExecuteAsync(IRelationalConnection connection, CancellationToken cancellationToken)
   at Microsoft.EntityFrameworkCore.Update.Internal.BatchExecutor.ExecuteAsync(IEnumerable`1 commandBatches, IRelationalConnection connection, CancellationToken cancellationToken)
   at Microsoft.EntityFrameworkCore.Update.Internal.BatchExecutor.ExecuteAsync(IEnumerable`1 commandBatches, IRelationalConnection connection, CancellationToken cancellationToken)
   at Microsoft.EntityFrameworkCore.Update.Internal.BatchExecutor.ExecuteAsync(IEnumerable`1 commandBatches, IRelationalConnection connection, CancellationToken cancellationToken)
   at Microsoft.EntityFrameworkCore.Storage.RelationalDatabase.SaveChangesAsync(IList`1 entries, CancellationToken cancellationToken)
   at Microsoft.EntityFrameworkCore.ChangeTracking.Internal.StateManager.SaveChangesAsync(IList`1 entriesToSave, CancellationToken cancellationToken)
   at Microsoft.EntityFrameworkCore.ChangeTracking.Internal.StateManager.SaveChangesAsync(StateManager stateManager, Boolean acceptAllChangesOnSuccess, CancellationToken cancellationToken)
   at Microsoft.EntityFrameworkCore.DbContext.SaveChangesAsync(Boolean acceptAllChangesOnSuccess, CancellationToken cancellationToken)
   at Microsoft.EntityFrameworkCore.DbContext.SaveChangesAsync(Boolean acceptAllChangesOnSuccess, CancellationToken cancellationToken)
   at WitchCityRope.Infrastructure.Data.WitchCityRopeDbContext.SaveChangesAsync(CancellationToken cancellationToken) in /home/chad/repos/witchcityrope-react/src/WitchCityRope.Infrastructure/Data/WitchCityRopeDbContext.cs:line 58
   at WitchCityRope.Infrastructure.Tests.Data.EntityConfigurationTests.Money_ValueObject_Should_Be_Stored_Correctly() in /home/chad/repos/witchcityrope-react/tests/WitchCityRope.Infrastructure.Tests/Data/EntityConfigurationTests.cs:line 234
--- End of stack trace from previous location ---
----- Inner Stack Trace -----
   at Microsoft.Data.Sqlite.SqliteException.ThrowExceptionForRC(Int32 rc, sqlite3 db)
   at Microsoft.Data.Sqlite.SqliteDataReader.NextResult()
   at Microsoft.Data.Sqlite.SqliteCommand.ExecuteReader(CommandBehavior behavior)
   at Microsoft.Data.Sqlite.SqliteCommand.ExecuteReaderAsync(CommandBehavior behavior, CancellationToken cancellationToken)
   at Microsoft.Data.Sqlite.SqliteCommand.ExecuteDbDataReaderAsync(CommandBehavior behavior, CancellationToken cancellationToken)
   at Microsoft.EntityFrameworkCore.Storage.RelationalCommand.ExecuteReaderAsync(RelationalCommandParameterObject parameterObject, CancellationToken cancellationToken)
   at Microsoft.EntityFrameworkCore.Storage.RelationalCommand.ExecuteReaderAsync(RelationalCommandParameterObject parameterObject, CancellationToken cancellationToken)
   at Microsoft.EntityFrameworkCore.Update.ReaderModificationCommandBatch.ExecuteAsync(IRelationalConnection connection, CancellationToken cancellationToken)</StackTrace>
        </ErrorInfo>
      </Output>
    </UnitTestResult>
    <UnitTestResult executionId="5fe708ef-5040-4487-adc5-51b0d833bf11" testId="6555fe8c-88a8-9430-9c04-a65f7276a0ba" testName="WitchCityRope.Infrastructure.Tests.Security.JwtTokenServiceTests.GenerateRefreshToken_Should_Create_Valid_Base64_String" computerName="Unbutu-Ai-Chads-PC" duration="00:00:00.0010000" startTime="2025-09-12T14:37:36.4436053-04:00" endTime="2025-09-12T14:37:36.4437114-04:00" testType="13cdc9d9-ddb5-4fa4-a97d-d965ccfc6d4b" outcome="Failed" testListId="8c84fa94-04c1-424b-9868-57a2d4851a1d" relativeResultsDirectory="5fe708ef-5040-4487-adc5-51b0d833bf11">
      <Output>
        <ErrorInfo>
          <Message>System.InvalidOperationException : JWT secret key not configured</Message>
          <StackTrace>   at WitchCityRope.Infrastructure.Security.JwtTokenService..ctor(IConfiguration configuration) in /home/chad/repos/witchcityrope-react/src/WitchCityRope.Infrastructure/Security/JwtTokenService.cs:line 33
   at WitchCityRope.Infrastructure.Tests.Security.JwtTokenServiceTests..ctor() in /home/chad/repos/witchcityrope-react/tests/WitchCityRope.Infrastructure.Tests/Security/JwtTokenServiceTests.cs:line 35
   at System.RuntimeType.CreateInstanceDefaultCtor(Boolean publicOnly, Boolean wrapExceptions)</StackTrace>
        </ErrorInfo>
      </Output>
    </UnitTestResult>
    <UnitTestResult executionId="2008dec1-f22e-4d5d-8096-527bd597a1b6" testId="646327bb-2edb-21ab-b78e-1f2eefc3c0b3" testName="WitchCityRope.Infrastructure.Tests.Email.EmailServiceTests.SendBulkEmailAsync_Should_Batch_Large_Recipient_Lists" computerName="Unbutu-Ai-Chads-PC" duration="00:00:00.0015575" startTime="2025-09-12T14:37:36.5487511-04:00" endTime="2025-09-12T14:37:36.5502433-04:00" testType="13cdc9d9-ddb5-4fa4-a97d-d965ccfc6d4b" outcome="Passed" testListId="8c84fa94-04c1-424b-9868-57a2d4851a1d" relativeResultsDirectory="2008dec1-f22e-4d5d-8096-527bd597a1b6" />
    <UnitTestResult executionId="8792ca23-9996-4444-a9ad-d33c48b670fc" testId="8dde58a5-7529-70d6-f415-cc7c8025de4a" testName="WitchCityRope.Infrastructure.Tests.Email.EmailServiceTests.SendRegistrationConfirmationAsync_Should_Use_Correct_Template" computerName="Unbutu-Ai-Chads-PC" duration="00:00:00.0032700" startTime="2025-09-12T14:37:36.5503442-04:00" endTime="2025-09-12T14:37:36.5537139-04:00" testType="13cdc9d9-ddb5-4fa4-a97d-d965ccfc6d4b" outcome="Failed" testListId="8c84fa94-04c1-424b-9868-57a2d4851a1d" relativeResultsDirectory="8792ca23-9996-4444-a9ad-d33c48b670fc">
      <Output>
        <ErrorInfo>
          <Message>Expected result to be True, but found False.</Message>
          <StackTrace>   at FluentAssertions.Execution.LateBoundTestFramework.Throw(String message)
   at FluentAssertions.Execution.DefaultAssertionStrategy.HandleFailure(String message)
   at FluentAssertions.Execution.AssertionScope.AddPreFormattedFailure(String formattedFailureMessage)
   at FluentAssertions.Execution.AssertionChain.FailWith(Func`1 getFailureReason)
   at FluentAssertions.Execution.AssertionChain.FailWith(Func`1 getFailureReason)
   at FluentAssertions.Execution.AssertionChain.FailWith(String message, Object[] args)
   at FluentAssertions.Primitives.BooleanAssertions`1.BeTrue(String because, Object[] becauseArgs)
   at WitchCityRope.Infrastructure.Tests.Email.EmailServiceTests.SendRegistrationConfirmationAsync_Should_Use_Correct_Template() in /home/chad/repos/witchcityrope-react/tests/WitchCityRope.Infrastructure.Tests/Email/EmailServiceTests.cs:line 292
--- End of stack trace from previous location ---</StackTrace>
        </ErrorInfo>
      </Output>
    </UnitTestResult>
    <UnitTestResult executionId="4f385516-8297-41d8-a2be-d4eb3ecae422" testId="3947765f-43ab-cae7-edae-7924657957aa" testName="WitchCityRope.Infrastructure.Tests.Data.MigrationTests.Should_Apply_All_Migrations_Successfully" computerName="Unbutu-Ai-Chads-PC" duration="00:00:00.1766296" startTime="2025-09-12T14:37:38.8117228-04:00" endTime="2025-09-12T14:37:38.9874822-04:00" testType="13cdc9d9-ddb5-4fa4-a97d-d965ccfc6d4b" outcome="Failed" testListId="8c84fa94-04c1-424b-9868-57a2d4851a1d" relativeResultsDirectory="4f385516-8297-41d8-a2be-d4eb3ecae422">
      <Output>
        <ErrorInfo>
          <Message>System.InvalidOperationException : An error was generated for warning 'Microsoft.EntityFrameworkCore.Migrations.PendingModelChangesWarning': The model for context 'WitchCityRopeDbContext' has pending changes. Add a new migration before updating the database. See https://aka.ms/efcore-docs-pending-changes. This exception can be suppressed or logged by passing event ID 'RelationalEventId.PendingModelChangesWarning' to the 'ConfigureWarnings' method in 'DbContext.OnConfiguring' or 'AddDbContext'.</Message>
          <StackTrace>   at Microsoft.EntityFrameworkCore.Diagnostics.EventDefinition`1.Log[TLoggerCategory](IDiagnosticsLogger`1 logger, TParam arg)
   at Microsoft.EntityFrameworkCore.Diagnostics.RelationalLoggerExtensions.PendingModelChangesWarning(IDiagnosticsLogger`1 diagnostics, Type contextType)
   at Microsoft.EntityFrameworkCore.Migrations.Internal.Migrator.ValidateMigrations(Boolean useTransaction, String targetMigration)
   at Microsoft.EntityFrameworkCore.Migrations.Internal.Migrator.MigrateAsync(String targetMigration, CancellationToken cancellationToken)
   at Npgsql.EntityFrameworkCore.PostgreSQL.Migrations.Internal.NpgsqlMigrator.MigrateAsync(String targetMigration, CancellationToken cancellationToken)
   at WitchCityRope.Infrastructure.Tests.Data.MigrationTests.Should_Apply_All_Migrations_Successfully() in /home/chad/repos/witchcityrope-react/tests/WitchCityRope.Infrastructure.Tests/Data/MigrationTests.cs:line 31
--- End of stack trace from previous location ---</StackTrace>
        </ErrorInfo>
      </Output>
    </UnitTestResult>
    <UnitTestResult executionId="0e0951da-12b2-4a65-9d8a-8efd2fd660ad" testId="7e276b69-25a2-1e91-d250-12381a8ea181" testName="WitchCityRope.Infrastructure.Tests.Data.ConcurrencyTests.Should_Handle_Deadlock_Scenario" computerName="Unbutu-Ai-Chads-PC" duration="00:00:00.2805189" startTime="2025-09-12T14:37:36.3888705-04:00" endTime="2025-09-12T14:37:37.5374180-04:00" testType="13cdc9d9-ddb5-4fa4-a97d-d965ccfc6d4b" outcome="Failed" testListId="8c84fa94-04c1-424b-9868-57a2d4851a1d" relativeResultsDirectory="0e0951da-12b2-4a65-9d8a-8efd2fd660ad">
      <Output>
        <ErrorInfo>
          <Message>System.InvalidOperationException : An error was generated for warning 'Microsoft.EntityFrameworkCore.Database.Transaction.TransactionIgnoredWarning': Transactions are not supported by the in-memory store. See https://go.microsoft.com/fwlink/?LinkId=800142 This exception can be suppressed or logged by passing event ID 'InMemoryEventId.TransactionIgnoredWarning' to the 'ConfigureWarnings' method in 'DbContext.OnConfiguring' or 'AddDbContext'.</Message>
          <StackTrace>   at Microsoft.EntityFrameworkCore.Diagnostics.EventDefinition.Log[TLoggerCategory](IDiagnosticsLogger`1 logger, Exception exception)
   at Microsoft.EntityFrameworkCore.InMemory.Internal.InMemoryLoggerExtensions.TransactionIgnoredWarning(IDiagnosticsLogger`1 diagnostics)
   at Microsoft.EntityFrameworkCore.InMemory.Storage.Internal.InMemoryTransactionManager.BeginTransactionAsync(CancellationToken cancellationToken)
   at Microsoft.EntityFrameworkCore.Infrastructure.DatabaseFacade.BeginTransactionAsync(CancellationToken cancellationToken)
   at WitchCityRope.Infrastructure.Tests.Data.ConcurrencyTests.&lt;&gt;c__DisplayClass5_0.&lt;&lt;Should_Handle_Deadlock_Scenario&gt;b__0&gt;d.MoveNext() in /home/chad/repos/witchcityrope-react/tests/WitchCityRope.Infrastructure.Tests/Data/ConcurrencyTests.cs:line 332
--- End of stack trace from previous location ---
   at WitchCityRope.Infrastructure.Tests.Data.ConcurrencyTests.Should_Handle_Deadlock_Scenario() in /home/chad/repos/witchcityrope-react/tests/WitchCityRope.Infrastructure.Tests/Data/ConcurrencyTests.cs:line 389
--- End of stack trace from previous location ---</StackTrace>
        </ErrorInfo>
      </Output>
    </UnitTestResult>
    <UnitTestResult executionId="2e3463ab-ea71-446e-a68e-cfb905755be9" testId="591200bf-8c10-cbe7-b292-ba438a5b1619" testName="WitchCityRope.Infrastructure.Tests.Data.EntityConfigurationTests.IncidentReport_Should_Support_Anonymous_Reports" computerName="Unbutu-Ai-Chads-PC" duration="00:00:00.0514600" startTime="2025-09-12T14:37:37.6384290-04:00" endTime="2025-09-12T14:37:37.7369995-04:00" testType="13cdc9d9-ddb5-4fa4-a97d-d965ccfc6d4b" outcome="Failed" testListId="8c84fa94-04c1-424b-9868-57a2d4851a1d" relativeResultsDirectory="2e3463ab-ea71-446e-a68e-cfb905755be9">
      <Output>
        <ErrorInfo>
          <Message>Microsoft.EntityFrameworkCore.DbUpdateException : An error occurred while saving the entity changes. See the inner exception for details.
---- Microsoft.Data.Sqlite.SqliteException : SQLite Error 19: 'NOT NULL constraint failed: IncidentReports.ResolutionNotes'.</Message>
          <StackTrace>   at Microsoft.EntityFrameworkCore.Update.ReaderModificationCommandBatch.ExecuteAsync(IRelationalConnection connection, CancellationToken cancellationToken)
   at Microsoft.EntityFrameworkCore.Update.Internal.BatchExecutor.ExecuteAsync(IEnumerable`1 commandBatches, IRelationalConnection connection, CancellationToken cancellationToken)
   at Microsoft.EntityFrameworkCore.Update.Internal.BatchExecutor.ExecuteAsync(IEnumerable`1 commandBatches, IRelationalConnection connection, CancellationToken cancellationToken)
   at Microsoft.EntityFrameworkCore.Update.Internal.BatchExecutor.ExecuteAsync(IEnumerable`1 commandBatches, IRelationalConnection connection, CancellationToken cancellationToken)
   at Microsoft.EntityFrameworkCore.Storage.RelationalDatabase.SaveChangesAsync(IList`1 entries, CancellationToken cancellationToken)
   at Microsoft.EntityFrameworkCore.ChangeTracking.Internal.StateManager.SaveChangesAsync(IList`1 entriesToSave, CancellationToken cancellationToken)
   at Microsoft.EntityFrameworkCore.ChangeTracking.Internal.StateManager.SaveChangesAsync(StateManager stateManager, Boolean acceptAllChangesOnSuccess, CancellationToken cancellationToken)
   at Microsoft.EntityFrameworkCore.DbContext.SaveChangesAsync(Boolean acceptAllChangesOnSuccess, CancellationToken cancellationToken)
   at Microsoft.EntityFrameworkCore.DbContext.SaveChangesAsync(Boolean acceptAllChangesOnSuccess, CancellationToken cancellationToken)
   at WitchCityRope.Infrastructure.Data.WitchCityRopeDbContext.SaveChangesAsync(CancellationToken cancellationToken) in /home/chad/repos/witchcityrope-react/src/WitchCityRope.Infrastructure/Data/WitchCityRopeDbContext.cs:line 58
   at WitchCityRope.Infrastructure.Tests.Data.EntityConfigurationTests.IncidentReport_Should_Support_Anonymous_Reports() in /home/chad/repos/witchcityrope-react/tests/WitchCityRope.Infrastructure.Tests/Data/EntityConfigurationTests.cs:line 187
--- End of stack trace from previous location ---
----- Inner Stack Trace -----
   at Microsoft.Data.Sqlite.SqliteException.ThrowExceptionForRC(Int32 rc, sqlite3 db)
   at Microsoft.Data.Sqlite.SqliteDataReader.NextResult()
   at Microsoft.Data.Sqlite.SqliteCommand.ExecuteReader(CommandBehavior behavior)
   at Microsoft.Data.Sqlite.SqliteCommand.ExecuteReaderAsync(CommandBehavior behavior, CancellationToken cancellationToken)
   at Microsoft.Data.Sqlite.SqliteCommand.ExecuteDbDataReaderAsync(CommandBehavior behavior, CancellationToken cancellationToken)
   at Microsoft.EntityFrameworkCore.Storage.RelationalCommand.ExecuteReaderAsync(RelationalCommandParameterObject parameterObject, CancellationToken cancellationToken)
   at Microsoft.EntityFrameworkCore.Storage.RelationalCommand.ExecuteReaderAsync(RelationalCommandParameterObject parameterObject, CancellationToken cancellationToken)
   at Microsoft.EntityFrameworkCore.Update.ReaderModificationCommandBatch.ExecuteAsync(IRelationalConnection connection, CancellationToken cancellationToken)</StackTrace>
        </ErrorInfo>
      </Output>
    </UnitTestResult>
    <UnitTestResult executionId="01c9a718-50a5-48b6-b59b-663440f268f4" testId="2e295478-e22d-9437-5e20-58c9801b1053" testName="WitchCityRope.Infrastructure.Tests.Data.EntityConfigurationTests.VettingApplication_User_Relationship_Should_Be_Configured_Correctly" computerName="Unbutu-Ai-Chads-PC" duration="00:00:00.0042029" startTime="2025-09-12T14:37:37.9323595-04:00" endTime="2025-09-12T14:37:37.9733889-04:00" testType="13cdc9d9-ddb5-4fa4-a97d-d965ccfc6d4b" outcome="Failed" testListId="8c84fa94-04c1-424b-9868-57a2d4851a1d" relativeResultsDirectory="01c9a718-50a5-48b6-b59b-663440f268f4">
      <Output>
        <ErrorInfo>
          <Message>Microsoft.EntityFrameworkCore.DbUpdateException : An error occurred while saving the entity changes. See the inner exception for details.
---- Microsoft.Data.Sqlite.SqliteException : SQLite Error 19: 'NOT NULL constraint failed: VettingApplications.ExperienceDescription'.</Message>
          <StackTrace>   at Microsoft.EntityFrameworkCore.Update.ReaderModificationCommandBatch.ExecuteAsync(IRelationalConnection connection, CancellationToken cancellationToken)
   at Microsoft.EntityFrameworkCore.Update.Internal.BatchExecutor.ExecuteAsync(IEnumerable`1 commandBatches, IRelationalConnection connection, CancellationToken cancellationToken)
   at Microsoft.EntityFrameworkCore.Update.Internal.BatchExecutor.ExecuteAsync(IEnumerable`1 commandBatches, IRelationalConnection connection, CancellationToken cancellationToken)
   at Microsoft.EntityFrameworkCore.Update.Internal.BatchExecutor.ExecuteAsync(IEnumerable`1 commandBatches, IRelationalConnection connection, CancellationToken cancellationToken)
   at Microsoft.EntityFrameworkCore.Storage.RelationalDatabase.SaveChangesAsync(IList`1 entries, CancellationToken cancellationToken)
   at Microsoft.EntityFrameworkCore.ChangeTracking.Internal.StateManager.SaveChangesAsync(IList`1 entriesToSave, CancellationToken cancellationToken)
   at Microsoft.EntityFrameworkCore.ChangeTracking.Internal.StateManager.SaveChangesAsync(StateManager stateManager, Boolean acceptAllChangesOnSuccess, CancellationToken cancellationToken)
   at Microsoft.EntityFrameworkCore.DbContext.SaveChangesAsync(Boolean acceptAllChangesOnSuccess, CancellationToken cancellationToken)
   at Microsoft.EntityFrameworkCore.DbContext.SaveChangesAsync(Boolean acceptAllChangesOnSuccess, CancellationToken cancellationToken)
   at WitchCityRope.Infrastructure.Data.WitchCityRopeDbContext.SaveChangesAsync(CancellationToken cancellationToken) in /home/chad/repos/witchcityrope-react/src/WitchCityRope.Infrastructure/Data/WitchCityRopeDbContext.cs:line 58
   at WitchCityRope.Infrastructure.Tests.Data.EntityConfigurationTests.VettingApplication_User_Relationship_Should_Be_Configured_Correctly() in /home/chad/repos/witchcityrope-react/tests/WitchCityRope.Infrastructure.Tests/Data/EntityConfigurationTests.cs:line 143
--- End of stack trace from previous location ---
----- Inner Stack Trace -----
   at Microsoft.Data.Sqlite.SqliteException.ThrowExceptionForRC(Int32 rc, sqlite3 db)
   at Microsoft.Data.Sqlite.SqliteDataReader.NextResult()
   at Microsoft.Data.Sqlite.SqliteCommand.ExecuteReader(CommandBehavior behavior)
   at Microsoft.Data.Sqlite.SqliteCommand.ExecuteReaderAsync(CommandBehavior behavior, CancellationToken cancellationToken)
   at Microsoft.Data.Sqlite.SqliteCommand.ExecuteDbDataReaderAsync(CommandBehavior behavior, CancellationToken cancellationToken)
   at Microsoft.EntityFrameworkCore.Storage.RelationalCommand.ExecuteReaderAsync(RelationalCommandParameterObject parameterObject, CancellationToken cancellationToken)
   at Microsoft.EntityFrameworkCore.Storage.RelationalCommand.ExecuteReaderAsync(RelationalCommandParameterObject parameterObject, CancellationToken cancellationToken)
   at Microsoft.EntityFrameworkCore.Update.ReaderModificationCommandBatch.ExecuteAsync(IRelationalConnection connection, CancellationToken cancellationToken)</StackTrace>
        </ErrorInfo>
      </Output>
    </UnitTestResult>
    <UnitTestResult executionId="b496ba28-861f-48ec-8118-619b2160b83f" testId="0c01b91e-1f31-c944-fe79-657241846334" testName="WitchCityRope.Infrastructure.Tests.Data.MigrationTests.Should_Create_Correct_Foreign_Keys" computerName="Unbutu-Ai-Chads-PC" duration="00:00:00.6315282" startTime="2025-09-12T14:37:38.1787848-04:00" endTime="2025-09-12T14:37:38.8102916-04:00" testType="13cdc9d9-ddb5-4fa4-a97d-d965ccfc6d4b" outcome="Failed" testListId="8c84fa94-04c1-424b-9868-57a2d4851a1d" relativeResultsDirectory="b496ba28-861f-48ec-8118-619b2160b83f">
      <Output>
        <ErrorInfo>
          <Message>System.InvalidOperationException : An error was generated for warning 'Microsoft.EntityFrameworkCore.Migrations.PendingModelChangesWarning': The model for context 'WitchCityRopeDbContext' has pending changes. Add a new migration before updating the database. See https://aka.ms/efcore-docs-pending-changes. This exception can be suppressed or logged by passing event ID 'RelationalEventId.PendingModelChangesWarning' to the 'ConfigureWarnings' method in 'DbContext.OnConfiguring' or 'AddDbContext'.</Message>
          <StackTrace>   at Microsoft.EntityFrameworkCore.Diagnostics.EventDefinition`1.Log[TLoggerCategory](IDiagnosticsLogger`1 logger, TParam arg)
   at Microsoft.EntityFrameworkCore.Diagnostics.RelationalLoggerExtensions.PendingModelChangesWarning(IDiagnosticsLogger`1 diagnostics, Type contextType)
   at Microsoft.EntityFrameworkCore.Migrations.Internal.Migrator.ValidateMigrations(Boolean useTransaction, String targetMigration)
   at Microsoft.EntityFrameworkCore.Migrations.Internal.Migrator.MigrateAsync(String targetMigration, CancellationToken cancellationToken)
   at Npgsql.EntityFrameworkCore.PostgreSQL.Migrations.Internal.NpgsqlMigrator.MigrateAsync(String targetMigration, CancellationToken cancellationToken)
   at WitchCityRope.Infrastructure.Tests.Data.MigrationTests.Should_Create_Correct_Foreign_Keys() in /home/chad/repos/witchcityrope-react/tests/WitchCityRope.Infrastructure.Tests/Data/MigrationTests.cs:line 110
--- End of stack trace from previous location ---</StackTrace>
        </ErrorInfo>
      </Output>
    </UnitTestResult>
    <UnitTestResult executionId="30f1b150-a711-4a17-b2ef-9ece39819e0f" testId="5b0a3d64-a64f-8568-d161-26c211e26ebb" testName="WitchCityRope.Infrastructure.Tests.Data.ConcurrencyTests.Should_Handle_Concurrent_Event_Registration" computerName="Unbutu-Ai-Chads-PC" duration="00:00:00.0354729" startTime="2025-09-12T14:37:38.0171661-04:00" endTime="2025-09-12T14:37:38.1031424-04:00" testType="13cdc9d9-ddb5-4fa4-a97d-d965ccfc6d4b" outcome="Failed" testListId="8c84fa94-04c1-424b-9868-57a2d4851a1d" relativeResultsDirectory="30f1b150-a711-4a17-b2ef-9ece39819e0f">
      <Output>
        <ErrorInfo>
          <Message>System.InvalidOperationException : Sequence contains no elements</Message>
          <StackTrace>   at System.Linq.ThrowHelper.ThrowNoElementsException()
   at lambda_method2598(Closure)
   at Microsoft.EntityFrameworkCore.InMemory.Query.Internal.InMemoryQueryExpression.ResultEnumerable.GetEnumerator()
   at Microsoft.EntityFrameworkCore.InMemory.Query.Internal.InMemoryShapedQueryCompilingExpressionVisitor.QueryingEnumerable`1.Enumerator.MoveNextHelper()
   at Microsoft.EntityFrameworkCore.InMemory.Query.Internal.InMemoryShapedQueryCompilingExpressionVisitor.QueryingEnumerable`1.Enumerator.MoveNextAsync()
   at Microsoft.EntityFrameworkCore.Query.ShapedQueryCompilingExpressionVisitor.SingleAsync[TSource](IAsyncEnumerable`1 asyncEnumerable, CancellationToken cancellationToken)
   at Microsoft.EntityFrameworkCore.Query.ShapedQueryCompilingExpressionVisitor.SingleAsync[TSource](IAsyncEnumerable`1 asyncEnumerable, CancellationToken cancellationToken)
   at WitchCityRope.Infrastructure.Tests.Data.ConcurrencyTests.&lt;&gt;c__DisplayClass1_1.&lt;&lt;Should_Handle_Concurrent_Event_Registration&gt;b__1&gt;d.MoveNext() in /home/chad/repos/witchcityrope-react/tests/WitchCityRope.Infrastructure.Tests/Data/ConcurrencyTests.cs:line 72
--- End of stack trace from previous location ---
   at WitchCityRope.Infrastructure.Tests.Data.ConcurrencyTests.Should_Handle_Concurrent_Event_Registration() in /home/chad/repos/witchcityrope-react/tests/WitchCityRope.Infrastructure.Tests/Data/ConcurrencyTests.cs:line 107
--- End of stack trace from previous location ---</StackTrace>
        </ErrorInfo>
      </Output>
    </UnitTestResult>
    <UnitTestResult executionId="0f25472b-5431-4df9-8e48-28b6005d0353" testId="1ae5ff30-1a08-cfcb-e755-65a04829e2b4" testName="WitchCityRope.Infrastructure.Tests.Email.EmailServiceTests.SendCancellationConfirmationAsync_Should_Include_Refund_When_Provided" computerName="Unbutu-Ai-Chads-PC" duration="00:00:00.0415914" startTime="2025-09-12T14:37:36.4912144-04:00" endTime="2025-09-12T14:37:36.5330542-04:00" testType="13cdc9d9-ddb5-4fa4-a97d-d965ccfc6d4b" outcome="Failed" testListId="8c84fa94-04c1-424b-9868-57a2d4851a1d" relativeResultsDirectory="0f25472b-5431-4df9-8e48-28b6005d0353">
      <Output>
        <ErrorInfo>
          <Message>Expected result to be True, but found False.</Message>
          <StackTrace>   at FluentAssertions.Execution.LateBoundTestFramework.Throw(String message)
   at FluentAssertions.Execution.DefaultAssertionStrategy.HandleFailure(String message)
   at FluentAssertions.Execution.AssertionScope.AddPreFormattedFailure(String formattedFailureMessage)
   at FluentAssertions.Execution.AssertionChain.FailWith(Func`1 getFailureReason)
   at FluentAssertions.Execution.AssertionChain.FailWith(Func`1 getFailureReason)
   at FluentAssertions.Execution.AssertionChain.FailWith(String message, Object[] args)
   at FluentAssertions.Primitives.BooleanAssertions`1.BeTrue(String because, Object[] becauseArgs)
   at WitchCityRope.Infrastructure.Tests.Email.EmailServiceTests.SendCancellationConfirmationAsync_Should_Include_Refund_When_Provided() in /home/chad/repos/witchcityrope-react/tests/WitchCityRope.Infrastructure.Tests/Email/EmailServiceTests.cs:line 318
--- End of stack trace from previous location ---</StackTrace>
        </ErrorInfo>
      </Output>
    </UnitTestResult>
    <UnitTestResult executionId="9ec0ba09-ae17-4c2b-9ae8-3094dcdc8d7e" testId="e21df2cf-ba0a-8810-7404-ab38bf078339" testName="WitchCityRope.Infrastructure.Tests.Security.JwtTokenServiceTests.GetUserIdFromToken_Should_Return_UserId_For_Valid_Token" computerName="Unbutu-Ai-Chads-PC" duration="00:00:00.0010000" startTime="2025-09-12T14:37:36.4457535-04:00" endTime="2025-09-12T14:37:36.4458070-04:00" testType="13cdc9d9-ddb5-4fa4-a97d-d965ccfc6d4b" outcome="Failed" testListId="8c84fa94-04c1-424b-9868-57a2d4851a1d" relativeResultsDirectory="9ec0ba09-ae17-4c2b-9ae8-3094dcdc8d7e">
      <Output>
        <ErrorInfo>
          <Message>System.InvalidOperationException : JWT secret key not configured</Message>
          <StackTrace>   at WitchCityRope.Infrastructure.Security.JwtTokenService..ctor(IConfiguration configuration) in /home/chad/repos/witchcityrope-react/src/WitchCityRope.Infrastructure/Security/JwtTokenService.cs:line 33
   at WitchCityRope.Infrastructure.Tests.Security.JwtTokenServiceTests..ctor() in /home/chad/repos/witchcityrope-react/tests/WitchCityRope.Infrastructure.Tests/Security/JwtTokenServiceTests.cs:line 35
   at System.RuntimeType.CreateInstanceDefaultCtor(Boolean publicOnly, Boolean wrapExceptions)</StackTrace>
        </ErrorInfo>
      </Output>
    </UnitTestResult>
    <UnitTestResult executionId="dff2c5d2-4e41-4cd3-80c6-a83dc8efea95" testId="a4c6dfe2-8692-442a-7687-11fe74a57291" testName="WitchCityRope.Infrastructure.Tests.PayPal.PayPalServiceTests.GetPaymentStatusAsync_Should_Return_Failed_On_Exception" computerName="Unbutu-Ai-Chads-PC" duration="00:00:00.0031233" startTime="2025-09-12T14:37:36.5379955-04:00" endTime="2025-09-12T14:37:36.5401602-04:00" testType="13cdc9d9-ddb5-4fa4-a97d-d965ccfc6d4b" outcome="Failed" testListId="8c84fa94-04c1-424b-9868-57a2d4851a1d" relativeResultsDirectory="dff2c5d2-4e41-4cd3-80c6-a83dc8efea95">
      <Output>
        <ErrorInfo>
          <Message>Expected status to be PaymentStatus.Failed {value: 3}, but found PaymentStatus.Pending {value: 1}.</Message>
          <StackTrace>   at FluentAssertions.Execution.LateBoundTestFramework.Throw(String message)
   at FluentAssertions.Execution.DefaultAssertionStrategy.HandleFailure(String message)
   at FluentAssertions.Execution.AssertionScope.AddPreFormattedFailure(String formattedFailureMessage)
   at FluentAssertions.Execution.AssertionChain.FailWith(Func`1 getFailureReason)
   at FluentAssertions.Execution.AssertionChain.FailWith(Func`1 getFailureReason)
   at FluentAssertions.Execution.AssertionChain.FailWith(String message, Object[] args)
   at FluentAssertions.Primitives.EnumAssertions`2.Be(TEnum expected, String because, Object[] becauseArgs)
   at WitchCityRope.Infrastructure.Tests.PayPal.PayPalServiceTests.GetPaymentStatusAsync_Should_Return_Failed_On_Exception() in /home/chad/repos/witchcityrope-react/tests/WitchCityRope.Infrastructure.Tests/PayPal/PayPalServiceTests.cs:line 273
--- End of stack trace from previous location ---</StackTrace>
        </ErrorInfo>
      </Output>
    </UnitTestResult>
    <UnitTestResult executionId="1d13f963-5c9e-4c39-ac8c-709092986e3f" testId="c6348b7e-7455-a038-0d62-d669b4fb234b" testName="WitchCityRope.Infrastructure.Tests.Security.EncryptionServiceTests.Constructor_Should_Throw_When_Configuration_Is_Null" computerName="Unbutu-Ai-Chads-PC" duration="00:00:00.0009876" startTime="2025-09-12T14:37:36.4556518-04:00" endTime="2025-09-12T14:37:36.4557196-04:00" testType="13cdc9d9-ddb5-4fa4-a97d-d965ccfc6d4b" outcome="Passed" testListId="8c84fa94-04c1-424b-9868-57a2d4851a1d" relativeResultsDirectory="1d13f963-5c9e-4c39-ac8c-709092986e3f" />
    <UnitTestResult executionId="13a6faa8-4502-4579-9214-497313e7d22c" testId="10d1fa48-3361-6849-5e5d-c459122ca60e" testName="WitchCityRope.Infrastructure.Tests.PayPal.PayPalServiceTests.ProcessRefundAsync_Should_Handle_Exceptions" computerName="Unbutu-Ai-Chads-PC" duration="00:00:00.0010611" startTime="2025-09-12T14:37:36.5348776-04:00" endTime="2025-09-12T14:37:36.5360939-04:00" testType="13cdc9d9-ddb5-4fa4-a97d-d965ccfc6d4b" outcome="Failed" testListId="8c84fa94-04c1-424b-9868-57a2d4851a1d" relativeResultsDirectory="13a6faa8-4502-4579-9214-497313e7d22c">
      <Output>
        <ErrorInfo>
          <Message>System.NullReferenceException : Object reference not set to an instance of an object.</Message>
          <StackTrace>   at WitchCityRope.Infrastructure.PayPal.PayPalService.ProcessRefundAsync(Payment payment, Money refundAmount, String reason) in /home/chad/repos/witchcityrope-react/src/WitchCityRope.Infrastructure/PayPal/PayPalService.cs:line 115
   at WitchCityRope.Infrastructure.Tests.PayPal.PayPalServiceTests.ProcessRefundAsync_Should_Handle_Exceptions() in /home/chad/repos/witchcityrope-react/tests/WitchCityRope.Infrastructure.Tests/PayPal/PayPalServiceTests.cs:line 164
--- End of stack trace from previous location ---</StackTrace>
        </ErrorInfo>
      </Output>
    </UnitTestResult>
    <UnitTestResult executionId="e98d2386-2510-4e31-8ba6-47eefcc0163d" testId="ce5d819c-5ce5-57c8-bafb-b7d7723680d9" testName="WitchCityRope.Infrastructure.Tests.Data.ComplexQueryTests.Should_Handle_Complex_Filtering_And_Sorting" computerName="Unbutu-Ai-Chads-PC" duration="00:00:00.0010000" startTime="2025-09-12T14:37:38.3587685-04:00" endTime="2025-09-12T14:37:38.4781209-04:00" testType="13cdc9d9-ddb5-4fa4-a97d-d965ccfc6d4b" outcome="Failed" testListId="8c84fa94-04c1-424b-9868-57a2d4851a1d" relativeResultsDirectory="e98d2386-2510-4e31-8ba6-47eefcc0163d">
      <Output>
        <ErrorInfo>
          <Message>Microsoft.EntityFrameworkCore.DbUpdateException : An error occurred while saving the entity changes. See the inner exception for details.
---- Microsoft.Data.Sqlite.SqliteException : SQLite Error 19: 'NOT NULL constraint failed: Registrations.DietaryRestrictions'.</Message>
          <StackTrace>   at Microsoft.EntityFrameworkCore.Update.ReaderModificationCommandBatch.ExecuteAsync(IRelationalConnection connection, CancellationToken cancellationToken)
   at Microsoft.EntityFrameworkCore.Update.Internal.BatchExecutor.ExecuteAsync(IEnumerable`1 commandBatches, IRelationalConnection connection, CancellationToken cancellationToken)
   at Microsoft.EntityFrameworkCore.Update.Internal.BatchExecutor.ExecuteAsync(IEnumerable`1 commandBatches, IRelationalConnection connection, CancellationToken cancellationToken)
   at Microsoft.EntityFrameworkCore.Update.Internal.BatchExecutor.ExecuteAsync(IEnumerable`1 commandBatches, IRelationalConnection connection, CancellationToken cancellationToken)
   at Microsoft.EntityFrameworkCore.Storage.RelationalDatabase.SaveChangesAsync(IList`1 entries, CancellationToken cancellationToken)
   at Microsoft.EntityFrameworkCore.ChangeTracking.Internal.StateManager.SaveChangesAsync(IList`1 entriesToSave, CancellationToken cancellationToken)
   at Microsoft.EntityFrameworkCore.ChangeTracking.Internal.StateManager.SaveChangesAsync(StateManager stateManager, Boolean acceptAllChangesOnSuccess, CancellationToken cancellationToken)
   at Microsoft.EntityFrameworkCore.DbContext.SaveChangesAsync(Boolean acceptAllChangesOnSuccess, CancellationToken cancellationToken)
   at Microsoft.EntityFrameworkCore.DbContext.SaveChangesAsync(Boolean acceptAllChangesOnSuccess, CancellationToken cancellationToken)
   at WitchCityRope.Infrastructure.Data.WitchCityRopeDbContext.SaveChangesAsync(CancellationToken cancellationToken) in /home/chad/repos/witchcityrope-react/src/WitchCityRope.Infrastructure/Data/WitchCityRopeDbContext.cs:line 58
   at WitchCityRope.Infrastructure.Tests.Data.ComplexQueryTests.SeedDataAsync() in /home/chad/repos/witchcityrope-react/tests/WitchCityRope.Infrastructure.Tests/Data/ComplexQueryTests.cs:line 63
   at WitchCityRope.Infrastructure.Tests.Fixtures.IntegrationTestBase.InitializeAsync() in /home/chad/repos/witchcityrope-react/tests/WitchCityRope.Infrastructure.Tests/Fixtures/IntegrationTestBase.cs:line 41
----- Inner Stack Trace -----
   at Microsoft.Data.Sqlite.SqliteException.ThrowExceptionForRC(Int32 rc, sqlite3 db)
   at Microsoft.Data.Sqlite.SqliteDataReader.NextResult()
   at Microsoft.Data.Sqlite.SqliteCommand.ExecuteReader(CommandBehavior behavior)
   at Microsoft.Data.Sqlite.SqliteCommand.ExecuteReaderAsync(CommandBehavior behavior, CancellationToken cancellationToken)
   at Microsoft.Data.Sqlite.SqliteCommand.ExecuteDbDataReaderAsync(CommandBehavior behavior, CancellationToken cancellationToken)
   at Microsoft.EntityFrameworkCore.Storage.RelationalCommand.ExecuteReaderAsync(RelationalCommandParameterObject parameterObject, CancellationToken cancellationToken)
   at Microsoft.EntityFrameworkCore.Storage.RelationalCommand.ExecuteReaderAsync(RelationalCommandParameterObject parameterObject, CancellationToken cancellationToken)
   at Microsoft.EntityFrameworkCore.Update.ReaderModificationCommandBatch.ExecuteAsync(IRelationalConnection connection, CancellationToken cancellationToken)</StackTrace>
        </ErrorInfo>
      </Output>
    </UnitTestResult>
    <UnitTestResult executionId="08801e12-7470-41c1-88a4-b769f65e412e" testId="c6f8c170-4767-1292-4e2d-1c9d883e8f1e" testName="WitchCityRope.Infrastructure.Tests.Email.EmailServiceTests.SendTemplateEmailAsync_Should_Send_With_Template_Id" computerName="Unbutu-Ai-Chads-PC" duration="00:00:00.0017298" startTime="2025-09-12T14:37:36.5417431-04:00" endTime="2025-09-12T14:37:36.5421513-04:00" testType="13cdc9d9-ddb5-4fa4-a97d-d965ccfc6d4b" outcome="Failed" testListId="8c84fa94-04c1-424b-9868-57a2d4851a1d" relativeResultsDirectory="08801e12-7470-41c1-88a4-b769f65e412e">
      <Output>
        <ErrorInfo>
          <Message>Expected result to be True, but found False.</Message>
          <StackTrace>   at FluentAssertions.Execution.LateBoundTestFramework.Throw(String message)
   at FluentAssertions.Execution.DefaultAssertionStrategy.HandleFailure(String message)
   at FluentAssertions.Execution.AssertionScope.AddPreFormattedFailure(String formattedFailureMessage)
   at FluentAssertions.Execution.AssertionChain.FailWith(Func`1 getFailureReason)
   at FluentAssertions.Execution.AssertionChain.FailWith(Func`1 getFailureReason)
   at FluentAssertions.Execution.AssertionChain.FailWith(String message, Object[] args)
   at FluentAssertions.Primitives.BooleanAssertions`1.BeTrue(String because, Object[] becauseArgs)
   at WitchCityRope.Infrastructure.Tests.Email.EmailServiceTests.SendTemplateEmailAsync_Should_Send_With_Template_Id() in /home/chad/repos/witchcityrope-react/tests/WitchCityRope.Infrastructure.Tests/Email/EmailServiceTests.cs:line 253
--- End of stack trace from previous location ---</StackTrace>
        </ErrorInfo>
      </Output>
    </UnitTestResult>
    <UnitTestResult executionId="cef83a27-354f-4e32-abec-339b1fbef0b2" testId="d421b930-d649-aa53-9320-f0c3bc7b7be4" testName="WitchCityRope.Infrastructure.Tests.Security.JwtTokenServiceTests.ValidateToken_Should_Return_Null_For_Wrong_Secret" computerName="Unbutu-Ai-Chads-PC" duration="00:00:00.0010000" startTime="2025-09-12T14:37:36.4507763-04:00" endTime="2025-09-12T14:37:36.4508255-04:00" testType="13cdc9d9-ddb5-4fa4-a97d-d965ccfc6d4b" outcome="Failed" testListId="8c84fa94-04c1-424b-9868-57a2d4851a1d" relativeResultsDirectory="cef83a27-354f-4e32-abec-339b1fbef0b2">
      <Output>
        <ErrorInfo>
          <Message>System.InvalidOperationException : JWT secret key not configured</Message>
          <StackTrace>   at WitchCityRope.Infrastructure.Security.JwtTokenService..ctor(IConfiguration configuration) in /home/chad/repos/witchcityrope-react/src/WitchCityRope.Infrastructure/Security/JwtTokenService.cs:line 33
   at WitchCityRope.Infrastructure.Tests.Security.JwtTokenServiceTests..ctor() in /home/chad/repos/witchcityrope-react/tests/WitchCityRope.Infrastructure.Tests/Security/JwtTokenServiceTests.cs:line 35
   at System.RuntimeType.CreateInstanceDefaultCtor(Boolean publicOnly, Boolean wrapExceptions)</StackTrace>
        </ErrorInfo>
      </Output>
    </UnitTestResult>
    <UnitTestResult executionId="eabc4768-6984-48b5-9112-5f6bd547697b" testId="201d5940-7e4c-301c-43c7-cd72598ac0d0" testName="WitchCityRope.Infrastructure.Tests.Data.MigrationTests.Should_Have_Correct_Schema_After_Migration" computerName="Unbutu-Ai-Chads-PC" duration="00:00:00.2403813" startTime="2025-09-12T14:37:39.1882821-04:00" endTime="2025-09-12T14:37:39.4287648-04:00" testType="13cdc9d9-ddb5-4fa4-a97d-d965ccfc6d4b" outcome="Failed" testListId="8c84fa94-04c1-424b-9868-57a2d4851a1d" relativeResultsDirectory="eabc4768-6984-48b5-9112-5f6bd547697b">
      <Output>
        <ErrorInfo>
          <Message>System.InvalidOperationException : An error was generated for warning 'Microsoft.EntityFrameworkCore.Migrations.PendingModelChangesWarning': The model for context 'WitchCityRopeDbContext' has pending changes. Add a new migration before updating the database. See https://aka.ms/efcore-docs-pending-changes. This exception can be suppressed or logged by passing event ID 'RelationalEventId.PendingModelChangesWarning' to the 'ConfigureWarnings' method in 'DbContext.OnConfiguring' or 'AddDbContext'.</Message>
          <StackTrace>   at Microsoft.EntityFrameworkCore.Diagnostics.EventDefinition`1.Log[TLoggerCategory](IDiagnosticsLogger`1 logger, TParam arg)
   at Microsoft.EntityFrameworkCore.Diagnostics.RelationalLoggerExtensions.PendingModelChangesWarning(IDiagnosticsLogger`1 diagnostics, Type contextType)
   at Microsoft.EntityFrameworkCore.Migrations.Internal.Migrator.ValidateMigrations(Boolean useTransaction, String targetMigration)
   at Microsoft.EntityFrameworkCore.Migrations.Internal.Migrator.MigrateAsync(String targetMigration, CancellationToken cancellationToken)
   at Npgsql.EntityFrameworkCore.PostgreSQL.Migrations.Internal.NpgsqlMigrator.MigrateAsync(String targetMigration, CancellationToken cancellationToken)
   at WitchCityRope.Infrastructure.Tests.Data.MigrationTests.Should_Have_Correct_Schema_After_Migration() in /home/chad/repos/witchcityrope-react/tests/WitchCityRope.Infrastructure.Tests/Data/MigrationTests.cs:line 65
--- End of stack trace from previous location ---</StackTrace>
        </ErrorInfo>
      </Output>
    </UnitTestResult>
    <UnitTestResult executionId="11eee1ce-e68c-4a2b-be81-9b071bac713b" testId="62b65325-048b-ed3a-aab7-f63a342cc22e" testName="WitchCityRope.Infrastructure.Tests.Data.ConcurrencyTests.Should_Handle_Concurrent_Vetting_Application_Reviews" computerName="Unbutu-Ai-Chads-PC" duration="00:00:00.0333201" startTime="2025-09-12T14:37:37.9012221-04:00" endTime="2025-09-12T14:37:37.9698631-04:00" testType="13cdc9d9-ddb5-4fa4-a97d-d965ccfc6d4b" outcome="Failed" testListId="8c84fa94-04c1-424b-9868-57a2d4851a1d" relativeResultsDirectory="11eee1ce-e68c-4a2b-be81-9b071bac713b">
      <Output>
        <ErrorInfo>
          <Message>Microsoft.EntityFrameworkCore.DbUpdateException : An error occurred while saving the entity changes. See the inner exception for details.
---- Microsoft.Data.Sqlite.SqliteException : SQLite Error 19: 'NOT NULL constraint failed: VettingApplications.ExperienceDescription'.</Message>
          <StackTrace>   at Microsoft.EntityFrameworkCore.Update.ReaderModificationCommandBatch.ExecuteAsync(IRelationalConnection connection, CancellationToken cancellationToken)
   at Microsoft.EntityFrameworkCore.Update.Internal.BatchExecutor.ExecuteAsync(IEnumerable`1 commandBatches, IRelationalConnection connection, CancellationToken cancellationToken)
   at Microsoft.EntityFrameworkCore.Update.Internal.BatchExecutor.ExecuteAsync(IEnumerable`1 commandBatches, IRelationalConnection connection, CancellationToken cancellationToken)
   at Microsoft.EntityFrameworkCore.Update.Internal.BatchExecutor.ExecuteAsync(IEnumerable`1 commandBatches, IRelationalConnection connection, CancellationToken cancellationToken)
[...]
[xUnit.net 00:00:03.57]            at FluentAssertions.Primitives.BooleanAssertions`1.BeFalse(String because, Object[] becauseArgs)
[xUnit.net 00:00:03.57]         /home/chad/repos/witchcityrope-react/tests/WitchCityRope.Infrastructure.Tests/Data/MigrationTests.cs(138,0): at WitchCityRope.Infrastructure.Tests.Data.MigrationTests.Model_Should_Match_Database_Schema()
[xUnit.net 00:00:03.57]            at System.RuntimeMethodHandle.InvokeMethod(Object target, Void** arguments, Signature sig, Boolean isConstructor)
[xUnit.net 00:00:03.57]            at System.Reflection.MethodBaseInvoker.InvokeWithNoArgs(Object obj, BindingFlags invokeAttr)
[testcontainers.org 00:00:03.38] Delete Docker container 93fe793ee5c1
[xUnit.net 00:00:04.12]   Finished:    WitchCityRope.Infrastructure.Tests
</StdOut>
    </Output>
    <RunInfos>
      <RunInfo computerName="Unbutu-Ai-Chads-PC" outcome="Error" timestamp="2025-09-12T14:37:36.4032960-04:00">
        <Text>[xUnit.net 00:00:00.14]     WitchCityRope.Infrastructure.Tests.Security.JwtTokenServiceTests.Token_Should_Work_With_Default_Configuration [FAIL]</Text>
      </RunInfo>
      <RunInfo computerName="Unbutu-Ai-Chads-PC" outcome="Error" timestamp="2025-09-12T14:37:36.4141998-04:00">
        <Text>[xUnit.net 00:00:00.15]     WitchCityRope.Infrastructure.Tests.Security.JwtTokenServiceTests.ValidateToken_Should_Return_ClaimsPrincipal_For_Valid_Token [FAIL]</Text>
      </RunInfo>
      <RunInfo computerName="Unbutu-Ai-Chads-PC" outcome="Error" timestamp="2025-09-12T14:37:36.4757264-04:00">
        <Text>[xUnit.net 00:00:00.18]     WitchCityRope.Infrastructure.Tests.Security.JwtTokenServiceTests.ValidateToken_Should_Return_Null_For_Expired_Token [FAIL]</Text>
      </RunInfo>
      <RunInfo computerName="Unbutu-Ai-Chads-PC" outcome="Error" timestamp="2025-09-12T14:37:36.4757912-04:00">
        <Text>[xUnit.net 00:00:00.18]     WitchCityRope.Infrastructure.Tests.Security.JwtTokenServiceTests.Constructor_Should_Throw_When_Configuration_Is_Null [FAIL]</Text>
      </RunInfo>
      <RunInfo computerName="Unbutu-Ai-Chads-PC" outcome="Error" timestamp="2025-09-12T14:37:36.4758349-04:00">
        <Text>[xUnit.net 00:00:00.18]     WitchCityRope.Infrastructure.Tests.Security.JwtTokenServiceTests.GenerateRefreshToken_Should_Create_Valid_Base64_String [FAIL]</Text>
      </RunInfo>
      <RunInfo computerName="Unbutu-Ai-Chads-PC" outcome="Error" timestamp="2025-09-12T14:37:36.4758873-04:00">
        <Text>[xUnit.net 00:00:00.18]     WitchCityRope.Infrastructure.Tests.Security.JwtTokenServiceTests.ValidateToken_Should_Throw_For_Null_Token [FAIL]</Text>
      </RunInfo>
      <RunInfo computerName="Unbutu-Ai-Chads-PC" outcome="Error" timestamp="2025-09-12T14:37:36.4759314-04:00">
        <Text>[xUnit.net 00:00:00.18]     WitchCityRope.Infrastructure.Tests.Security.JwtTokenServiceTests.GenerateRefreshToken_Should_Create_Unique_Tokens [FAIL]</Text>
      </RunInfo>
      <RunInfo computerName="Unbutu-Ai-Chads-PC" outcome="Error" timestamp="2025-09-12T14:37:36.4759753-04:00">
        <Text>[xUnit.net 00:00:00.19]     WitchCityRope.Infrastructure.Tests.Security.JwtTokenServiceTests.GenerateToken_Should_Create_Valid_JWT_Token [FAIL]</Text>
      </RunInfo>
      <RunInfo computerName="Unbutu-Ai-Chads-PC" outcome="Error" timestamp="2025-09-12T14:37:36.4760058-04:00">
        <Text>[xUnit.net 00:00:00.19]     WitchCityRope.Infrastructure.Tests.Security.JwtTokenServiceTests.GenerateToken_Should_Throw_For_Null_User [FAIL]</Text>
      </RunInfo>
      <RunInfo computerName="Unbutu-Ai-Chads-PC" outcome="Error" timestamp="2025-09-12T14:37:36.4760410-04:00">
        <Text>[xUnit.net 00:00:00.19]     WitchCityRope.Infrastructure.Tests.Security.JwtTokenServiceTests.GetUserIdFromToken_Should_Return_UserId_For_Valid_Token [FAIL]</Text>
      </RunInfo>
      <RunInfo computerName="Unbutu-Ai-Chads-PC" outcome="Error" timestamp="2025-09-12T14:37:36.4760705-04:00">
        <Text>[xUnit.net 00:00:00.19]     WitchCityRope.Infrastructure.Tests.Security.JwtTokenServiceTests.Constructor_Should_Throw_When_SecretKey_Is_Missing [FAIL]</Text>
      </RunInfo>
      <RunInfo computerName="Unbutu-Ai-Chads-PC" outcome="Error" timestamp="2025-09-12T14:37:36.4779475-04:00">
        <Text>[xUnit.net 00:00:00.19]     WitchCityRope.Infrastructure.Tests.Security.JwtTokenServiceTests.GetUserIdFromToken_Should_Return_Null_For_Invalid_Token [FAIL]</Text>
      </RunInfo>
      <RunInfo computerName="Unbutu-Ai-Chads-PC" outcome="Error" timestamp="2025-09-12T14:37:36.4780270-04:00">
        <Text>[xUnit.net 00:00:00.19]     WitchCityRope.Infrastructure.Tests.Security.JwtTokenServiceTests.ValidateToken_Should_Return_Null_For_Invalid_Token [FAIL]</Text>
      </RunInfo>
      <RunInfo computerName="Unbutu-Ai-Chads-PC" outcome="Error" timestamp="2025-09-12T14:37:36.4780943-04:00">
        <Text>[xUnit.net 00:00:00.19]     WitchCityRope.Infrastructure.Tests.Security.JwtTokenServiceTests.GenerateToken_Should_Include_All_Required_Claims [FAIL]</Text>
      </RunInfo>
      <RunInfo computerName="Unbutu-Ai-Chads-PC" outcome="Error" timestamp="2025-09-12T14:37:36.4781790-04:00">
        <Text>[xUnit.net 00:00:00.19]     WitchCityRope.Infrastructure.Tests.Security.JwtTokenServiceTests.ValidateToken_Should_Return_Null_For_Wrong_Audience [FAIL]</Text>
      </RunInfo>
      <RunInfo computerName="Unbutu-Ai-Chads-PC" outcome="Error" timestamp="2025-09-12T14:37:36.4782438-04:00">
        <Text>[xUnit.net 00:00:00.19]     WitchCityRope.Infrastructure.Tests.Security.JwtTokenServiceTests.ValidateToken_Should_Return_Null_For_Wrong_Issuer [FAIL]</Text>
      </RunInfo>
      <RunInfo computerName="Unbutu-Ai-Chads-PC" outcome="Error" timestamp="2025-09-12T14:37:36.4783352-04:00">
        <Text>[xUnit.net 00:00:00.19]     WitchCityRope.Infrastructure.Tests.Security.JwtTokenServiceTests.GenerateToken_Should_Set_Correct_Issuer_And_Audience [FAIL]</Text>
      </RunInfo>
      <RunInfo computerName="Unbutu-Ai-Chads-PC" outcome="Error" timestamp="2025-09-12T14:37:36.4784050-04:00">
        <Text>[xUnit.net 00:00:00.19]     WitchCityRope.Infrastructure.Tests.Security.JwtTokenServiceTests.ValidateToken_Should_Return_Null_For_Wrong_Secret [FAIL]</Text>
      </RunInfo>
      <RunInfo computerName="Unbutu-Ai-Chads-PC" outcome="Error" timestamp="2025-09-12T14:37:36.4785168-04:00">
        <Text>[xUnit.net 00:00:00.19]     WitchCityRope.Infrastructure.Tests.Security.JwtTokenServiceTests.GenerateToken_Should_Set_Correct_Expiration [FAIL]</Text>
      </RunInfo>
      <RunInfo computerName="Unbutu-Ai-Chads-PC" outcome="Error" timestamp="2025-09-12T14:37:36.4860295-04:00">
        <Text>[xUnit.net 00:00:00.23]     WitchCityRope.Infrastructure.Tests.Email.EmailServiceTests.SendBulkEmailAsync_Should_Send_To_Multiple_Recipients [FAIL]</Text>
      </RunInfo>
      <RunInfo computerName="Unbutu-Ai-Chads-PC" outcome="Error" timestamp="2025-09-12T14:37:36.5334671-04:00">
        <Text>[xUnit.net 00:00:00.27]     WitchCityRope.Infrastructure.Tests.Email.EmailServiceTests.SendCancellationConfirmationAsync_Should_Include_Refund_When_Provided [FAIL]</Text>
      </RunInfo>
      <RunInfo computerName="Unbutu-Ai-Chads-PC" outcome="Error" timestamp="2025-09-12T14:37:36.5353097-04:00">
        <Text>[xUnit.net 00:00:00.28]     WitchCityRope.Infrastructure.Tests.Email.EmailServiceTests.SendEmailAsync_Should_Send_PlainText_Email_When_IsHtml_Is_False [FAIL]</Text>
      </RunInfo>
      <RunInfo computerName="Unbutu-Ai-Chads-PC" outcome="Error" timestamp="2025-09-12T14:37:36.5362727-04:00">
        <Text>[xUnit.net 00:00:00.28]     WitchCityRope.Infrastructure.Tests.PayPal.PayPalServiceTests.ProcessRefundAsync_Should_Handle_Exceptions [FAIL]</Text>
      </RunInfo>
      <RunInfo computerName="Unbutu-Ai-Chads-PC" outcome="Error" timestamp="2025-09-12T14:37:36.5406862-04:00">
        <Text>[xUnit.net 00:00:00.28]     WitchCityRope.Infrastructure.Tests.Email.EmailServiceTests.SendEmailAsync_Should_Send_Email_Successfully [FAIL]</Text>
      </RunInfo>
      <RunInfo computerName="Unbutu-Ai-Chads-PC" outcome="Error" timestamp="2025-09-12T14:37:36.5407922-04:00">
        <Text>[xUnit.net 00:00:00.28]     WitchCityRope.Infrastructure.Tests.PayPal.PayPalServiceTests.GetPaymentStatusAsync_Should_Return_Failed_On_Exception [FAIL]</Text>
      </RunInfo>
      <RunInfo computerName="Unbutu-Ai-Chads-PC" outcome="Error" timestamp="2025-09-12T14:37:36.5411520-04:00">
        <Text>[xUnit.net 00:00:00.28]     WitchCityRope.Infrastructure.Tests.Email.EmailServiceTests.SendVettingStatusUpdateAsync_Should_Include_Notes_When_Provided [FAIL]</Text>
      </RunInfo>
      <RunInfo computerName="Unbutu-Ai-Chads-PC" outcome="Error" timestamp="2025-09-12T14:37:36.5423572-04:00">
        <Text>[xUnit.net 00:00:00.28]     WitchCityRope.Infrastructure.Tests.Email.EmailServiceTests.SendTemplateEmailAsync_Should_Send_With_Template_Id [FAIL]</Text>
      </RunInfo>
      <RunInfo computerName="Unbutu-Ai-Chads-PC" outcome="Error" timestamp="2025-09-12T14:37:36.5435925-04:00">
        <Text>[xUnit.net 00:00:00.28]     WitchCityRope.Infrastructure.Tests.Email.EmailServiceTests.Constructor_Should_Throw_When_SendGridClient_Is_Null [FAIL]</Text>
      </RunInfo>
      <RunInfo computerName="Unbutu-Ai-Chads-PC" outcome="Error" timestamp="2025-09-12T14:37:36.5472398-04:00">
        <Text>[xUnit.net 00:00:00.29]     WitchCityRope.Infrastructure.Tests.Email.EmailServiceTests.SendTemplateEmailAsync_Should_Throw_For_Unknown_Template [FAIL]</Text>
      </RunInfo>
      <RunInfo computerName="Unbutu-Ai-Chads-PC" outcome="Error" timestamp="2025-09-12T14:37:36.5538979-04:00">
        <Text>[xUnit.net 00:00:00.29]     WitchCityRope.Infrastructure.Tests.Email.EmailServiceTests.SendRegistrationConfirmationAsync_Should_Use_Correct_Template [FAIL]</Text>
      </RunInfo>
      <RunInfo computerName="Unbutu-Ai-Chads-PC" outcome="Error" timestamp="2025-09-12T14:37:36.5795215-04:00">
        <Text>[xUnit.net 00:00:00.32]     WitchCityRope.Infrastructure.Tests.PayPal.PayPalServiceTests.ProcessPaymentAsync_Should_Handle_Exceptions [FAIL]</Text>
      </RunInfo>
      <RunInfo computerName="Unbutu-Ai-Chads-PC" outcome="Error" timestamp="2025-09-12T14:37:37.5379566-04:00">
        <Text>[xUnit.net 00:00:01.28]     WitchCityRope.Infrastructure.Tests.Data.ConcurrencyTests.Should_Handle_Deadlock_Scenario [FAIL]</Text>
      </RunInfo>
      <RunInfo computerName="Unbutu-Ai-Chads-PC" outcome="Error" timestamp="2025-09-12T14:37:37.5400988-04:00">
        <Text>[xUnit.net 00:00:01.28]     WitchCityRope.Infrastructure.Tests.Data.ComplexQueryTests.Should_Query_User_Registration_History [FAIL]</Text>
      </RunInfo>
      <RunInfo computerName="Unbutu-Ai-Chads-PC" outcome="Error" timestamp="2025-09-12T14:37:37.6304222-04:00">
        <Text>[xUnit.net 00:00:01.37]     WitchCityRope.Infrastructure.Tests.Data.ConcurrencyTests.Should_Handle_Concurrent_Updates_With_Retry_Logic [FAIL]</Text>
      </RunInfo>
      <RunInfo computerName="Unbutu-Ai-Chads-PC" outcome="Error" timestamp="2025-09-12T14:37:37.6377525-04:00">
        <Text>[xUnit.net 00:00:01.38]     WitchCityRope.Infrastructure.Tests.Data.EntityConfigurationTests.User_Configuration_Should_Store_Value_Objects_Correctly [FAIL]</Text>
      </RunInfo>
      <RunInfo computerName="Unbutu-Ai-Chads-PC" outcome="Error" timestamp="2025-09-12T14:37:37.6386276-04:00">
        <Text>[xUnit.net 00:00:01.38]     WitchCityRope.Infrastructure.Tests.Data.WitchCityRopeDbContextTests.Should_Save_And_Retrieve_User [FAIL]</Text>
      </RunInfo>
      <RunInfo computerName="Unbutu-Ai-Chads-PC" outcome="Error" timestamp="2025-09-12T14:37:37.6735248-04:00">
        <Text>[xUnit.net 00:00:01.41]     WitchCityRope.Infrastructure.Tests.Data.ComplexQueryTests.Should_Use_Compiled_Query_For_Performance [FAIL]</Text>
      </RunInfo>
      <RunInfo computerName="Unbutu-Ai-Chads-PC" outcome="Error" timestamp="2025-09-12T14:37:37.6859175-04:00">
        <Text>[xUnit.net 00:00:01.43]     WitchCityRope.Infrastructure.Tests.Data.ConcurrencyTests.Should_Handle_Concurrent_Payment_Processing [FAIL]</Text>
      </RunInfo>
      <RunInfo computerName="Unbutu-Ai-Chads-PC" outcome="Error" timestamp="2025-09-12T14:37:37.7374243-04:00">
        <Text>[xUnit.net 00:00:01.48]     WitchCityRope.Infrastructure.Tests.Data.EntityConfigurationTests.IncidentReport_Should_Support_Anonymous_Reports [FAIL]</Text>
      </RunInfo>
      <RunInfo computerName="Unbutu-Ai-Chads-PC" outcome="Error" timestamp="2025-09-12T14:37:37.8008894-04:00">
        <Text>[xUnit.net 00:00:01.54]     WitchCityRope.Infrastructure.Tests.Data.EntityConfigurationTests.Event_Registration_Relationship_Should_Be_Configured_Correctly [FAIL]</Text>
      </RunInfo>
      <RunInfo computerName="Unbutu-Ai-Chads-PC" outcome="Error" timestamp="2025-09-12T14:37:37.8056790-04:00">
        <Text>[xUnit.net 00:00:01.55]     WitchCityRope.Infrastructure.Tests.Data.WitchCityRopeDbContextTests.Should_Track_Entity_Changes [FAIL]</Text>
      </RunInfo>
      <RunInfo computerName="Unbutu-Ai-Chads-PC" outcome="Error" timestamp="2025-09-12T14:37:37.8142162-04:00">
        <Text>[xUnit.net 00:00:01.55]     WitchCityRope.Infrastructure.Tests.Data.ComplexQueryTests.Should_Query_Event_Statistics [FAIL]</Text>
      </RunInfo>
      <RunInfo computerName="Unbutu-Ai-Chads-PC" outcome="Error" timestamp="2025-09-12T14:37:37.8529629-04:00">
        <Text>[xUnit.net 00:00:01.59]     WitchCityRope.Infrastructure.Tests.Data.EntityConfigurationTests.Should_Handle_Cascade_Delete_For_Event_Registrations [FAIL]</Text>
      </RunInfo>
      <RunInfo computerName="Unbutu-Ai-Chads-PC" outcome="Error" timestamp="2025-09-12T14:37:37.9303882-04:00">
        <Text>[xUnit.net 00:00:01.67]     WitchCityRope.Infrastructure.Tests.Data.EntityConfigurationTests.Money_ValueObject_Should_Be_Stored_Correctly [FAIL]</Text>
      </RunInfo>
      <RunInfo computerName="Unbutu-Ai-Chads-PC" outcome="Error" timestamp="2025-09-12T14:37:37.9511655-04:00">
        <Text>[xUnit.net 00:00:01.69]     WitchCityRope.Infrastructure.Tests.Data.ComplexQueryTests.Should_Execute_Complex_Join_Query [FAIL]</Text>
      </RunInfo>
      <RunInfo computerName="Unbutu-Ai-Chads-PC" outcome="Error" timestamp="2025-09-12T14:37:37.9701928-04:00">
        <Text>[xUnit.net 00:00:01.71]     WitchCityRope.Infrastructure.Tests.Data.ConcurrencyTests.Should_Handle_Concurrent_Vetting_Application_Reviews [FAIL]</Text>
      </RunInfo>
      <RunInfo computerName="Unbutu-Ai-Chads-PC" outcome="Error" timestamp="2025-09-12T14:37:37.9736665-04:00">
        <Text>[xUnit.net 00:00:01.71]     WitchCityRope.Infrastructure.Tests.Data.EntityConfigurationTests.VettingApplication_User_Relationship_Should_Be_Configured_Correctly [FAIL]</Text>
      </RunInfo>
      <RunInfo computerName="Unbutu-Ai-Chads-PC" outcome="Error" timestamp="2025-09-12T14:37:38.0159693-04:00">
        <Text>[xUnit.net 00:00:01.76]     WitchCityRope.Infrastructure.Tests.Data.ConcurrencyTests.Should_Handle_Optimistic_Concurrency_With_RowVersion [FAIL]</Text>
      </RunInfo>
      <RunInfo computerName="Unbutu-Ai-Chads-PC" outcome="Error" timestamp="2025-09-12T14:37:38.0246398-04:00">
        <Text>[xUnit.net 00:00:01.76]     WitchCityRope.Infrastructure.Tests.Data.EntityConfigurationTests.User_Configuration_Should_Enforce_Unique_Email [FAIL]</Text>
      </RunInfo>
      <RunInfo computerName="Unbutu-Ai-Chads-PC" outcome="Error" timestamp="2025-09-12T14:37:38.0920239-04:00">
        <Text>[xUnit.net 00:00:01.83]     WitchCityRope.Infrastructure.Tests.Data.WitchCityRopeDbContextTests.Should_Apply_Global_Query_Filters_If_Configured [FAIL]</Text>
      </RunInfo>
      <RunInfo computerName="Unbutu-Ai-Chads-PC" outcome="Error" timestamp="2025-09-12T14:37:38.0943680-04:00">
        <Text>[xUnit.net 00:00:01.83]     WitchCityRope.Infrastructure.Tests.Data.ComplexQueryTests.Should_Query_Upcoming_Events_With_Available_Spots [FAIL]</Text>
      </RunInfo>
      <RunInfo computerName="Unbutu-Ai-Chads-PC" outcome="Error" timestamp="2025-09-12T14:37:38.0956810-04:00">
        <Text>[xUnit.net 00:00:01.84]     WitchCityRope.Infrastructure.Tests.Data.EntityConfigurationTests.Payment_Registration_Relationship_Should_Be_Configured_Correctly [FAIL]</Text>
      </RunInfo>
      <RunInfo computerName="Unbutu-Ai-Chads-PC" outcome="Error" timestamp="2025-09-12T14:37:38.1032931-04:00">
        <Text>[xUnit.net 00:00:01.84]     WitchCityRope.Infrastructure.Tests.Data.ConcurrencyTests.Should_Handle_Concurrent_Event_Registration [FAIL]</Text>
      </RunInfo>
      <RunInfo computerName="Unbutu-Ai-Chads-PC" outcome="Error" timestamp="2025-09-12T14:37:38.1881695-04:00">
        <Text>[xUnit.net 00:00:01.93]     WitchCityRope.Infrastructure.Tests.Data.ConcurrencyTests.Should_Handle_Concurrent_Aggregate_Updates [FAIL]</Text>
      </RunInfo>
      <RunInfo computerName="Unbutu-Ai-Chads-PC" outcome="Error" timestamp="2025-09-12T14:37:38.1887988-04:00">
        <Text>[xUnit.net 00:00:01.93]     WitchCityRope.Infrastructure.Tests.Data.WitchCityRopeDbContextTests.Should_Handle_Concurrent_Updates [FAIL]</Text>
      </RunInfo>
      <RunInfo computerName="Unbutu-Ai-Chads-PC" outcome="Error" timestamp="2025-09-12T14:37:38.2361118-04:00">
        <Text>[xUnit.net 00:00:01.98]     WitchCityRope.Infrastructure.Tests.Data.ComplexQueryTests.Should_Execute_Raw_SQL_Query [FAIL]</Text>
      </RunInfo>
      <RunInfo computerName="Unbutu-Ai-Chads-PC" outcome="Error" timestamp="2025-09-12T14:37:38.3557629-04:00">
        <Text>[xUnit.net 00:00:02.10]     WitchCityRope.Infrastructure.Tests.Data.ComplexQueryTests.Should_Handle_Pagination_Correctly [FAIL]</Text>
      </RunInfo>
      <RunInfo computerName="Unbutu-Ai-Chads-PC" outcome="Error" timestamp="2025-09-12T14:37:38.4784399-04:00">
        <Text>[xUnit.net 00:00:02.22]     WitchCityRope.Infrastructure.Tests.Data.ComplexQueryTests.Should_Handle_Complex_Filtering_And_Sorting [FAIL]</Text>
      </RunInfo>
      <RunInfo computerName="Unbutu-Ai-Chads-PC" outcome="Error" timestamp="2025-09-12T14:37:38.8105876-04:00">
        <Text>[xUnit.net 00:00:02.55]     WitchCityRope.Infrastructure.Tests.Data.MigrationTests.Should_Create_Correct_Foreign_Keys [FAIL]</Text>
      </RunInfo>
      <RunInfo computerName="Unbutu-Ai-Chads-PC" outcome="Error" timestamp="2025-09-12T14:37:38.9878054-04:00">
        <Text>[xUnit.net 00:00:02.73]     WitchCityRope.Infrastructure.Tests.Data.MigrationTests.Should_Apply_All_Migrations_Successfully [FAIL]</Text>
      </RunInfo>
      <RunInfo computerName="Unbutu-Ai-Chads-PC" outcome="Error" timestamp="2025-09-12T14:37:39.1879533-04:00">
        <Text>[xUnit.net 00:00:02.93]     WitchCityRope.Infrastructure.Tests.Data.MigrationTests.Should_Handle_Migration_Rollback [FAIL]</Text>
      </RunInfo>
      <RunInfo computerName="Unbutu-Ai-Chads-PC" outcome="Error" timestamp="2025-09-12T14:37:39.4291187-04:00">
        <Text>[xUnit.net 00:00:03.17]     WitchCityRope.Infrastructure.Tests.Data.MigrationTests.Should_Have_Correct_Schema_After_Migration [FAIL]</Text>
      </RunInfo>
      <RunInfo computerName="Unbutu-Ai-Chads-PC" outcome="Error" timestamp="2025-09-12T14:37:39.6235242-04:00">
        <Text>[xUnit.net 00:00:03.36]     WitchCityRope.Infrastructure.Tests.Data.MigrationTests.Should_Create_All_Expected_Tables [FAIL]</Text>
      </RunInfo>
      <RunInfo computerName="Unbutu-Ai-Chads-PC" outcome="Error" timestamp="2025-09-12T14:37:39.7932428-04:00">
        <Text>[xUnit.net 00:00:03.53]     WitchCityRope.Infrastructure.Tests.Data.MigrationTests.Should_Create_Correct_Indexes [FAIL]</Text>
      </RunInfo>
      <RunInfo computerName="Unbutu-Ai-Chads-PC" outcome="Error" timestamp="2025-09-12T14:37:39.8250677-04:00">
        <Text>[xUnit.net 00:00:03.56]     WitchCityRope.Infrastructure.Tests.Data.MigrationTests.Model_Should_Match_Database_Schema [FAIL]</Text>
      </RunInfo>
    </RunInfos>
  </ResultSummary>
</TestRun>