  Determining projects to restore...
/home/chad/repos/witchcityrope/tests/integration/WitchCityRope.IntegrationTests.csproj : warning NU1603: WitchCityRope.IntegrationTests depends on xunit.runner.visualstudio (>= 2.9.3) but xunit.runner.visualstudio 2.9.3 was not found. xunit.runner.visualstudio 3.0.0 was resolved instead.
  All projects are up-to-date for restore.
/home/chad/repos/witchcityrope/tests/integration/WitchCityRope.IntegrationTests.csproj : warning NU1603: WitchCityRope.IntegrationTests depends on xunit.runner.visualstudio (>= 2.9.3) but xunit.runner.visualstudio 2.9.3 was not found. xunit.runner.visualstudio 3.0.0 was resolved instead.
/home/chad/repos/witchcityrope/apps/api/Features/Payments/Validators/ProcessPaymentApiRequestValidator.cs(83,9): warning CS0618: 'DefaultValidatorExtensions.ScalePrecision<T>(IRuleBuilder<T, decimal>, int, int, bool)' is obsolete: 'Please use the PrecisionScale method instead, which takes precision as the first parameter and scale as the second. See https://github.com/FluentValidation/FluentValidation/issues/2030 for further details' [/home/chad/repos/witchcityrope/apps/api/WitchCityRope.Api.csproj]
/home/chad/repos/witchcityrope/apps/api/Features/Authentication/Endpoints/AuthenticationEndpoints.cs(111,57): warning CS8602: Dereference of a possibly null reference. [/home/chad/repos/witchcityrope/apps/api/WitchCityRope.Api.csproj]
/home/chad/repos/witchcityrope/apps/api/Features/Authentication/Endpoints/AuthenticationEndpoints.cs(181,50): warning CS1998: This async method lacks 'await' operators and will run synchronously. Consider using the 'await' operator to await non-blocking API calls, or 'await Task.Run(...)' to do CPU-bound work on a background thread. [/home/chad/repos/witchcityrope/apps/api/WitchCityRope.Api.csproj]
/home/chad/repos/witchcityrope/apps/api/Features/Authentication/Endpoints/AuthenticationEndpoints.cs(486,50): warning CS1998: This async method lacks 'await' operators and will run synchronously. Consider using the 'await' operator to await non-blocking API calls, or 'await Task.Run(...)' to do CPU-bound work on a background thread. [/home/chad/repos/witchcityrope/apps/api/WitchCityRope.Api.csproj]
/home/chad/repos/witchcityrope/apps/api/Features/Participation/Endpoints/ParticipationEndpoints.cs(84,22): warning CS8602: Dereference of a possibly null reference. [/home/chad/repos/witchcityrope/apps/api/WitchCityRope.Api.csproj]
/home/chad/repos/witchcityrope/apps/api/Features/Participation/Endpoints/ParticipationEndpoints.cs(167,22): warning CS8602: Dereference of a possibly null reference. [/home/chad/repos/witchcityrope/apps/api/WitchCityRope.Api.csproj]
/home/chad/repos/witchcityrope/apps/api/Features/Payments/Data/PaymentRefundConfiguration.cs(135,9): warning CS0618: 'RelationalEntityTypeBuilderExtensions.HasCheckConstraint<TEntity>(EntityTypeBuilder<TEntity>, string, string?)' is obsolete: 'Configure this using ToTable(t => t.HasCheckConstraint()) instead.' [/home/chad/repos/witchcityrope/apps/api/WitchCityRope.Api.csproj]
/home/chad/repos/witchcityrope/apps/api/Features/Payments/Data/PaymentRefundConfiguration.cs(139,9): warning CS0618: 'RelationalEntityTypeBuilderExtensions.HasCheckConstraint<TEntity>(EntityTypeBuilder<TEntity>, string, string?)' is obsolete: 'Configure this using ToTable(t => t.HasCheckConstraint()) instead.' [/home/chad/repos/witchcityrope/apps/api/WitchCityRope.Api.csproj]
/home/chad/repos/witchcityrope/apps/api/Features/Payments/Data/PaymentRefundConfiguration.cs(143,9): warning CS0618: 'RelationalEntityTypeBuilderExtensions.HasCheckConstraint<TEntity>(EntityTypeBuilder<TEntity>, string, string?)' is obsolete: 'Configure this using ToTable(t => t.HasCheckConstraint()) instead.' [/home/chad/repos/witchcityrope/apps/api/WitchCityRope.Api.csproj]
/home/chad/repos/witchcityrope/apps/api/Features/Payments/Validators/ProcessPaymentApiRequestValidator.cs(32,9): warning CS0618: 'DefaultValidatorExtensions.ScalePrecision<T>(IRuleBuilder<T, decimal>, int, int, bool)' is obsolete: 'Please use the PrecisionScale method instead, which takes precision as the first parameter and scale as the second. See https://github.com/FluentValidation/FluentValidation/issues/2030 for further details' [/home/chad/repos/witchcityrope/apps/api/WitchCityRope.Api.csproj]
/home/chad/repos/witchcityrope/apps/api/Features/Payments/Data/PaymentAuditLogConfiguration.cs(137,9): warning CS0618: 'RelationalEntityTypeBuilderExtensions.HasCheckConstraint<TEntity>(EntityTypeBuilder<TEntity>, string, string?)' is obsolete: 'Configure this using ToTable(t => t.HasCheckConstraint()) instead.' [/home/chad/repos/witchcityrope/apps/api/WitchCityRope.Api.csproj]
/home/chad/repos/witchcityrope/apps/api/Features/Events/Services/EventService.cs(356,24): warning CS1998: This async method lacks 'await' operators and will run synchronously. Consider using the 'await' operator to await non-blocking API calls, or 'await Task.Run(...)' to do CPU-bound work on a background thread. [/home/chad/repos/witchcityrope/apps/api/WitchCityRope.Api.csproj]
/home/chad/repos/witchcityrope/apps/api/Features/CheckIn/Services/CheckInService.cs(60,21): warning CS8602: Dereference of a possibly null reference. [/home/chad/repos/witchcityrope/apps/api/WitchCityRope.Api.csproj]
/home/chad/repos/witchcityrope/apps/api/Features/CheckIn/Services/CheckInService.cs(101,25): warning CS8601: Possible null reference assignment. [/home/chad/repos/witchcityrope/apps/api/WitchCityRope.Api.csproj]
/home/chad/repos/witchcityrope/apps/api/Features/Payments/Data/PaymentMethodConfiguration.cs(112,9): warning CS0618: 'RelationalEntityTypeBuilderExtensions.HasCheckConstraint<TEntity>(EntityTypeBuilder<TEntity>, string, string?)' is obsolete: 'Configure this using ToTable(t => t.HasCheckConstraint()) instead.' [/home/chad/repos/witchcityrope/apps/api/WitchCityRope.Api.csproj]
/home/chad/repos/witchcityrope/apps/api/Features/Payments/Data/PaymentMethodConfiguration.cs(116,9): warning CS0618: 'RelationalEntityTypeBuilderExtensions.HasCheckConstraint<TEntity>(EntityTypeBuilder<TEntity>, string, string?)' is obsolete: 'Configure this using ToTable(t => t.HasCheckConstraint()) instead.' [/home/chad/repos/witchcityrope/apps/api/WitchCityRope.Api.csproj]
/home/chad/repos/witchcityrope/apps/api/Features/Payments/Data/PaymentMethodConfiguration.cs(120,9): warning CS0618: 'RelationalEntityTypeBuilderExtensions.HasCheckConstraint<TEntity>(EntityTypeBuilder<TEntity>, string, string?)' is obsolete: 'Configure this using ToTable(t => t.HasCheckConstraint()) instead.' [/home/chad/repos/witchcityrope/apps/api/WitchCityRope.Api.csproj]
/home/chad/repos/witchcityrope/apps/api/Features/Payments/Data/PaymentMethodConfiguration.cs(124,9): warning CS0618: 'RelationalEntityTypeBuilderExtensions.HasCheckConstraint<TEntity>(EntityTypeBuilder<TEntity>, string, string?)' is obsolete: 'Configure this using ToTable(t => t.HasCheckConstraint()) instead.' [/home/chad/repos/witchcityrope/apps/api/WitchCityRope.Api.csproj]
/home/chad/repos/witchcityrope/apps/api/Features/Events/Services/EventService.cs(423,24): warning CS1998: This async method lacks 'await' operators and will run synchronously. Consider using the 'await' operator to await non-blocking API calls, or 'await Task.Run(...)' to do CPU-bound work on a background thread. [/home/chad/repos/witchcityrope/apps/api/WitchCityRope.Api.csproj]
/home/chad/repos/witchcityrope/apps/api/Features/Payments/Data/PaymentFailureConfiguration.cs(94,9): warning CS0618: 'RelationalEntityTypeBuilderExtensions.HasCheckConstraint<TEntity>(EntityTypeBuilder<TEntity>, string, string?)' is obsolete: 'Configure this using ToTable(t => t.HasCheckConstraint()) instead.' [/home/chad/repos/witchcityrope/apps/api/WitchCityRope.Api.csproj]
/home/chad/repos/witchcityrope/apps/api/Services/DatabaseInitializationService.cs(249,24): warning CS1998: This async method lacks 'await' operators and will run synchronously. Consider using the 'await' operator to await non-blocking API calls, or 'await Task.Run(...)' to do CPU-bound work on a background thread. [/home/chad/repos/witchcityrope/apps/api/WitchCityRope.Api.csproj]
/home/chad/repos/witchcityrope/apps/api/Features/Events/Services/EventService.cs(577,24): warning CS1998: This async method lacks 'await' operators and will run synchronously. Consider using the 'await' operator to await non-blocking API calls, or 'await Task.Run(...)' to do CPU-bound work on a background thread. [/home/chad/repos/witchcityrope/apps/api/WitchCityRope.Api.csproj]
/home/chad/repos/witchcityrope/apps/api/Features/Payments/Data/PaymentConfiguration.cs(221,9): warning CS0618: 'RelationalEntityTypeBuilderExtensions.HasCheckConstraint<TEntity>(EntityTypeBuilder<TEntity>, string, string?)' is obsolete: 'Configure this using ToTable(t => t.HasCheckConstraint()) instead.' [/home/chad/repos/witchcityrope/apps/api/WitchCityRope.Api.csproj]
/home/chad/repos/witchcityrope/apps/api/Features/Payments/Data/PaymentConfiguration.cs(225,9): warning CS0618: 'RelationalEntityTypeBuilderExtensions.HasCheckConstraint<TEntity>(EntityTypeBuilder<TEntity>, string, string?)' is obsolete: 'Configure this using ToTable(t => t.HasCheckConstraint()) instead.' [/home/chad/repos/witchcityrope/apps/api/WitchCityRope.Api.csproj]
/home/chad/repos/witchcityrope/apps/api/Features/Payments/Data/PaymentConfiguration.cs(229,9): warning CS0618: 'RelationalEntityTypeBuilderExtensions.HasCheckConstraint<TEntity>(EntityTypeBuilder<TEntity>, string, string?)' is obsolete: 'Configure this using ToTable(t => t.HasCheckConstraint()) instead.' [/home/chad/repos/witchcityrope/apps/api/WitchCityRope.Api.csproj]
/home/chad/repos/witchcityrope/apps/api/Features/Payments/Data/PaymentConfiguration.cs(233,9): warning CS0618: 'RelationalEntityTypeBuilderExtensions.HasCheckConstraint<TEntity>(EntityTypeBuilder<TEntity>, string, string?)' is obsolete: 'Configure this using ToTable(t => t.HasCheckConstraint()) instead.' [/home/chad/repos/witchcityrope/apps/api/WitchCityRope.Api.csproj]
/home/chad/repos/witchcityrope/apps/api/Features/Payments/Data/PaymentConfiguration.cs(237,9): warning CS0618: 'RelationalEntityTypeBuilderExtensions.HasCheckConstraint<TEntity>(EntityTypeBuilder<TEntity>, string, string?)' is obsolete: 'Configure this using ToTable(t => t.HasCheckConstraint()) instead.' [/home/chad/repos/witchcityrope/apps/api/WitchCityRope.Api.csproj]
/home/chad/repos/witchcityrope/apps/api/Features/Payments/Data/PaymentConfiguration.cs(241,9): warning CS0618: 'RelationalEntityTypeBuilderExtensions.HasCheckConstraint<TEntity>(EntityTypeBuilder<TEntity>, string, string?)' is obsolete: 'Configure this using ToTable(t => t.HasCheckConstraint()) instead.' [/home/chad/repos/witchcityrope/apps/api/WitchCityRope.Api.csproj]
/home/chad/repos/witchcityrope/apps/api/Features/Payments/Data/PaymentConfiguration.cs(245,9): warning CS0618: 'RelationalEntityTypeBuilderExtensions.HasCheckConstraint<TEntity>(EntityTypeBuilder<TEntity>, string, string?)' is obsolete: 'Configure this using ToTable(t => t.HasCheckConstraint()) instead.' [/home/chad/repos/witchcityrope/apps/api/WitchCityRope.Api.csproj]
/home/chad/repos/witchcityrope/apps/api/Features/CheckIn/Entities/Configuration/OfflineSyncQueueConfiguration.cs(58,9): warning CS0618: 'RelationalEntityTypeBuilderExtensions.HasCheckConstraint<TEntity>(EntityTypeBuilder<TEntity>, string, string?)' is obsolete: 'Configure this using ToTable(t => t.HasCheckConstraint()) instead.' [/home/chad/repos/witchcityrope/apps/api/WitchCityRope.Api.csproj]
/home/chad/repos/witchcityrope/apps/api/Features/CheckIn/Entities/Configuration/OfflineSyncQueueConfiguration.cs(61,9): warning CS0618: 'RelationalEntityTypeBuilderExtensions.HasCheckConstraint<TEntity>(EntityTypeBuilder<TEntity>, string, string?)' is obsolete: 'Configure this using ToTable(t => t.HasCheckConstraint()) instead.' [/home/chad/repos/witchcityrope/apps/api/WitchCityRope.Api.csproj]
/home/chad/repos/witchcityrope/apps/api/Features/CheckIn/Entities/Configuration/OfflineSyncQueueConfiguration.cs(64,9): warning CS0618: 'RelationalEntityTypeBuilderExtensions.HasCheckConstraint<TEntity>(EntityTypeBuilder<TEntity>, string, string?)' is obsolete: 'Configure this using ToTable(t => t.HasCheckConstraint()) instead.' [/home/chad/repos/witchcityrope/apps/api/WitchCityRope.Api.csproj]
/home/chad/repos/witchcityrope/apps/api/Features/CheckIn/Entities/Configuration/OfflineSyncQueueConfiguration.cs(67,9): warning CS0618: 'RelationalEntityTypeBuilderExtensions.HasCheckConstraint<TEntity>(EntityTypeBuilder<TEntity>, string, string?)' is obsolete: 'Configure this using ToTable(t => t.HasCheckConstraint()) instead.' [/home/chad/repos/witchcityrope/apps/api/WitchCityRope.Api.csproj]
/home/chad/repos/witchcityrope/apps/api/Features/Users/Services/UserManagementService.cs(137,21): warning CS8602: Dereference of a possibly null reference. [/home/chad/repos/witchcityrope/apps/api/WitchCityRope.Api.csproj]
/home/chad/repos/witchcityrope/apps/api/Features/Vetting/Entities/Configuration/VettingEmailTemplateConfiguration.cs(103,29): warning CS0618: 'VettingEmailTemplate.Body' is obsolete: 'Use HtmlBody instead. Maintained for backward compatibility.' [/home/chad/repos/witchcityrope/apps/api/WitchCityRope.Api.csproj]
/home/chad/repos/witchcityrope/apps/api/Features/CheckIn/Entities/Configuration/CheckInConfiguration.cs(54,9): warning CS0618: 'RelationalEntityTypeBuilderExtensions.HasCheckConstraint<TEntity>(EntityTypeBuilder<TEntity>, string, string?)' is obsolete: 'Configure this using ToTable(t => t.HasCheckConstraint()) instead.' [/home/chad/repos/witchcityrope/apps/api/WitchCityRope.Api.csproj]
/home/chad/repos/witchcityrope/apps/api/Features/CheckIn/Entities/Configuration/EventAttendeeConfiguration.cs(83,9): warning CS0618: 'RelationalEntityTypeBuilderExtensions.HasCheckConstraint<TEntity>(EntityTypeBuilder<TEntity>, string, string?)' is obsolete: 'Configure this using ToTable(t => t.HasCheckConstraint()) instead.' [/home/chad/repos/witchcityrope/apps/api/WitchCityRope.Api.csproj]
/home/chad/repos/witchcityrope/apps/api/Features/CheckIn/Entities/Configuration/EventAttendeeConfiguration.cs(86,9): warning CS0618: 'RelationalEntityTypeBuilderExtensions.HasCheckConstraint<TEntity>(EntityTypeBuilder<TEntity>, string, string?)' is obsolete: 'Configure this using ToTable(t => t.HasCheckConstraint()) instead.' [/home/chad/repos/witchcityrope/apps/api/WitchCityRope.Api.csproj]
/home/chad/repos/witchcityrope/apps/api/Features/Vetting/Services/VettingAccessControlService.cs(50,55): warning CS8604: Possible null reference argument for parameter 'statusInfo' in 'AccessControlResult VettingAccessControlService.EvaluateRsvpAccess(VettingStatusInfo statusInfo, Guid userId, Guid eventId)'. [/home/chad/repos/witchcityrope/apps/api/WitchCityRope.Api.csproj]
/home/chad/repos/witchcityrope/apps/api/Features/Vetting/Services/VettingAccessControlService.cs(100,65): warning CS8604: Possible null reference argument for parameter 'statusInfo' in 'AccessControlResult VettingAccessControlService.EvaluateTicketPurchaseAccess(VettingStatusInfo statusInfo, Guid userId, Guid eventId)'. [/home/chad/repos/witchcityrope/apps/api/WitchCityRope.Api.csproj]
/home/chad/repos/witchcityrope/apps/api/Features/CheckIn/Entities/Configuration/CheckInAuditLogConfiguration.cs(59,9): warning CS0618: 'RelationalEntityTypeBuilderExtensions.HasCheckConstraint<TEntity>(EntityTypeBuilder<TEntity>, string, string?)' is obsolete: 'Configure this using ToTable(t => t.HasCheckConstraint()) instead.' [/home/chad/repos/witchcityrope/apps/api/WitchCityRope.Api.csproj]
  WitchCityRope.Api -> /home/chad/repos/witchcityrope/apps/api/bin/Debug/net9.0/WitchCityRope.Api.dll
/home/chad/repos/witchcityrope/tests/WitchCityRope.Tests.Common/Performance/ContainerPool.cs(134,56): warning CS8600: Converting null literal or possible null value to non-nullable type. [/home/chad/repos/witchcityrope/tests/WitchCityRope.Tests.Common/WitchCityRope.Tests.Common.csproj]
/home/chad/repos/witchcityrope/tests/WitchCityRope.Tests.Common/Builders/CreateEventRequestBuilder.cs(20,18): warning CS0414: The field 'CreateEventRequestBuilder._isPublished' is assigned but its value is never used [/home/chad/repos/witchcityrope/tests/WitchCityRope.Tests.Common/WitchCityRope.Tests.Common.csproj]
  WitchCityRope.Tests.Common -> /home/chad/repos/witchcityrope/tests/WitchCityRope.Tests.Common/bin/Debug/net9.0/WitchCityRope.Tests.Common.dll
/home/chad/repos/witchcityrope/tests/integration/api/Features/Participation/ParticipationEndpointsAccessControlTests.cs(67,13): error CS0117: 'CreateRSVPRequest' does not contain a definition for 'ParticipantCount' [/home/chad/repos/witchcityrope/tests/integration/WitchCityRope.IntegrationTests.csproj]
/home/chad/repos/witchcityrope/tests/integration/api/Features/Vetting/VettingEndpointsIntegrationTests.cs(66,27): error CS0246: The type or namespace name 'StatusChangeRequest' could not be found (are you missing a using directive or an assembly reference?) [/home/chad/repos/witchcityrope/tests/integration/WitchCityRope.IntegrationTests.csproj]
/home/chad/repos/witchcityrope/tests/integration/api/Features/Participation/ParticipationEndpointsAccessControlTests.cs(88,13): error CS0117: 'CreateRSVPRequest' does not contain a definition for 'ParticipantCount' [/home/chad/repos/witchcityrope/tests/integration/WitchCityRope.IntegrationTests.csproj]
/home/chad/repos/witchcityrope/tests/integration/api/Features/Vetting/VettingEndpointsIntegrationTests.cs(91,27): error CS0246: The type or namespace name 'StatusChangeRequest' could not be found (are you missing a using directive or an assembly reference?) [/home/chad/repos/witchcityrope/tests/integration/WitchCityRope.IntegrationTests.csproj]
/home/chad/repos/witchcityrope/tests/integration/api/Features/Participation/ParticipationEndpointsAccessControlTests.cs(109,13): error CS0117: 'CreateRSVPRequest' does not contain a definition for 'ParticipantCount' [/home/chad/repos/witchcityrope/tests/integration/WitchCityRope.IntegrationTests.csproj]
/home/chad/repos/witchcityrope/tests/integration/IntegrationTestBase.cs(166,35): warning CS1998: This async method lacks 'await' operators and will run synchronously. Consider using the 'await' operator to await non-blocking API calls, or 'await Task.Run(...)' to do CPU-bound work on a background thread. [/home/chad/repos/witchcityrope/tests/integration/WitchCityRope.IntegrationTests.csproj]
/home/chad/repos/witchcityrope/tests/integration/api/Features/Participation/ParticipationEndpointsAccessControlTests.cs(130,13): error CS0117: 'CreateRSVPRequest' does not contain a definition for 'ParticipantCount' [/home/chad/repos/witchcityrope/tests/integration/WitchCityRope.IntegrationTests.csproj]
/home/chad/repos/witchcityrope/tests/integration/api/Features/Vetting/VettingEndpointsIntegrationTests.cs(113,27): error CS0246: The type or namespace name 'StatusChangeRequest' could not be found (are you missing a using directive or an assembly reference?) [/home/chad/repos/witchcityrope/tests/integration/WitchCityRope.IntegrationTests.csproj]
/home/chad/repos/witchcityrope/tests/integration/api/Features/Participation/ParticipationEndpointsAccessControlTests.cs(151,13): error CS0117: 'CreateRSVPRequest' does not contain a definition for 'ParticipantCount' [/home/chad/repos/witchcityrope/tests/integration/WitchCityRope.IntegrationTests.csproj]
/home/chad/repos/witchcityrope/tests/integration/api/Features/Participation/ParticipationEndpointsAccessControlTests.cs(177,13): error CS0117: 'CreateTicketPurchaseRequest' does not contain a definition for 'TicketQuantity' [/home/chad/repos/witchcityrope/tests/integration/WitchCityRope.IntegrationTests.csproj]
/home/chad/repos/witchcityrope/tests/integration/api/Features/Participation/ParticipationEndpointsAccessControlTests.cs(198,13): error CS0117: 'CreateTicketPurchaseRequest' does not contain a definition for 'TicketQuantity' [/home/chad/repos/witchcityrope/tests/integration/WitchCityRope.IntegrationTests.csproj]
/home/chad/repos/witchcityrope/tests/integration/api/Features/Participation/ParticipationEndpointsAccessControlTests.cs(219,13): error CS0117: 'CreateTicketPurchaseRequest' does not contain a definition for 'TicketQuantity' [/home/chad/repos/witchcityrope/tests/integration/WitchCityRope.IntegrationTests.csproj]
/home/chad/repos/witchcityrope/tests/integration/api/Features/Vetting/VettingEndpointsIntegrationTests.cs(132,27): error CS0246: The type or namespace name 'StatusChangeRequest' could not be found (are you missing a using directive or an assembly reference?) [/home/chad/repos/witchcityrope/tests/integration/WitchCityRope.IntegrationTests.csproj]
/home/chad/repos/witchcityrope/tests/integration/api/Features/Vetting/VettingEndpointsIntegrationTests.cs(148,43): error CS1061: 'VettingAuditLog' does not contain a definition for 'CreatedAt' and no accessible extension method 'CreatedAt' accepting a first argument of type 'VettingAuditLog' could be found (are you missing a using directive or an assembly reference?) [/home/chad/repos/witchcityrope/tests/integration/WitchCityRope.IntegrationTests.csproj]
/home/chad/repos/witchcityrope/tests/integration/api/Features/Participation/ParticipationEndpointsAccessControlTests.cs(240,13): error CS0117: 'CreateTicketPurchaseRequest' does not contain a definition for 'TicketQuantity' [/home/chad/repos/witchcityrope/tests/integration/WitchCityRope.IntegrationTests.csproj]
/home/chad/repos/witchcityrope/tests/integration/api/Features/Vetting/VettingEndpointsIntegrationTests.cs(163,27): error CS0246: The type or namespace name 'StatusChangeRequest' could not be found (are you missing a using directive or an assembly reference?) [/home/chad/repos/witchcityrope/tests/integration/WitchCityRope.IntegrationTests.csproj]
/home/chad/repos/witchcityrope/tests/integration/api/Features/Participation/ParticipationEndpointsAccessControlTests.cs(261,13): error CS0117: 'CreateTicketPurchaseRequest' does not contain a definition for 'TicketQuantity' [/home/chad/repos/witchcityrope/tests/integration/WitchCityRope.IntegrationTests.csproj]
/home/chad/repos/witchcityrope/tests/integration/api/Features/Vetting/VettingEndpointsIntegrationTests.cs(192,27): error CS0246: The type or namespace name 'SimpleReasoningRequest' could not be found (are you missing a using directive or an assembly reference?) [/home/chad/repos/witchcityrope/tests/integration/WitchCityRope.IntegrationTests.csproj]
/home/chad/repos/witchcityrope/tests/integration/api/Features/Vetting/VettingEndpointsIntegrationTests.cs(206,31): error CS1061: 'IdentityUserRole<Guid>' does not contain a definition for 'Role' and no accessible extension method 'Role' accepting a first argument of type 'IdentityUserRole<Guid>' could be found (are you missing a using directive or an assembly reference?) [/home/chad/repos/witchcityrope/tests/integration/WitchCityRope.IntegrationTests.csproj]
/home/chad/repos/witchcityrope/tests/integration/api/Features/Participation/ParticipationEndpointsAccessControlTests.cs(310,17): error CS0117: 'VettingApplication' does not contain a definition for 'FirstName' [/home/chad/repos/witchcityrope/tests/integration/WitchCityRope.IntegrationTests.csproj]
/home/chad/repos/witchcityrope/tests/integration/api/Features/Participation/ParticipationEndpointsAccessControlTests.cs(311,17): error CS0117: 'VettingApplication' does not contain a definition for 'LastName' [/home/chad/repos/witchcityrope/tests/integration/WitchCityRope.IntegrationTests.csproj]
/home/chad/repos/witchcityrope/tests/integration/api/Features/Participation/ParticipationEndpointsAccessControlTests.cs(326,40): error CS0103: The name 'EventType' does not exist in the current context [/home/chad/repos/witchcityrope/tests/integration/WitchCityRope.IntegrationTests.csproj]
/home/chad/repos/witchcityrope/tests/integration/api/Features/Participation/ParticipationEndpointsAccessControlTests.cs(326,58): error CS0103: The name 'EventType' does not exist in the current context [/home/chad/repos/witchcityrope/tests/integration/WitchCityRope.IntegrationTests.csproj]
/home/chad/repos/witchcityrope/tests/integration/api/Features/Vetting/VettingEndpointsIntegrationTests.cs(221,27): error CS0246: The type or namespace name 'SimpleReasoningRequest' could not be found (are you missing a using directive or an assembly reference?) [/home/chad/repos/witchcityrope/tests/integration/WitchCityRope.IntegrationTests.csproj]
/home/chad/repos/witchcityrope/tests/integration/api/Features/Vetting/VettingEndpointsIntegrationTests.cs(236,43): error CS1061: 'VettingAuditLog' does not contain a definition for 'CreatedAt' and no accessible extension method 'CreatedAt' accepting a first argument of type 'VettingAuditLog' could be found (are you missing a using directive or an assembly reference?) [/home/chad/repos/witchcityrope/tests/integration/WitchCityRope.IntegrationTests.csproj]
/home/chad/repos/witchcityrope/tests/integration/api/Features/Vetting/VettingEndpointsIntegrationTests.cs(250,27): error CS0246: The type or namespace name 'SimpleReasoningRequest' could not be found (are you missing a using directive or an assembly reference?) [/home/chad/repos/witchcityrope/tests/integration/WitchCityRope.IntegrationTests.csproj]
/home/chad/repos/witchcityrope/tests/integration/api/Features/Vetting/VettingEndpointsIntegrationTests.cs(278,27): error CS0246: The type or namespace name 'SimpleReasoningRequest' could not be found (are you missing a using directive or an assembly reference?) [/home/chad/repos/witchcityrope/tests/integration/WitchCityRope.IntegrationTests.csproj]
/home/chad/repos/witchcityrope/tests/integration/api/Features/Vetting/VettingEndpointsIntegrationTests.cs(298,27): error CS0246: The type or namespace name 'SimpleReasoningRequest' could not be found (are you missing a using directive or an assembly reference?) [/home/chad/repos/witchcityrope/tests/integration/WitchCityRope.IntegrationTests.csproj]
/home/chad/repos/witchcityrope/tests/integration/api/Features/Vetting/VettingEndpointsIntegrationTests.cs(331,27): error CS0246: The type or namespace name 'StatusChangeRequest' could not be found (are you missing a using directive or an assembly reference?) [/home/chad/repos/witchcityrope/tests/integration/WitchCityRope.IntegrationTests.csproj]
/home/chad/repos/witchcityrope/tests/integration/api/Features/Vetting/VettingEndpointsIntegrationTests.cs(350,27): error CS0246: The type or namespace name 'StatusChangeRequest' could not be found (are you missing a using directive or an assembly reference?) [/home/chad/repos/witchcityrope/tests/integration/WitchCityRope.IntegrationTests.csproj]
/home/chad/repos/witchcityrope/tests/integration/api/Features/Vetting/VettingEndpointsIntegrationTests.cs(380,27): error CS0246: The type or namespace name 'StatusChangeRequest' could not be found (are you missing a using directive or an assembly reference?) [/home/chad/repos/witchcityrope/tests/integration/WitchCityRope.IntegrationTests.csproj]
/home/chad/repos/witchcityrope/tests/integration/api/Features/Vetting/VettingEndpointsIntegrationTests.cs(405,27): error CS0246: The type or namespace name 'StatusChangeRequest' could not be found (are you missing a using directive or an assembly reference?) [/home/chad/repos/witchcityrope/tests/integration/WitchCityRope.IntegrationTests.csproj]
/home/chad/repos/witchcityrope/tests/integration/api/Features/Vetting/VettingEndpointsIntegrationTests.cs(431,27): error CS0246: The type or namespace name 'StatusChangeRequest' could not be found (are you missing a using directive or an assembly reference?) [/home/chad/repos/witchcityrope/tests/integration/WitchCityRope.IntegrationTests.csproj]
/home/chad/repos/witchcityrope/tests/integration/api/Features/Vetting/VettingEndpointsIntegrationTests.cs(448,43): error CS1061: 'VettingAuditLog' does not contain a definition for 'CreatedAt' and no accessible extension method 'CreatedAt' accepting a first argument of type 'VettingAuditLog' could be found (are you missing a using directive or an assembly reference?) [/home/chad/repos/witchcityrope/tests/integration/WitchCityRope.IntegrationTests.csproj]
/home/chad/repos/witchcityrope/tests/integration/api/Features/Vetting/VettingEndpointsIntegrationTests.cs(490,13): error CS0117: 'VettingApplication' does not contain a definition for 'FirstName' [/home/chad/repos/witchcityrope/tests/integration/WitchCityRope.IntegrationTests.csproj]
/home/chad/repos/witchcityrope/tests/integration/api/Features/Vetting/VettingEndpointsIntegrationTests.cs(491,13): error CS0117: 'VettingApplication' does not contain a definition for 'LastName' [/home/chad/repos/witchcityrope/tests/integration/WitchCityRope.IntegrationTests.csproj]
/home/chad/repos/witchcityrope/tests/integration/api/Features/Vetting/VettingEndpointsIntegrationTests.cs(535,13): error CS0117: 'VettingApplication' does not contain a definition for 'FirstName' [/home/chad/repos/witchcityrope/tests/integration/WitchCityRope.IntegrationTests.csproj]
/home/chad/repos/witchcityrope/tests/integration/api/Features/Vetting/VettingEndpointsIntegrationTests.cs(536,13): error CS0117: 'VettingApplication' does not contain a definition for 'LastName' [/home/chad/repos/witchcityrope/tests/integration/WitchCityRope.IntegrationTests.csproj]

Build FAILED.

/home/chad/repos/witchcityrope/tests/integration/WitchCityRope.IntegrationTests.csproj : warning NU1603: WitchCityRope.IntegrationTests depends on xunit.runner.visualstudio (>= 2.9.3) but xunit.runner.visualstudio 2.9.3 was not found. xunit.runner.visualstudio 3.0.0 was resolved instead.
/home/chad/repos/witchcityrope/tests/integration/WitchCityRope.IntegrationTests.csproj : warning NU1603: WitchCityRope.IntegrationTests depends on xunit.runner.visualstudio (>= 2.9.3) but xunit.runner.visualstudio 2.9.3 was not found. xunit.runner.visualstudio 3.0.0 was resolved instead.
/home/chad/repos/witchcityrope/apps/api/Features/Payments/Validators/ProcessPaymentApiRequestValidator.cs(83,9): warning CS0618: 'DefaultValidatorExtensions.ScalePrecision<T>(IRuleBuilder<T, decimal>, int, int, bool)' is obsolete: 'Please use the PrecisionScale method instead, which takes precision as the first parameter and scale as the second. See https://github.com/FluentValidation/FluentValidation/issues/2030 for further details' [/home/chad/repos/witchcityrope/apps/api/WitchCityRope.Api.csproj]
/home/chad/repos/witchcityrope/apps/api/Features/Authentication/Endpoints/AuthenticationEndpoints.cs(111,57): warning CS8602: Dereference of a possibly null reference. [/home/chad/repos/witchcityrope/apps/api/WitchCityRope.Api.csproj]
/home/chad/repos/witchcityrope/apps/api/Features/Authentication/Endpoints/AuthenticationEndpoints.cs(181,50): warning CS1998: This async method lacks 'await' operators and will run synchronously. Consider using the 'await' operator to await non-blocking API calls, or 'await Task.Run(...)' to do CPU-bound work on a background thread. [/home/chad/repos/witchcityrope/apps/api/WitchCityRope.Api.csproj]
/home/chad/repos/witchcityrope/apps/api/Features/Authentication/Endpoints/AuthenticationEndpoints.cs(486,50): warning CS1998: This async method lacks 'await' operators and will run synchronously. Consider using the 'await' operator to await non-blocking API calls, or 'await Task.Run(...)' to do CPU-bound work on a background thread. [/home/chad/repos/witchcityrope/apps/api/WitchCityRope.Api.csproj]
/home/chad/repos/witchcityrope/apps/api/Features/Participation/Endpoints/ParticipationEndpoints.cs(84,22): warning CS8602: Dereference of a possibly null reference. [/home/chad/repos/witchcityrope/apps/api/WitchCityRope.Api.csproj]
/home/chad/repos/witchcityrope/apps/api/Features/Participation/Endpoints/ParticipationEndpoints.cs(167,22): warning CS8602: Dereference of a possibly null reference. [/home/chad/repos/witchcityrope/apps/api/WitchCityRope.Api.csproj]
/home/chad/repos/witchcityrope/apps/api/Features/Payments/Data/PaymentRefundConfiguration.cs(135,9): warning CS0618: 'RelationalEntityTypeBuilderExtensions.HasCheckConstraint<TEntity>(EntityTypeBuilder<TEntity>, string, string?)' is obsolete: 'Configure this using ToTable(t => t.HasCheckConstraint()) instead.' [/home/chad/repos/witchcityrope/apps/api/WitchCityRope.Api.csproj]
/home/chad/repos/witchcityrope/apps/api/Features/Payments/Data/PaymentRefundConfiguration.cs(139,9): warning CS0618: 'RelationalEntityTypeBuilderExtensions.HasCheckConstraint<TEntity>(EntityTypeBuilder<TEntity>, string, string?)' is obsolete: 'Configure this using ToTable(t => t.HasCheckConstraint()) instead.' [/home/chad/repos/witchcityrope/apps/api/WitchCityRope.Api.csproj]
/home/chad/repos/witchcityrope/apps/api/Features/Payments/Data/PaymentRefundConfiguration.cs(143,9): warning CS0618: 'RelationalEntityTypeBuilderExtensions.HasCheckConstraint<TEntity>(EntityTypeBuilder<TEntity>, string, string?)' is obsolete: 'Configure this using ToTable(t => t.HasCheckConstraint()) instead.' [/home/chad/repos/witchcityrope/apps/api/WitchCityRope.Api.csproj]
/home/chad/repos/witchcityrope/apps/api/Features/Payments/Validators/ProcessPaymentApiRequestValidator.cs(32,9): warning CS0618: 'DefaultValidatorExtensions.ScalePrecision<T>(IRuleBuilder<T, decimal>, int, int, bool)' is obsolete: 'Please use the PrecisionScale method instead, which takes precision as the first parameter and scale as the second. See https://github.com/FluentValidation/FluentValidation/issues/2030 for further details' [/home/chad/repos/witchcityrope/apps/api/WitchCityRope.Api.csproj]
/home/chad/repos/witchcityrope/apps/api/Features/Payments/Data/PaymentAuditLogConfiguration.cs(137,9): warning CS0618: 'RelationalEntityTypeBuilderExtensions.HasCheckConstraint<TEntity>(EntityTypeBuilder<TEntity>, string, string?)' is obsolete: 'Configure this using ToTable(t => t.HasCheckConstraint()) instead.' [/home/chad/repos/witchcityrope/apps/api/WitchCityRope.Api.csproj]
/home/chad/repos/witchcityrope/apps/api/Features/Events/Services/EventService.cs(356,24): warning CS1998: This async method lacks 'await' operators and will run synchronously. Consider using the 'await' operator to await non-blocking API calls, or 'await Task.Run(...)' to do CPU-bound work on a background thread. [/home/chad/repos/witchcityrope/apps/api/WitchCityRope.Api.csproj]
/home/chad/repos/witchcityrope/apps/api/Features/CheckIn/Services/CheckInService.cs(60,21): warning CS8602: Dereference of a possibly null reference. [/home/chad/repos/witchcityrope/apps/api/WitchCityRope.Api.csproj]
/home/chad/repos/witchcityrope/apps/api/Features/CheckIn/Services/CheckInService.cs(101,25): warning CS8601: Possible null reference assignment. [/home/chad/repos/witchcityrope/apps/api/WitchCityRope.Api.csproj]
/home/chad/repos/witchcityrope/apps/api/Features/Payments/Data/PaymentMethodConfiguration.cs(112,9): warning CS0618: 'RelationalEntityTypeBuilderExtensions.HasCheckConstraint<TEntity>(EntityTypeBuilder<TEntity>, string, string?)' is obsolete: 'Configure this using ToTable(t => t.HasCheckConstraint()) instead.' [/home/chad/repos/witchcityrope/apps/api/WitchCityRope.Api.csproj]
/home/chad/repos/witchcityrope/apps/api/Features/Payments/Data/PaymentMethodConfiguration.cs(116,9): warning CS0618: 'RelationalEntityTypeBuilderExtensions.HasCheckConstraint<TEntity>(EntityTypeBuilder<TEntity>, string, string?)' is obsolete: 'Configure this using ToTable(t => t.HasCheckConstraint()) instead.' [/home/chad/repos/witchcityrope/apps/api/WitchCityRope.Api.csproj]
/home/chad/repos/witchcityrope/apps/api/Features/Payments/Data/PaymentMethodConfiguration.cs(120,9): warning CS0618: 'RelationalEntityTypeBuilderExtensions.HasCheckConstraint<TEntity>(EntityTypeBuilder<TEntity>, string, string?)' is obsolete: 'Configure this using ToTable(t => t.HasCheckConstraint()) instead.' [/home/chad/repos/witchcityrope/apps/api/WitchCityRope.Api.csproj]
/home/chad/repos/witchcityrope/apps/api/Features/Payments/Data/PaymentMethodConfiguration.cs(124,9): warning CS0618: 'RelationalEntityTypeBuilderExtensions.HasCheckConstraint<TEntity>(EntityTypeBuilder<TEntity>, string, string?)' is obsolete: 'Configure this using ToTable(t => t.HasCheckConstraint()) instead.' [/home/chad/repos/witchcityrope/apps/api/WitchCityRope.Api.csproj]
/home/chad/repos/witchcityrope/apps/api/Features/Events/Services/EventService.cs(423,24): warning CS1998: This async method lacks 'await' operators and will run synchronously. Consider using the 'await' operator to await non-blocking API calls, or 'await Task.Run(...)' to do CPU-bound work on a background thread. [/home/chad/repos/witchcityrope/apps/api/WitchCityRope.Api.csproj]
/home/chad/repos/witchcityrope/apps/api/Features/Payments/Data/PaymentFailureConfiguration.cs(94,9): warning CS0618: 'RelationalEntityTypeBuilderExtensions.HasCheckConstraint<TEntity>(EntityTypeBuilder<TEntity>, string, string?)' is obsolete: 'Configure this using ToTable(t => t.HasCheckConstraint()) instead.' [/home/chad/repos/witchcityrope/apps/api/WitchCityRope.Api.csproj]
/home/chad/repos/witchcityrope/apps/api/Services/DatabaseInitializationService.cs(249,24): warning CS1998: This async method lacks 'await' operators and will run synchronously. Consider using the 'await' operator to await non-blocking API calls, or 'await Task.Run(...)' to do CPU-bound work on a background thread. [/home/chad/repos/witchcityrope/apps/api/WitchCityRope.Api.csproj]
/home/chad/repos/witchcityrope/apps/api/Features/Events/Services/EventService.cs(577,24): warning CS1998: This async method lacks 'await' operators and will run synchronously. Consider using the 'await' operator to await non-blocking API calls, or 'await Task.Run(...)' to do CPU-bound work on a background thread. [/home/chad/repos/witchcityrope/apps/api/WitchCityRope.Api.csproj]
/home/chad/repos/witchcityrope/apps/api/Features/Payments/Data/PaymentConfiguration.cs(221,9): warning CS0618: 'RelationalEntityTypeBuilderExtensions.HasCheckConstraint<TEntity>(EntityTypeBuilder<TEntity>, string, string?)' is obsolete: 'Configure this using ToTable(t => t.HasCheckConstraint()) instead.' [/home/chad/repos/witchcityrope/apps/api/WitchCityRope.Api.csproj]
/home/chad/repos/witchcityrope/apps/api/Features/Payments/Data/PaymentConfiguration.cs(225,9): warning CS0618: 'RelationalEntityTypeBuilderExtensions.HasCheckConstraint<TEntity>(EntityTypeBuilder<TEntity>, string, string?)' is obsolete: 'Configure this using ToTable(t => t.HasCheckConstraint()) instead.' [/home/chad/repos/witchcityrope/apps/api/WitchCityRope.Api.csproj]
/home/chad/repos/witchcityrope/apps/api/Features/Payments/Data/PaymentConfiguration.cs(229,9): warning CS0618: 'RelationalEntityTypeBuilderExtensions.HasCheckConstraint<TEntity>(EntityTypeBuilder<TEntity>, string, string?)' is obsolete: 'Configure this using ToTable(t => t.HasCheckConstraint()) instead.' [/home/chad/repos/witchcityrope/apps/api/WitchCityRope.Api.csproj]
/home/chad/repos/witchcityrope/apps/api/Features/Payments/Data/PaymentConfiguration.cs(233,9): warning CS0618: 'RelationalEntityTypeBuilderExtensions.HasCheckConstraint<TEntity>(EntityTypeBuilder<TEntity>, string, string?)' is obsolete: 'Configure this using ToTable(t => t.HasCheckConstraint()) instead.' [/home/chad/repos/witchcityrope/apps/api/WitchCityRope.Api.csproj]
/home/chad/repos/witchcityrope/apps/api/Features/Payments/Data/PaymentConfiguration.cs(237,9): warning CS0618: 'RelationalEntityTypeBuilderExtensions.HasCheckConstraint<TEntity>(EntityTypeBuilder<TEntity>, string, string?)' is obsolete: 'Configure this using ToTable(t => t.HasCheckConstraint()) instead.' [/home/chad/repos/witchcityrope/apps/api/WitchCityRope.Api.csproj]
/home/chad/repos/witchcityrope/apps/api/Features/Payments/Data/PaymentConfiguration.cs(241,9): warning CS0618: 'RelationalEntityTypeBuilderExtensions.HasCheckConstraint<TEntity>(EntityTypeBuilder<TEntity>, string, string?)' is obsolete: 'Configure this using ToTable(t => t.HasCheckConstraint()) instead.' [/home/chad/repos/witchcityrope/apps/api/WitchCityRope.Api.csproj]
/home/chad/repos/witchcityrope/apps/api/Features/Payments/Data/PaymentConfiguration.cs(245,9): warning CS0618: 'RelationalEntityTypeBuilderExtensions.HasCheckConstraint<TEntity>(EntityTypeBuilder<TEntity>, string, string?)' is obsolete: 'Configure this using ToTable(t => t.HasCheckConstraint()) instead.' [/home/chad/repos/witchcityrope/apps/api/WitchCityRope.Api.csproj]
/home/chad/repos/witchcityrope/apps/api/Features/CheckIn/Entities/Configuration/OfflineSyncQueueConfiguration.cs(58,9): warning CS0618: 'RelationalEntityTypeBuilderExtensions.HasCheckConstraint<TEntity>(EntityTypeBuilder<TEntity>, string, string?)' is obsolete: 'Configure this using ToTable(t => t.HasCheckConstraint()) instead.' [/home/chad/repos/witchcityrope/apps/api/WitchCityRope.Api.csproj]
/home/chad/repos/witchcityrope/apps/api/Features/CheckIn/Entities/Configuration/OfflineSyncQueueConfiguration.cs(61,9): warning CS0618: 'RelationalEntityTypeBuilderExtensions.HasCheckConstraint<TEntity>(EntityTypeBuilder<TEntity>, string, string?)' is obsolete: 'Configure this using ToTable(t => t.HasCheckConstraint()) instead.' [/home/chad/repos/witchcityrope/apps/api/WitchCityRope.Api.csproj]
/home/chad/repos/witchcityrope/apps/api/Features/CheckIn/Entities/Configuration/OfflineSyncQueueConfiguration.cs(64,9): warning CS0618: 'RelationalEntityTypeBuilderExtensions.HasCheckConstraint<TEntity>(EntityTypeBuilder<TEntity>, string, string?)' is obsolete: 'Configure this using ToTable(t => t.HasCheckConstraint()) instead.' [/home/chad/repos/witchcityrope/apps/api/WitchCityRope.Api.csproj]
/home/chad/repos/witchcityrope/apps/api/Features/CheckIn/Entities/Configuration/OfflineSyncQueueConfiguration.cs(67,9): warning CS0618: 'RelationalEntityTypeBuilderExtensions.HasCheckConstraint<TEntity>(EntityTypeBuilder<TEntity>, string, string?)' is obsolete: 'Configure this using ToTable(t => t.HasCheckConstraint()) instead.' [/home/chad/repos/witchcityrope/apps/api/WitchCityRope.Api.csproj]
/home/chad/repos/witchcityrope/apps/api/Features/Users/Services/UserManagementService.cs(137,21): warning CS8602: Dereference of a possibly null reference. [/home/chad/repos/witchcityrope/apps/api/WitchCityRope.Api.csproj]
/home/chad/repos/witchcityrope/apps/api/Features/Vetting/Entities/Configuration/VettingEmailTemplateConfiguration.cs(103,29): warning CS0618: 'VettingEmailTemplate.Body' is obsolete: 'Use HtmlBody instead. Maintained for backward compatibility.' [/home/chad/repos/witchcityrope/apps/api/WitchCityRope.Api.csproj]
/home/chad/repos/witchcityrope/apps/api/Features/CheckIn/Entities/Configuration/CheckInConfiguration.cs(54,9): warning CS0618: 'RelationalEntityTypeBuilderExtensions.HasCheckConstraint<TEntity>(EntityTypeBuilder<TEntity>, string, string?)' is obsolete: 'Configure this using ToTable(t => t.HasCheckConstraint()) instead.' [/home/chad/repos/witchcityrope/apps/api/WitchCityRope.Api.csproj]
/home/chad/repos/witchcityrope/apps/api/Features/CheckIn/Entities/Configuration/EventAttendeeConfiguration.cs(83,9): warning CS0618: 'RelationalEntityTypeBuilderExtensions.HasCheckConstraint<TEntity>(EntityTypeBuilder<TEntity>, string, string?)' is obsolete: 'Configure this using ToTable(t => t.HasCheckConstraint()) instead.' [/home/chad/repos/witchcityrope/apps/api/WitchCityRope.Api.csproj]
/home/chad/repos/witchcityrope/apps/api/Features/CheckIn/Entities/Configuration/EventAttendeeConfiguration.cs(86,9): warning CS0618: 'RelationalEntityTypeBuilderExtensions.HasCheckConstraint<TEntity>(EntityTypeBuilder<TEntity>, string, string?)' is obsolete: 'Configure this using ToTable(t => t.HasCheckConstraint()) instead.' [/home/chad/repos/witchcityrope/apps/api/WitchCityRope.Api.csproj]
/home/chad/repos/witchcityrope/apps/api/Features/Vetting/Services/VettingAccessControlService.cs(50,55): warning CS8604: Possible null reference argument for parameter 'statusInfo' in 'AccessControlResult VettingAccessControlService.EvaluateRsvpAccess(VettingStatusInfo statusInfo, Guid userId, Guid eventId)'. [/home/chad/repos/witchcityrope/apps/api/WitchCityRope.Api.csproj]
/home/chad/repos/witchcityrope/apps/api/Features/Vetting/Services/VettingAccessControlService.cs(100,65): warning CS8604: Possible null reference argument for parameter 'statusInfo' in 'AccessControlResult VettingAccessControlService.EvaluateTicketPurchaseAccess(VettingStatusInfo statusInfo, Guid userId, Guid eventId)'. [/home/chad/repos/witchcityrope/apps/api/WitchCityRope.Api.csproj]
/home/chad/repos/witchcityrope/apps/api/Features/CheckIn/Entities/Configuration/CheckInAuditLogConfiguration.cs(59,9): warning CS0618: 'RelationalEntityTypeBuilderExtensions.HasCheckConstraint<TEntity>(EntityTypeBuilder<TEntity>, string, string?)' is obsolete: 'Configure this using ToTable(t => t.HasCheckConstraint()) instead.' [/home/chad/repos/witchcityrope/apps/api/WitchCityRope.Api.csproj]
/home/chad/repos/witchcityrope/tests/WitchCityRope.Tests.Common/Performance/ContainerPool.cs(134,56): warning CS8600: Converting null literal or possible null value to non-nullable type. [/home/chad/repos/witchcityrope/tests/WitchCityRope.Tests.Common/WitchCityRope.Tests.Common.csproj]
/home/chad/repos/witchcityrope/tests/WitchCityRope.Tests.Common/Builders/CreateEventRequestBuilder.cs(20,18): warning CS0414: The field 'CreateEventRequestBuilder._isPublished' is assigned but its value is never used [/home/chad/repos/witchcityrope/tests/WitchCityRope.Tests.Common/WitchCityRope.Tests.Common.csproj]
/home/chad/repos/witchcityrope/tests/integration/IntegrationTestBase.cs(166,35): warning CS1998: This async method lacks 'await' operators and will run synchronously. Consider using the 'await' operator to await non-blocking API calls, or 'await Task.Run(...)' to do CPU-bound work on a background thread. [/home/chad/repos/witchcityrope/tests/integration/WitchCityRope.IntegrationTests.csproj]
/home/chad/repos/witchcityrope/tests/integration/api/Features/Participation/ParticipationEndpointsAccessControlTests.cs(67,13): error CS0117: 'CreateRSVPRequest' does not contain a definition for 'ParticipantCount' [/home/chad/repos/witchcityrope/tests/integration/WitchCityRope.IntegrationTests.csproj]
/home/chad/repos/witchcityrope/tests/integration/api/Features/Vetting/VettingEndpointsIntegrationTests.cs(66,27): error CS0246: The type or namespace name 'StatusChangeRequest' could not be found (are you missing a using directive or an assembly reference?) [/home/chad/repos/witchcityrope/tests/integration/WitchCityRope.IntegrationTests.csproj]
/home/chad/repos/witchcityrope/tests/integration/api/Features/Participation/ParticipationEndpointsAccessControlTests.cs(88,13): error CS0117: 'CreateRSVPRequest' does not contain a definition for 'ParticipantCount' [/home/chad/repos/witchcityrope/tests/integration/WitchCityRope.IntegrationTests.csproj]
/home/chad/repos/witchcityrope/tests/integration/api/Features/Vetting/VettingEndpointsIntegrationTests.cs(91,27): error CS0246: The type or namespace name 'StatusChangeRequest' could not be found (are you missing a using directive or an assembly reference?) [/home/chad/repos/witchcityrope/tests/integration/WitchCityRope.IntegrationTests.csproj]
/home/chad/repos/witchcityrope/tests/integration/api/Features/Participation/ParticipationEndpointsAccessControlTests.cs(109,13): error CS0117: 'CreateRSVPRequest' does not contain a definition for 'ParticipantCount' [/home/chad/repos/witchcityrope/tests/integration/WitchCityRope.IntegrationTests.csproj]
/home/chad/repos/witchcityrope/tests/integration/api/Features/Participation/ParticipationEndpointsAccessControlTests.cs(130,13): error CS0117: 'CreateRSVPRequest' does not contain a definition for 'ParticipantCount' [/home/chad/repos/witchcityrope/tests/integration/WitchCityRope.IntegrationTests.csproj]
/home/chad/repos/witchcityrope/tests/integration/api/Features/Vetting/VettingEndpointsIntegrationTests.cs(113,27): error CS0246: The type or namespace name 'StatusChangeRequest' could not be found (are you missing a using directive or an assembly reference?) [/home/chad/repos/witchcityrope/tests/integration/WitchCityRope.IntegrationTests.csproj]
/home/chad/repos/witchcityrope/tests/integration/api/Features/Participation/ParticipationEndpointsAccessControlTests.cs(151,13): error CS0117: 'CreateRSVPRequest' does not contain a definition for 'ParticipantCount' [/home/chad/repos/witchcityrope/tests/integration/WitchCityRope.IntegrationTests.csproj]
/home/chad/repos/witchcityrope/tests/integration/api/Features/Participation/ParticipationEndpointsAccessControlTests.cs(177,13): error CS0117: 'CreateTicketPurchaseRequest' does not contain a definition for 'TicketQuantity' [/home/chad/repos/witchcityrope/tests/integration/WitchCityRope.IntegrationTests.csproj]
/home/chad/repos/witchcityrope/tests/integration/api/Features/Participation/ParticipationEndpointsAccessControlTests.cs(198,13): error CS0117: 'CreateTicketPurchaseRequest' does not contain a definition for 'TicketQuantity' [/home/chad/repos/witchcityrope/tests/integration/WitchCityRope.IntegrationTests.csproj]
/home/chad/repos/witchcityrope/tests/integration/api/Features/Participation/ParticipationEndpointsAccessControlTests.cs(219,13): error CS0117: 'CreateTicketPurchaseRequest' does not contain a definition for 'TicketQuantity' [/home/chad/repos/witchcityrope/tests/integration/WitchCityRope.IntegrationTests.csproj]
/home/chad/repos/witchcityrope/tests/integration/api/Features/Vetting/VettingEndpointsIntegrationTests.cs(132,27): error CS0246: The type or namespace name 'StatusChangeRequest' could not be found (are you missing a using directive or an assembly reference?) [/home/chad/repos/witchcityrope/tests/integration/WitchCityRope.IntegrationTests.csproj]
/home/chad/repos/witchcityrope/tests/integration/api/Features/Vetting/VettingEndpointsIntegrationTests.cs(148,43): error CS1061: 'VettingAuditLog' does not contain a definition for 'CreatedAt' and no accessible extension method 'CreatedAt' accepting a first argument of type 'VettingAuditLog' could be found (are you missing a using directive or an assembly reference?) [/home/chad/repos/witchcityrope/tests/integration/WitchCityRope.IntegrationTests.csproj]
/home/chad/repos/witchcityrope/tests/integration/api/Features/Participation/ParticipationEndpointsAccessControlTests.cs(240,13): error CS0117: 'CreateTicketPurchaseRequest' does not contain a definition for 'TicketQuantity' [/home/chad/repos/witchcityrope/tests/integration/WitchCityRope.IntegrationTests.csproj]
/home/chad/repos/witchcityrope/tests/integration/api/Features/Vetting/VettingEndpointsIntegrationTests.cs(163,27): error CS0246: The type or namespace name 'StatusChangeRequest' could not be found (are you missing a using directive or an assembly reference?) [/home/chad/repos/witchcityrope/tests/integration/WitchCityRope.IntegrationTests.csproj]
/home/chad/repos/witchcityrope/tests/integration/api/Features/Participation/ParticipationEndpointsAccessControlTests.cs(261,13): error CS0117: 'CreateTicketPurchaseRequest' does not contain a definition for 'TicketQuantity' [/home/chad/repos/witchcityrope/tests/integration/WitchCityRope.IntegrationTests.csproj]
/home/chad/repos/witchcityrope/tests/integration/api/Features/Vetting/VettingEndpointsIntegrationTests.cs(192,27): error CS0246: The type or namespace name 'SimpleReasoningRequest' could not be found (are you missing a using directive or an assembly reference?) [/home/chad/repos/witchcityrope/tests/integration/WitchCityRope.IntegrationTests.csproj]
/home/chad/repos/witchcityrope/tests/integration/api/Features/Vetting/VettingEndpointsIntegrationTests.cs(206,31): error CS1061: 'IdentityUserRole<Guid>' does not contain a definition for 'Role' and no accessible extension method 'Role' accepting a first argument of type 'IdentityUserRole<Guid>' could be found (are you missing a using directive or an assembly reference?) [/home/chad/repos/witchcityrope/tests/integration/WitchCityRope.IntegrationTests.csproj]
/home/chad/repos/witchcityrope/tests/integration/api/Features/Participation/ParticipationEndpointsAccessControlTests.cs(310,17): error CS0117: 'VettingApplication' does not contain a definition for 'FirstName' [/home/chad/repos/witchcityrope/tests/integration/WitchCityRope.IntegrationTests.csproj]
/home/chad/repos/witchcityrope/tests/integration/api/Features/Participation/ParticipationEndpointsAccessControlTests.cs(311,17): error CS0117: 'VettingApplication' does not contain a definition for 'LastName' [/home/chad/repos/witchcityrope/tests/integration/WitchCityRope.IntegrationTests.csproj]
/home/chad/repos/witchcityrope/tests/integration/api/Features/Participation/ParticipationEndpointsAccessControlTests.cs(326,40): error CS0103: The name 'EventType' does not exist in the current context [/home/chad/repos/witchcityrope/tests/integration/WitchCityRope.IntegrationTests.csproj]
/home/chad/repos/witchcityrope/tests/integration/api/Features/Participation/ParticipationEndpointsAccessControlTests.cs(326,58): error CS0103: The name 'EventType' does not exist in the current context [/home/chad/repos/witchcityrope/tests/integration/WitchCityRope.IntegrationTests.csproj]
/home/chad/repos/witchcityrope/tests/integration/api/Features/Vetting/VettingEndpointsIntegrationTests.cs(221,27): error CS0246: The type or namespace name 'SimpleReasoningRequest' could not be found (are you missing a using directive or an assembly reference?) [/home/chad/repos/witchcityrope/tests/integration/WitchCityRope.IntegrationTests.csproj]
/home/chad/repos/witchcityrope/tests/integration/api/Features/Vetting/VettingEndpointsIntegrationTests.cs(236,43): error CS1061: 'VettingAuditLog' does not contain a definition for 'CreatedAt' and no accessible extension method 'CreatedAt' accepting a first argument of type 'VettingAuditLog' could be found (are you missing a using directive or an assembly reference?) [/home/chad/repos/witchcityrope/tests/integration/WitchCityRope.IntegrationTests.csproj]
/home/chad/repos/witchcityrope/tests/integration/api/Features/Vetting/VettingEndpointsIntegrationTests.cs(250,27): error CS0246: The type or namespace name 'SimpleReasoningRequest' could not be found (are you missing a using directive or an assembly reference?) [/home/chad/repos/witchcityrope/tests/integration/WitchCityRope.IntegrationTests.csproj]
/home/chad/repos/witchcityrope/tests/integration/api/Features/Vetting/VettingEndpointsIntegrationTests.cs(278,27): error CS0246: The type or namespace name 'SimpleReasoningRequest' could not be found (are you missing a using directive or an assembly reference?) [/home/chad/repos/witchcityrope/tests/integration/WitchCityRope.IntegrationTests.csproj]
/home/chad/repos/witchcityrope/tests/integration/api/Features/Vetting/VettingEndpointsIntegrationTests.cs(298,27): error CS0246: The type or namespace name 'SimpleReasoningRequest' could not be found (are you missing a using directive or an assembly reference?) [/home/chad/repos/witchcityrope/tests/integration/WitchCityRope.IntegrationTests.csproj]
/home/chad/repos/witchcityrope/tests/integration/api/Features/Vetting/VettingEndpointsIntegrationTests.cs(331,27): error CS0246: The type or namespace name 'StatusChangeRequest' could not be found (are you missing a using directive or an assembly reference?) [/home/chad/repos/witchcityrope/tests/integration/WitchCityRope.IntegrationTests.csproj]
/home/chad/repos/witchcityrope/tests/integration/api/Features/Vetting/VettingEndpointsIntegrationTests.cs(350,27): error CS0246: The type or namespace name 'StatusChangeRequest' could not be found (are you missing a using directive or an assembly reference?) [/home/chad/repos/witchcityrope/tests/integration/WitchCityRope.IntegrationTests.csproj]
/home/chad/repos/witchcityrope/tests/integration/api/Features/Vetting/VettingEndpointsIntegrationTests.cs(380,27): error CS0246: The type or namespace name 'StatusChangeRequest' could not be found (are you missing a using directive or an assembly reference?) [/home/chad/repos/witchcityrope/tests/integration/WitchCityRope.IntegrationTests.csproj]
/home/chad/repos/witchcityrope/tests/integration/api/Features/Vetting/VettingEndpointsIntegrationTests.cs(405,27): error CS0246: The type or namespace name 'StatusChangeRequest' could not be found (are you missing a using directive or an assembly reference?) [/home/chad/repos/witchcityrope/tests/integration/WitchCityRope.IntegrationTests.csproj]
/home/chad/repos/witchcityrope/tests/integration/api/Features/Vetting/VettingEndpointsIntegrationTests.cs(431,27): error CS0246: The type or namespace name 'StatusChangeRequest' could not be found (are you missing a using directive or an assembly reference?) [/home/chad/repos/witchcityrope/tests/integration/WitchCityRope.IntegrationTests.csproj]
/home/chad/repos/witchcityrope/tests/integration/api/Features/Vetting/VettingEndpointsIntegrationTests.cs(448,43): error CS1061: 'VettingAuditLog' does not contain a definition for 'CreatedAt' and no accessible extension method 'CreatedAt' accepting a first argument of type 'VettingAuditLog' could be found (are you missing a using directive or an assembly reference?) [/home/chad/repos/witchcityrope/tests/integration/WitchCityRope.IntegrationTests.csproj]
/home/chad/repos/witchcityrope/tests/integration/api/Features/Vetting/VettingEndpointsIntegrationTests.cs(490,13): error CS0117: 'VettingApplication' does not contain a definition for 'FirstName' [/home/chad/repos/witchcityrope/tests/integration/WitchCityRope.IntegrationTests.csproj]
/home/chad/repos/witchcityrope/tests/integration/api/Features/Vetting/VettingEndpointsIntegrationTests.cs(491,13): error CS0117: 'VettingApplication' does not contain a definition for 'LastName' [/home/chad/repos/witchcityrope/tests/integration/WitchCityRope.IntegrationTests.csproj]
/home/chad/repos/witchcityrope/tests/integration/api/Features/Vetting/VettingEndpointsIntegrationTests.cs(535,13): error CS0117: 'VettingApplication' does not contain a definition for 'FirstName' [/home/chad/repos/witchcityrope/tests/integration/WitchCityRope.IntegrationTests.csproj]
/home/chad/repos/witchcityrope/tests/integration/api/Features/Vetting/VettingEndpointsIntegrationTests.cs(536,13): error CS0117: 'VettingApplication' does not contain a definition for 'LastName' [/home/chad/repos/witchcityrope/tests/integration/WitchCityRope.IntegrationTests.csproj]
    46 Warning(s)
    37 Error(s)

Time Elapsed 00:00:05.05
