<?xml version="1.0" encoding="utf-8"?>
<TestRun id="76fd446b-4a4a-4101-be58-df67a4df0610" name="@Unbutu-Ai-Chads-PC 2025-09-11 15:38:55" xmlns="http://microsoft.com/schemas/VisualStudio/TeamTest/2010">
  <Times creation="2025-09-11T15:38:55.2173342-04:00" queuing="2025-09-11T15:38:55.2173342-04:00" start="2025-09-11T15:38:54.7662029-04:00" finish="2025-09-11T15:38:59.0990357-04:00" />
  <TestSettings name="default" id="cd742f65-f370-49c7-97ee-1f174792cc21">
    <Deployment runDeploymentRoot="_Unbutu-Ai-Chads-PC_2025-09-11_15_38_55" />
  </TestSettings>
  <Results>
    <UnitTestResult executionId="3d4b4f5b-5127-455e-9916-985209525330" testId="c47800aa-74e3-7062-c49c-f84225a43c10" testName="WitchCityRope.Infrastructure.Tests.Security.JwtTokenServiceTests.ValidateToken_Should_Return_ClaimsPrincipal_For_Valid_Token" computerName="Unbutu-Ai-Chads-PC" duration="00:00:00.0038083" startTime="2025-09-11T15:38:55.2466000-04:00" endTime="2025-09-11T15:38:55.2502339-04:00" testType="13cdc9d9-ddb5-4fa4-a97d-d965ccfc6d4b" outcome="Passed" testListId="8c84fa94-04c1-424b-9868-57a2d4851a1d" relativeResultsDirectory="3d4b4f5b-5127-455e-9916-985209525330" />
    <UnitTestResult executionId="5ac7ce85-5763-4a7f-b256-a5badf709735" testId="4da0ee18-6138-8500-2970-48f2f82bb88d" testName="WitchCityRope.Infrastructure.Tests.Security.JwtTokenServiceTests.GenerateToken_Should_Set_Correct_Issuer_And_Audience" computerName="Unbutu-Ai-Chads-PC" duration="00:00:00.0010428" startTime="2025-09-11T15:38:55.2825903-04:00" endTime="2025-09-11T15:38:55.2835247-04:00" testType="13cdc9d9-ddb5-4fa4-a97d-d965ccfc6d4b" outcome="Passed" testListId="8c84fa94-04c1-424b-9868-57a2d4851a1d" relativeResultsDirectory="5ac7ce85-5763-4a7f-b256-a5badf709735" />
    <UnitTestResult executionId="70ee29de-f8d4-4653-9ce2-8900902c7f80" testId="3f3e0fb4-368b-d4ed-b267-a4543a24e99c" testName="WitchCityRope.Infrastructure.Tests.Security.EncryptionServiceTests.Encrypt_Should_Produce_Different_Results_For_Different_Inputs" computerName="Unbutu-Ai-Chads-PC" duration="00:00:00.0054449" startTime="2025-09-11T15:38:55.2009009-04:00" endTime="2025-09-11T15:38:55.2056761-04:00" testType="13cdc9d9-ddb5-4fa4-a97d-d965ccfc6d4b" outcome="Passed" testListId="8c84fa94-04c1-424b-9868-57a2d4851a1d" relativeResultsDirectory="70ee29de-f8d4-4653-9ce2-8900902c7f80" />
    <UnitTestResult executionId="0a527b23-c54f-4be7-b952-3fd1c7dd1b34" testId="d421b930-d649-aa53-9320-f0c3bc7b7be4" testName="WitchCityRope.Infrastructure.Tests.Security.JwtTokenServiceTests.ValidateToken_Should_Return_Null_For_Wrong_Secret" computerName="Unbutu-Ai-Chads-PC" duration="00:00:00.0014504" startTime="2025-09-11T15:38:55.2836276-04:00" endTime="2025-09-11T15:38:55.2850074-04:00" testType="13cdc9d9-ddb5-4fa4-a97d-d965ccfc6d4b" outcome="Passed" testListId="8c84fa94-04c1-424b-9868-57a2d4851a1d" relativeResultsDirectory="0a527b23-c54f-4be7-b952-3fd1c7dd1b34" />
    <UnitTestResult executionId="7511f272-5fa7-422a-a816-3c8213ba2ca6" testId="d34ced5e-61be-8db1-2a33-5a0519fd37ce" testName="WitchCityRope.Infrastructure.Tests.Email.EmailServiceTests.SendBulkEmailAsync_Should_Send_To_Multiple_Recipients" computerName="Unbutu-Ai-Chads-PC" duration="00:00:00.0010000" startTime="2025-09-11T15:38:55.1464623-04:00" endTime="2025-09-11T15:38:55.1475968-04:00" testType="13cdc9d9-ddb5-4fa4-a97d-d965ccfc6d4b" outcome="NotExecuted" testListId="8c84fa94-04c1-424b-9868-57a2d4851a1d" relativeResultsDirectory="7511f272-5fa7-422a-a816-3c8213ba2ca6">
      <Output>
        <ErrorInfo>
          <Message>Email service not fully implemented - SendGrid integration pending</Message>
        </ErrorInfo>
      </Output>
    </UnitTestResult>
    <UnitTestResult executionId="a54781bb-a92c-40c4-a315-b8b6144f2b03" testId="29bc5121-cf60-36a7-57b9-1ab204e81280" testName="WitchCityRope.Infrastructure.Tests.Data.EntityConfigurationTests.Should_Enforce_String_Length_Constraints" computerName="Unbutu-Ai-Chads-PC" duration="00:00:00.1582200" startTime="2025-09-11T15:38:55.1462698-04:00" endTime="2025-09-11T15:38:56.1489158-04:00" testType="13cdc9d9-ddb5-4fa4-a97d-d965ccfc6d4b" outcome="Passed" testListId="8c84fa94-04c1-424b-9868-57a2d4851a1d" relativeResultsDirectory="a54781bb-a92c-40c4-a315-b8b6144f2b03" />
    <UnitTestResult executionId="ca011e5f-a5cd-4656-b960-917cbf917d2d" testId="1390353e-4e0e-3135-81d6-685a745aa5fb" testName="WitchCityRope.Infrastructure.Tests.Security.EncryptionServiceTests.Hash_Should_Create_BCrypt_Hash" computerName="Unbutu-Ai-Chads-PC" duration="00:00:00.8190631" startTime="2025-09-11T15:38:56.9199442-04:00" endTime="2025-09-11T15:38:57.7391008-04:00" testType="13cdc9d9-ddb5-4fa4-a97d-d965ccfc6d4b" outcome="Passed" testListId="8c84fa94-04c1-424b-9868-57a2d4851a1d" relativeResultsDirectory="ca011e5f-a5cd-4656-b960-917cbf917d2d" />
    <UnitTestResult executionId="7f5d8730-190e-4327-921c-ca37fedfc21a" testId="b7600936-7750-95ea-d101-c63e591d45f7" testName="WitchCityRope.Infrastructure.Tests.Data.ComplexQueryTests.Should_Handle_Pagination_Correctly" computerName="Unbutu-Ai-Chads-PC" duration="00:00:00.0010000" startTime="2025-09-11T15:38:56.9828685-04:00" endTime="2025-09-11T15:38:57.1139762-04:00" testType="13cdc9d9-ddb5-4fa4-a97d-d965ccfc6d4b" outcome="Failed" testListId="8c84fa94-04c1-424b-9868-57a2d4851a1d" relativeResultsDirectory="7f5d8730-190e-4327-921c-ca37fedfc21a">
      <Output>
        <ErrorInfo>
          <Message>Microsoft.EntityFrameworkCore.DbUpdateException : An error occurred while saving the entity changes. See the inner exception for details.
---- Microsoft.Data.Sqlite.SqliteException : SQLite Error 19: 'NOT NULL constraint failed: Registrations.DietaryRestrictions'.</Message>
          <StackTrace>   at Microsoft.EntityFrameworkCore.Update.ReaderModificationCommandBatch.ExecuteAsync(IRelationalConnection connection, CancellationToken cancellationToken)
   at Microsoft.EntityFrameworkCore.Update.Internal.BatchExecutor.ExecuteAsync(IEnumerable`1 commandBatches, IRelationalConnection connection, CancellationToken cancellationToken)
   at Microsoft.EntityFrameworkCore.Update.Internal.BatchExecutor.ExecuteAsync(IEnumerable`1 commandBatches, IRelationalConnection connection, CancellationToken cancellationToken)
   at Microsoft.EntityFrameworkCore.Update.Internal.BatchExecutor.ExecuteAsync(IEnumerable`1 commandBatches, IRelationalConnection connection, CancellationToken cancellationToken)
   at Microsoft.EntityFrameworkCore.Storage.RelationalDatabase.SaveChangesAsync(IList`1 entries, CancellationToken cancellationToken)
   at Microsoft.EntityFrameworkCore.ChangeTracking.Internal.StateManager.SaveChangesAsync(IList`1 entriesToSave, CancellationToken cancellationToken)
   at Microsoft.EntityFrameworkCore.ChangeTracking.Internal.StateManager.SaveChangesAsync(StateManager stateManager, Boolean acceptAllChangesOnSuccess, CancellationToken cancellationToken)
   at Microsoft.EntityFrameworkCore.DbContext.SaveChangesAsync(Boolean acceptAllChangesOnSuccess, CancellationToken cancellationToken)
   at Microsoft.EntityFrameworkCore.DbContext.SaveChangesAsync(Boolean acceptAllChangesOnSuccess, CancellationToken cancellationToken)
   at WitchCityRope.Infrastructure.Data.WitchCityRopeDbContext.SaveChangesAsync(CancellationToken cancellationToken) in /home/chad/repos/witchcityrope-react/src/WitchCityRope.Infrastructure/Data/WitchCityRopeDbContext.cs:line 58
   at WitchCityRope.Infrastructure.Tests.Data.ComplexQueryTests.SeedDataAsync() in /home/chad/repos/witchcityrope-react/tests/WitchCityRope.Infrastructure.Tests/Data/ComplexQueryTests.cs:line 63
   at WitchCityRope.Infrastructure.Tests.Fixtures.IntegrationTestBase.InitializeAsync() in /home/chad/repos/witchcityrope-react/tests/WitchCityRope.Infrastructure.Tests/Fixtures/IntegrationTestBase.cs:line 41
----- Inner Stack Trace -----
   at Microsoft.Data.Sqlite.SqliteException.ThrowExceptionForRC(Int32 rc, sqlite3 db)
   at Microsoft.Data.Sqlite.SqliteDataReader.NextResult()
   at Microsoft.Data.Sqlite.SqliteCommand.ExecuteReader(CommandBehavior behavior)
   at Microsoft.Data.Sqlite.SqliteCommand.ExecuteReaderAsync(CommandBehavior behavior, CancellationToken cancellationToken)
   at Microsoft.Data.Sqlite.SqliteCommand.ExecuteDbDataReaderAsync(CommandBehavior behavior, CancellationToken cancellationToken)
   at Microsoft.EntityFrameworkCore.Storage.RelationalCommand.ExecuteReaderAsync(RelationalCommandParameterObject parameterObject, CancellationToken cancellationToken)
   at Microsoft.EntityFrameworkCore.Storage.RelationalCommand.ExecuteReaderAsync(RelationalCommandParameterObject parameterObject, CancellationToken cancellationToken)
   at Microsoft.EntityFrameworkCore.Update.ReaderModificationCommandBatch.ExecuteAsync(IRelationalConnection connection, CancellationToken cancellationToken)</StackTrace>
        </ErrorInfo>
      </Output>
    </UnitTestResult>
    <UnitTestResult executionId="ea9789df-a525-4bae-98ef-f085847512d8" testId="f4b775dc-9e8c-760a-8f8d-7fae5382e3c6" testName="WitchCityRope.Infrastructure.Tests.Security.JwtTokenServiceTests.GenerateRefreshToken_Should_Create_Unique_Tokens" computerName="Unbutu-Ai-Chads-PC" duration="00:00:00.0001327" startTime="2025-09-11T15:38:55.2548022-04:00" endTime="2025-09-11T15:38:55.2548449-04:00" testType="13cdc9d9-ddb5-4fa4-a97d-d965ccfc6d4b" outcome="Passed" testListId="8c84fa94-04c1-424b-9868-57a2d4851a1d" relativeResultsDirectory="ea9789df-a525-4bae-98ef-f085847512d8" />
    <UnitTestResult executionId="382379b6-d360-4851-a28e-7721a23f7291" testId="15b6fe83-e163-93ae-7ba9-51007c17c9b1" testName="WitchCityRope.Infrastructure.Tests.Security.EncryptionServiceTests.DecryptAsync_Should_Decrypt_Encrypted_Text" computerName="Unbutu-Ai-Chads-PC" duration="00:00:00.0013920" startTime="2025-09-11T15:38:56.9175012-04:00" endTime="2025-09-11T15:38:56.9191015-04:00" testType="13cdc9d9-ddb5-4fa4-a97d-d965ccfc6d4b" outcome="Passed" testListId="8c84fa94-04c1-424b-9868-57a2d4851a1d" relativeResultsDirectory="382379b6-d360-4851-a28e-7721a23f7291" />
    <UnitTestResult executionId="fec6b7db-7305-4a0a-ae06-45476eb9b143" testId="121ed6b8-c36c-7dfd-6ad5-94fe3cb46105" testName="WitchCityRope.Infrastructure.Tests.Security.JwtTokenServiceTests.GenerateToken_Should_Create_Valid_JWT_Token" computerName="Unbutu-Ai-Chads-PC" duration="00:00:00.0017480" startTime="2025-09-11T15:38:55.2549492-04:00" endTime="2025-09-11T15:38:55.2560911-04:00" testType="13cdc9d9-ddb5-4fa4-a97d-d965ccfc6d4b" outcome="Passed" testListId="8c84fa94-04c1-424b-9868-57a2d4851a1d" relativeResultsDirectory="fec6b7db-7305-4a0a-ae06-45476eb9b143" />
    <UnitTestResult executionId="761ad4e7-4a8d-492d-8c1c-7997283e4d0c" testId="79cdb1a1-4a9a-f0b2-2460-493cf93bd7f4" testName="WitchCityRope.Infrastructure.Tests.PayPal.PayPalServiceTests.ValidatePaymentMethodAsync_Should_Return_False_For_Empty_Method" computerName="Unbutu-Ai-Chads-PC" duration="00:00:00.0010000" startTime="2025-09-11T15:38:55.1463676-04:00" endTime="2025-09-11T15:38:55.1511515-04:00" testType="13cdc9d9-ddb5-4fa4-a97d-d965ccfc6d4b" outcome="NotExecuted" testListId="8c84fa94-04c1-424b-9868-57a2d4851a1d" relativeResultsDirectory="761ad4e7-4a8d-492d-8c1c-7997283e4d0c">
      <Output>
        <ErrorInfo>
          <Message>PayPal service not fully implemented - PayPal SDK integration pending</Message>
        </ErrorInfo>
      </Output>
    </UnitTestResult>
    <UnitTestResult executionId="71cb229c-e4f7-4469-8ac0-168c6c505b0f" testId="121b47a1-7650-eac0-8814-509934e34c51" testName="WitchCityRope.Infrastructure.Tests.Security.JwtTokenServiceTests.GenerateToken_Should_Set_Correct_Expiration" computerName="Unbutu-Ai-Chads-PC" duration="00:00:00.0010963" startTime="2025-09-11T15:38:55.2851151-04:00" endTime="2025-09-11T15:38:55.2861385-04:00" testType="13cdc9d9-ddb5-4fa4-a97d-d965ccfc6d4b" outcome="Passed" testListId="8c84fa94-04c1-424b-9868-57a2d4851a1d" relativeResultsDirectory="71cb229c-e4f7-4469-8ac0-168c6c505b0f" />
    <UnitTestResult executionId="9457eedf-a48d-4eae-bbb0-77efe420201e" testId="2e295478-e22d-9437-5e20-58c9801b1053" testName="WitchCityRope.Infrastructure.Tests.Data.EntityConfigurationTests.VettingApplication_User_Relationship_Should_Be_Configured_Correctly" computerName="Unbutu-Ai-Chads-PC" duration="00:00:00.0266045" startTime="2025-09-11T15:38:56.6680445-04:00" endTime="2025-09-11T15:38:56.7321253-04:00" testType="13cdc9d9-ddb5-4fa4-a97d-d965ccfc6d4b" outcome="Failed" testListId="8c84fa94-04c1-424b-9868-57a2d4851a1d" relativeResultsDirectory="9457eedf-a48d-4eae-bbb0-77efe420201e">
      <Output>
        <ErrorInfo>
          <Message>Microsoft.EntityFrameworkCore.DbUpdateException : An error occurred while saving the entity changes. See the inner exception for details.
---- Microsoft.Data.Sqlite.SqliteException : SQLite Error 19: 'NOT NULL constraint failed: VettingApplications.ExperienceDescription'.</Message>
          <StackTrace>   at Microsoft.EntityFrameworkCore.Update.ReaderModificationCommandBatch.ExecuteAsync(IRelationalConnection connection, CancellationToken cancellationToken)
   at Microsoft.EntityFrameworkCore.Update.Internal.BatchExecutor.ExecuteAsync(IEnumerable`1 commandBatches, IRelationalConnection connection, CancellationToken cancellationToken)
   at Microsoft.EntityFrameworkCore.Update.Internal.BatchExecutor.ExecuteAsync(IEnumerable`1 commandBatches, IRelationalConnection connection, CancellationToken cancellationToken)
   at Microsoft.EntityFrameworkCore.Update.Internal.BatchExecutor.ExecuteAsync(IEnumerable`1 commandBatches, IRelationalConnection connection, CancellationToken cancellationToken)
   at Microsoft.EntityFrameworkCore.Storage.RelationalDatabase.SaveChangesAsync(IList`1 entries, CancellationToken cancellationToken)
   at Microsoft.EntityFrameworkCore.ChangeTracking.Internal.StateManager.SaveChangesAsync(IList`1 entriesToSave, CancellationToken cancellationToken)
   at Microsoft.EntityFrameworkCore.ChangeTracking.Internal.StateManager.SaveChangesAsync(StateManager stateManager, Boolean acceptAllChangesOnSuccess, CancellationToken cancellationToken)
   at Microsoft.EntityFrameworkCore.DbContext.SaveChangesAsync(Boolean acceptAllChangesOnSuccess, CancellationToken cancellationToken)
   at Microsoft.EntityFrameworkCore.DbContext.SaveChangesAsync(Boolean acceptAllChangesOnSuccess, CancellationToken cancellationToken)
   at WitchCityRope.Infrastructure.Data.WitchCityRopeDbContext.SaveChangesAsync(CancellationToken cancellationToken) in /home/chad/repos/witchcityrope-react/src/WitchCityRope.Infrastructure/Data/WitchCityRopeDbContext.cs:line 58
   at WitchCityRope.Infrastructure.Tests.Data.EntityConfigurationTests.VettingApplication_User_Relationship_Should_Be_Configured_Correctly() in /home/chad/repos/witchcityrope-react/tests/WitchCityRope.Infrastructure.Tests/Data/EntityConfigurationTests.cs:line 143
--- End of stack trace from previous location ---
----- Inner Stack Trace -----
   at Microsoft.Data.Sqlite.SqliteException.ThrowExceptionForRC(Int32 rc, sqlite3 db)
   at Microsoft.Data.Sqlite.SqliteDataReader.NextResult()
   at Microsoft.Data.Sqlite.SqliteCommand.ExecuteReader(CommandBehavior behavior)
   at Microsoft.Data.Sqlite.SqliteCommand.ExecuteReaderAsync(CommandBehavior behavior, CancellationToken cancellationToken)
   at Microsoft.Data.Sqlite.SqliteCommand.ExecuteDbDataReaderAsync(CommandBehavior behavior, CancellationToken cancellationToken)
   at Microsoft.EntityFrameworkCore.Storage.RelationalCommand.ExecuteReaderAsync(RelationalCommandParameterObject parameterObject, CancellationToken cancellationToken)
   at Microsoft.EntityFrameworkCore.Storage.RelationalCommand.ExecuteReaderAsync(RelationalCommandParameterObject parameterObject, CancellationToken cancellationToken)
   at Microsoft.EntityFrameworkCore.Update.ReaderModificationCommandBatch.ExecuteAsync(IRelationalConnection connection, CancellationToken cancellationToken)</StackTrace>
        </ErrorInfo>
      </Output>
    </UnitTestResult>
    <UnitTestResult executionId="78bf4700-bbb7-455c-ba52-cbf9e084d85a" testId="3afe0f4f-66e8-c918-74b9-e20778e75e86" testName="WitchCityRope.Infrastructure.Tests.PayPal.PayPalServiceTests.ProcessPaymentAsync_Should_Return_Success_Result" computerName="Unbutu-Ai-Chads-PC" duration="00:00:00.0010000" startTime="2025-09-11T15:38:55.2275798-04:00" endTime="2025-09-11T15:38:55.2275968-04:00" testType="13cdc9d9-ddb5-4fa4-a97d-d965ccfc6d4b" outcome="NotExecuted" testListId="8c84fa94-04c1-424b-9868-57a2d4851a1d" relativeResultsDirectory="78bf4700-bbb7-455c-ba52-cbf9e084d85a">
      <Output>
        <ErrorInfo>
          <Message>PayPal service not fully implemented - PayPal SDK integration pending</Message>
        </ErrorInfo>
      </Output>
    </UnitTestResult>
    <UnitTestResult executionId="f26022da-eb75-41b0-afdb-d7ee66b173ee" testId="0b2da06c-c211-ec4e-e650-05e93d1799bd" testName="WitchCityRope.Infrastructure.Tests.Email.EmailServiceTests.SendEmailAsync_Should_Send_Email_Successfully" computerName="Unbutu-Ai-Chads-PC" duration="00:00:00.0010000" startTime="2025-09-11T15:38:55.1903188-04:00" endTime="2025-09-11T15:38:55.1903316-04:00" testType="13cdc9d9-ddb5-4fa4-a97d-d965ccfc6d4b" outcome="NotExecuted" testListId="8c84fa94-04c1-424b-9868-57a2d4851a1d" relativeResultsDirectory="f26022da-eb75-41b0-afdb-d7ee66b173ee">
      <Output>
        <ErrorInfo>
          <Message>Email service not fully implemented - SendGrid integration pending</Message>
        </ErrorInfo>
      </Output>
    </UnitTestResult>
    <UnitTestResult executionId="e5d8180a-baba-444a-9067-7d9aaea35209" testId="db6885b0-37d4-5f8a-fb24-1dbff7efe7b0" testName="WitchCityRope.Infrastructure.Tests.PayPal.PayPalServiceTests.ValidatePaymentMethodAsync_Should_Return_True_For_Valid_Method" computerName="Unbutu-Ai-Chads-PC" duration="00:00:00.0010000" startTime="2025-09-11T15:38:55.2279171-04:00" endTime="2025-09-11T15:38:55.2279309-04:00" testType="13cdc9d9-ddb5-4fa4-a97d-d965ccfc6d4b" outcome="NotExecuted" testListId="8c84fa94-04c1-424b-9868-57a2d4851a1d" relativeResultsDirectory="e5d8180a-baba-444a-9067-7d9aaea35209">
      <Output>
        <ErrorInfo>
          <Message>PayPal service not fully implemented - PayPal SDK integration pending</Message>
        </ErrorInfo>
      </Output>
    </UnitTestResult>
    <UnitTestResult executionId="d9bd6bd4-ad60-4517-bdb4-34a4e66ec227" testId="db381720-6b9c-2cfb-d4c6-17232fdeef3b" testName="WitchCityRope.Infrastructure.Tests.Data.ConcurrencyTests.Should_Handle_Concurrent_Aggregate_Updates" computerName="Unbutu-Ai-Chads-PC" duration="00:00:00.0457227" startTime="2025-09-11T15:38:56.8598778-04:00" endTime="2025-09-11T15:38:56.9450865-04:00" testType="13cdc9d9-ddb5-4fa4-a97d-d965ccfc6d4b" outcome="Failed" testListId="8c84fa94-04c1-424b-9868-57a2d4851a1d" relativeResultsDirectory="d9bd6bd4-ad60-4517-bdb4-34a4e66ec227">
      <Output>
        <ErrorInfo>
          <Message>Expected results.All(r =&gt; r) to be True, but found False.</Message>
          <StackTrace>   at FluentAssertions.Execution.LateBoundTestFramework.Throw(String message)
   at FluentAssertions.Execution.DefaultAssertionStrategy.HandleFailure(String message)
   at FluentAssertions.Execution.AssertionScope.AddPreFormattedFailure(String formattedFailureMessage)
   at FluentAssertions.Execution.AssertionChain.FailWith(Func`1 getFailureReason)
   at FluentAssertions.Execution.AssertionChain.FailWith(Func`1 getFailureReason)
   at FluentAssertions.Execution.AssertionChain.FailWith(String message, Object[] args)
   at FluentAssertions.Primitives.BooleanAssertions`1.BeTrue(String because, Object[] becauseArgs)
   at WitchCityRope.Infrastructure.Tests.Data.ConcurrencyTests.Should_Handle_Concurrent_Aggregate_Updates() in /home/chad/repos/witchcityrope-react/tests/WitchCityRope.Infrastructure.Tests/Data/ConcurrencyTests.cs:line 487
--- End of stack trace from previous location ---</StackTrace>
        </ErrorInfo>
      </Output>
    </UnitTestResult>
    <UnitTestResult executionId="8648373c-7980-4c30-a313-969b28b84374" testId="3902fe4d-f17d-5d21-4746-ba713fd0b58c" testName="WitchCityRope.Infrastructure.Tests.PayPal.PayPalServiceTests.GetPaymentStatusAsync_Should_Return_Pending_Status" computerName="Unbutu-Ai-Chads-PC" duration="00:00:00.0010000" startTime="2025-09-11T15:38:55.2263112-04:00" endTime="2025-09-11T15:38:55.2263249-04:00" testType="13cdc9d9-ddb5-4fa4-a97d-d965ccfc6d4b" outcome="NotExecuted" testListId="8c84fa94-04c1-424b-9868-57a2d4851a1d" relativeResultsDirectory="8648373c-7980-4c30-a313-969b28b84374">
      <Output>
        <ErrorInfo>
          <Message>PayPal service not fully implemented - PayPal SDK integration pending</Message>
        </ErrorInfo>
      </Output>
    </UnitTestResult>
    <UnitTestResult executionId="35a3eacd-3c54-4fbb-b130-f8efeb93f94e" testId="69fe012a-82fe-3708-098d-5cd009a2da67" testName="WitchCityRope.Infrastructure.Tests.Security.EncryptionServiceTests.DecryptAsync_Should_Return_Empty_String_For_Empty_Input" computerName="Unbutu-Ai-Chads-PC" duration="00:00:00.0005648" startTime="2025-09-11T15:38:58.8099726-04:00" endTime="2025-09-11T15:38:58.8102973-04:00" testType="13cdc9d9-ddb5-4fa4-a97d-d965ccfc6d4b" outcome="Passed" testListId="8c84fa94-04c1-424b-9868-57a2d4851a1d" relativeResultsDirectory="35a3eacd-3c54-4fbb-b130-f8efeb93f94e" />
    <UnitTestResult executionId="7e0fac8b-7611-4fb1-9776-649583abf4f7" testId="cdbfe0a8-e401-5845-0974-d3e362e0c484" testName="WitchCityRope.Infrastructure.Tests.Email.EmailServiceTests.SendEmailAsync_Should_Return_False_When_SendGrid_Fails" computerName="Unbutu-Ai-Chads-PC" duration="00:00:00.0010000" startTime="2025-09-11T15:38:55.1888917-04:00" endTime="2025-09-11T15:38:55.1889216-04:00" testType="13cdc9d9-ddb5-4fa4-a97d-d965ccfc6d4b" outcome="NotExecuted" testListId="8c84fa94-04c1-424b-9868-57a2d4851a1d" relativeResultsDirectory="7e0fac8b-7611-4fb1-9776-649583abf4f7">
      <Output>
        <ErrorInfo>
          <Message>Email service not fully implemented - SendGrid integration pending</Message>
        </ErrorInfo>
      </Output>
    </UnitTestResult>
    <UnitTestResult executionId="f6d07b8b-367b-4cac-8869-d616df19c84c" testId="4912d116-f7fc-a751-481c-6c5c02960fc1" testName="WitchCityRope.Infrastructure.Tests.Data.ComplexQueryTests.Should_Execute_Raw_SQL_Query" computerName="Unbutu-Ai-Chads-PC" duration="00:00:00.0010000" startTime="2025-09-11T15:38:56.8500494-04:00" endTime="2025-09-11T15:38:56.9817895-04:00" testType="13cdc9d9-ddb5-4fa4-a97d-d965ccfc6d4b" outcome="Failed" testListId="8c84fa94-04c1-424b-9868-57a2d4851a1d" relativeResultsDirectory="f6d07b8b-367b-4cac-8869-d616df19c84c">
      <Output>
        <ErrorInfo>
          <Message>Microsoft.EntityFrameworkCore.DbUpdateException : An error occurred while saving the entity changes. See the inner exception for details.
---- Microsoft.Data.Sqlite.SqliteException : SQLite Error 19: 'NOT NULL constraint failed: Registrations.DietaryRestrictions'.</Message>
          <StackTrace>   at Microsoft.EntityFrameworkCore.Update.ReaderModificationCommandBatch.ExecuteAsync(IRelationalConnection connection, CancellationToken cancellationToken)
   at Microsoft.EntityFrameworkCore.Update.Internal.BatchExecutor.ExecuteAsync(IEnumerable`1 commandBatches, IRelationalConnection connection, CancellationToken cancellationToken)
   at Microsoft.EntityFrameworkCore.Update.Internal.BatchExecutor.ExecuteAsync(IEnumerable`1 commandBatches, IRelationalConnection connection, CancellationToken cancellationToken)
   at Microsoft.EntityFrameworkCore.Update.Internal.BatchExecutor.ExecuteAsync(IEnumerable`1 commandBatches, IRelationalConnection connection, CancellationToken cancellationToken)
   at Microsoft.EntityFrameworkCore.Storage.RelationalDatabase.SaveChangesAsync(IList`1 entries, CancellationToken cancellationToken)
   at Microsoft.EntityFrameworkCore.ChangeTracking.Internal.StateManager.SaveChangesAsync(IList`1 entriesToSave, CancellationToken cancellationToken)
   at Microsoft.EntityFrameworkCore.ChangeTracking.Internal.StateManager.SaveChangesAsync(StateManager stateManager, Boolean acceptAllChangesOnSuccess, CancellationToken cancellationToken)
   at Microsoft.EntityFrameworkCore.DbContext.SaveChangesAsync(Boolean acceptAllChangesOnSuccess, CancellationToken cancellationToken)
   at Microsoft.EntityFrameworkCore.DbContext.SaveChangesAsync(Boolean acceptAllChangesOnSuccess, CancellationToken cancellationToken)
   at WitchCityRope.Infrastructure.Data.WitchCityRopeDbContext.SaveChangesAsync(CancellationToken cancellationToken) in /home/chad/repos/witchcityrope-react/src/WitchCityRope.Infrastructure/Data/WitchCityRopeDbContext.cs:line 58
   at WitchCityRope.Infrastructure.Tests.Data.ComplexQueryTests.SeedDataAsync() in /home/chad/repos/witchcityrope-react/tests/WitchCityRope.Infrastructure.Tests/Data/ComplexQueryTests.cs:line 63
   at WitchCityRope.Infrastructure.Tests.Fixtures.IntegrationTestBase.InitializeAsync() in /home/chad/repos/witchcityrope-react/tests/WitchCityRope.Infrastructure.Tests/Fixtures/IntegrationTestBase.cs:line 41
----- Inner Stack Trace -----
   at Microsoft.Data.Sqlite.SqliteException.ThrowExceptionForRC(Int32 rc, sqlite3 db)
   at Microsoft.Data.Sqlite.SqliteDataReader.NextResult()
   at Microsoft.Data.Sqlite.SqliteCommand.ExecuteReader(CommandBehavior behavior)
   at Microsoft.Data.Sqlite.SqliteCommand.ExecuteReaderAsync(CommandBehavior behavior, CancellationToken cancellationToken)
   at Microsoft.Data.Sqlite.SqliteCommand.ExecuteDbDataReaderAsync(CommandBehavior behavior, CancellationToken cancellationToken)
   at Microsoft.EntityFrameworkCore.Storage.RelationalCommand.ExecuteReaderAsync(RelationalCommandParameterObject parameterObject, CancellationToken cancellationToken)
   at Microsoft.EntityFrameworkCore.Storage.RelationalCommand.ExecuteReaderAsync(RelationalCommandParameterObject parameterObject, CancellationToken cancellationToken)
   at Microsoft.EntityFrameworkCore.Update.ReaderModificationCommandBatch.ExecuteAsync(IRelationalConnection connection, CancellationToken cancellationToken)</StackTrace>
        </ErrorInfo>
      </Output>
    </UnitTestResult>
    <UnitTestResult executionId="c290fc0e-e400-4bf1-ac36-758f81dc88e8" testId="0c01b91e-1f31-c944-fe79-657241846334" testName="WitchCityRope.Infrastructure.Tests.Data.MigrationTests.Should_Create_Correct_Foreign_Keys" computerName="Unbutu-Ai-Chads-PC" duration="00:00:00.6724193" startTime="2025-09-11T15:38:56.9073947-04:00" endTime="2025-09-11T15:38:57.5797263-04:00" testType="13cdc9d9-ddb5-4fa4-a97d-d965ccfc6d4b" outcome="Failed" testListId="8c84fa94-04c1-424b-9868-57a2d4851a1d" relativeResultsDirectory="c290fc0e-e400-4bf1-ac36-758f81dc88e8">
      <Output>
        <ErrorInfo>
          <Message>System.InvalidOperationException : An error was generated for warning 'Microsoft.EntityFrameworkCore.Migrations.PendingModelChangesWarning': The model for context 'WitchCityRopeDbContext' has pending changes. Add a new migration before updating the database. See https://aka.ms/efcore-docs-pending-changes. This exception can be suppressed or logged by passing event ID 'RelationalEventId.PendingModelChangesWarning' to the 'ConfigureWarnings' method in 'DbContext.OnConfiguring' or 'AddDbContext'.</Message>
          <StackTrace>   at Microsoft.EntityFrameworkCore.Diagnostics.EventDefinition`1.Log[TLoggerCategory](IDiagnosticsLogger`1 logger, TParam arg)
   at Microsoft.EntityFrameworkCore.Diagnostics.RelationalLoggerExtensions.PendingModelChangesWarning(IDiagnosticsLogger`1 diagnostics, Type contextType)
   at Microsoft.EntityFrameworkCore.Migrations.Internal.Migrator.ValidateMigrations(Boolean useTransaction, String targetMigration)
   at Microsoft.EntityFrameworkCore.Migrations.Internal.Migrator.MigrateAsync(String targetMigration, CancellationToken cancellationToken)
   at Npgsql.EntityFrameworkCore.PostgreSQL.Migrations.Internal.NpgsqlMigrator.MigrateAsync(String targetMigration, CancellationToken cancellationToken)
   at WitchCityRope.Infrastructure.Tests.Data.MigrationTests.Should_Create_Correct_Foreign_Keys() in /home/chad/repos/witchcityrope-react/tests/WitchCityRope.Infrastructure.Tests/Data/MigrationTests.cs:line 110
--- End of stack trace from previous location ---</StackTrace>
        </ErrorInfo>
      </Output>
    </UnitTestResult>
    <UnitTestResult executionId="bc752d0e-a75b-4db4-a3d6-5a461c286b30" testId="ad7d5cca-0afe-aa15-f70e-c563df4cebb9" testName="WitchCityRope.Infrastructure.Tests.Data.EntityConfigurationTests.Event_Registration_Relationship_Should_Be_Configured_Correctly" computerName="Unbutu-Ai-Chads-PC" duration="00:00:00.0170203" startTime="2025-09-11T15:38:56.4858618-04:00" endTime="2025-09-11T15:38:56.5382897-04:00" testType="13cdc9d9-ddb5-4fa4-a97d-d965ccfc6d4b" outcome="Failed" testListId="8c84fa94-04c1-424b-9868-57a2d4851a1d" relativeResultsDirectory="bc752d0e-a75b-4db4-a3d6-5a461c286b30">
      <Output>
        <ErrorInfo>
          <Message>Microsoft.EntityFrameworkCore.DbUpdateException : An error occurred while saving the entity changes. See the inner exception for details.
---- Microsoft.Data.Sqlite.SqliteException : SQLite Error 19: 'NOT NULL constraint failed: Registrations.DietaryRestrictions'.</Message>
          <StackTrace>   at Microsoft.EntityFrameworkCore.Update.ReaderModificationCommandBatch.ExecuteAsync(IRelationalConnection connection, CancellationToken cancellationToken)
   at Microsoft.EntityFrameworkCore.Update.Internal.BatchExecutor.ExecuteAsync(IEnumerable`1 commandBatches, IRelationalConnection connection, CancellationToken cancellationToken)
   at Microsoft.EntityFrameworkCore.Update.Internal.BatchExecutor.ExecuteAsync(IEnumerable`1 commandBatches, IRelationalConnection connection, CancellationToken cancellationToken)
   at Microsoft.EntityFrameworkCore.Update.Internal.BatchExecutor.ExecuteAsync(IEnumerable`1 commandBatches, IRelationalConnection connection, CancellationToken cancellationToken)
   at Microsoft.EntityFrameworkCore.Storage.RelationalDatabase.SaveChangesAsync(IList`1 entries, CancellationToken cancellationToken)
   at Microsoft.EntityFrameworkCore.ChangeTracking.Internal.StateManager.SaveChangesAsync(IList`1 entriesToSave, CancellationToken cancellationToken)
   at Microsoft.EntityFrameworkCore.ChangeTracking.Internal.StateManager.SaveChangesAsync(StateManager stateManager, Boolean acceptAllChangesOnSuccess, CancellationToken cancellationToken)
   at Microsoft.EntityFrameworkCore.DbContext.SaveChangesAsync(Boolean acceptAllChangesOnSuccess, CancellationToken cancellationToken)
   at Microsoft.EntityFrameworkCore.DbContext.SaveChangesAsync(Boolean acceptAllChangesOnSuccess, CancellationToken cancellationToken)
   at WitchCityRope.Infrastructure.Data.WitchCityRopeDbContext.SaveChangesAsync(CancellationToken cancellationToken) in /home/chad/repos/witchcityrope-react/src/WitchCityRope.Infrastructure/Data/WitchCityRopeDbContext.cs:line 58
   at WitchCityRope.Infrastructure.Tests.Data.EntityConfigurationTests.Event_Registration_Relationship_Should_Be_Configured_Correctly() in /home/chad/repos/witchcityrope-react/tests/WitchCityRope.Infrastructure.Tests/Data/EntityConfigurationTests.cs:line 76
--- End of stack trace from previous location ---
----- Inner Stack Trace -----
   at Microsoft.Data.Sqlite.SqliteException.ThrowExceptionForRC(Int32 rc, sqlite3 db)
   at Microsoft.Data.Sqlite.SqliteDataReader.NextResult()
   at Microsoft.Data.Sqlite.SqliteCommand.ExecuteReader(CommandBehavior behavior)
   at Microsoft.Data.Sqlite.SqliteCommand.ExecuteReaderAsync(CommandBehavior behavior, CancellationToken cancellationToken)
   at Microsoft.Data.Sqlite.SqliteCommand.ExecuteDbDataReaderAsync(CommandBehavior behavior, CancellationToken cancellationToken)
   at Microsoft.EntityFrameworkCore.Storage.RelationalCommand.ExecuteReaderAsync(RelationalCommandParameterObject parameterObject, CancellationToken cancellationToken)
   at Microsoft.EntityFrameworkCore.Storage.RelationalCommand.ExecuteReaderAsync(RelationalCommandParameterObject parameterObject, CancellationToken cancellationToken)
   at Microsoft.EntityFrameworkCore.Update.ReaderModificationCommandBatch.ExecuteAsync(IRelationalConnection connection, CancellationToken cancellationToken)</StackTrace>
        </ErrorInfo>
      </Output>
    </UnitTestResult>
    <UnitTestResult executionId="49c2e6af-4ef2-4842-b476-f267d18212ba" testId="6a6f6355-9fd4-91c1-101e-d3a4ddbfd9e9" testName="WitchCityRope.Infrastructure.Tests.Security.EncryptionServiceTests.Hash_Should_Produce_Different_Hashes_For_Same_Input" computerName="Unbutu-Ai-Chads-PC" duration="00:00:00.4267615" startTime="2025-09-11T15:38:58.3829321-04:00" endTime="2025-09-11T15:38:58.8097108-04:00" testType="13cdc9d9-ddb5-4fa4-a97d-d965ccfc6d4b" outcome="Passed" testListId="8c84fa94-04c1-424b-9868-57a2d4851a1d" relativeResultsDirectory="49c2e6af-4ef2-4842-b476-f267d18212ba" />
    <UnitTestResult executionId="0a103358-31d7-4fee-8a21-ae2fb2bfc70f" testId="7e276b69-25a2-1e91-d250-12381a8ea181" testName="WitchCityRope.Infrastructure.Tests.Data.ConcurrencyTests.Should_Handle_Deadlock_Scenario" computerName="Unbutu-Ai-Chads-PC" duration="00:00:00.2850819" startTime="2025-09-11T15:38:55.1465829-04:00" endTime="2025-09-11T15:38:56.2733816-04:00" testType="13cdc9d9-ddb5-4fa4-a97d-d965ccfc6d4b" outcome="Failed" testListId="8c84fa94-04c1-424b-9868-57a2d4851a1d" relativeResultsDirectory="0a103358-31d7-4fee-8a21-ae2fb2bfc70f">
      <Output>
        <ErrorInfo>
          <Message>System.InvalidOperationException : An error was generated for warning 'Microsoft.EntityFrameworkCore.Database.Transaction.TransactionIgnoredWarning': Transactions are not supported by the in-memory store. See https://go.microsoft.com/fwlink/?LinkId=800142 This exception can be suppressed or logged by passing event ID 'InMemoryEventId.TransactionIgnoredWarning' to the 'ConfigureWarnings' method in 'DbContext.OnConfiguring' or 'AddDbContext'.</Message>
          <StackTrace>   at Microsoft.EntityFrameworkCore.Diagnostics.EventDefinition.Log[TLoggerCategory](IDiagnosticsLogger`1 logger, Exception exception)
   at Microsoft.EntityFrameworkCore.InMemory.Internal.InMemoryLoggerExtensions.TransactionIgnoredWarning(IDiagnosticsLogger`1 diagnostics)
   at Microsoft.EntityFrameworkCore.InMemory.Storage.Internal.InMemoryTransactionManager.BeginTransactionAsync(CancellationToken cancellationToken)
   at Microsoft.EntityFrameworkCore.Infrastructure.DatabaseFacade.BeginTransactionAsync(CancellationToken cancellationToken)
   at WitchCityRope.Infrastructure.Tests.Data.ConcurrencyTests.&lt;&gt;c__DisplayClass5_0.&lt;&lt;Should_Handle_Deadlock_Scenario&gt;b__0&gt;d.MoveNext() in /home/chad/repos/witchcityrope-react/tests/WitchCityRope.Infrastructure.Tests/Data/ConcurrencyTests.cs:line 332
--- End of stack trace from previous location ---
   at WitchCityRope.Infrastructure.Tests.Data.ConcurrencyTests.Should_Handle_Deadlock_Scenario() in /home/chad/repos/witchcityrope-react/tests/WitchCityRope.Infrastructure.Tests/Data/ConcurrencyTests.cs:line 389
--- End of stack trace from previous location ---</StackTrace>
        </ErrorInfo>
      </Output>
    </UnitTestResult>
    <UnitTestResult executionId="f97cb1b8-29a7-4559-a88e-a5a117b78a33" testId="646327bb-2edb-21ab-b78e-1f2eefc3c0b3" testName="WitchCityRope.Infrastructure.Tests.Email.EmailServiceTests.SendBulkEmailAsync_Should_Batch_Large_Recipient_Lists" computerName="Unbutu-Ai-Chads-PC" duration="00:00:00.0010000" startTime="2025-09-11T15:38:55.2323790-04:00" endTime="2025-09-11T15:38:55.2324015-04:00" testType="13cdc9d9-ddb5-4fa4-a97d-d965ccfc6d4b" outcome="NotExecuted" testListId="8c84fa94-04c1-424b-9868-57a2d4851a1d" relativeResultsDirectory="f97cb1b8-29a7-4559-a88e-a5a117b78a33">
      <Output>
        <ErrorInfo>
          <Message>Email service not fully implemented - SendGrid integration pending</Message>
        </ErrorInfo>
      </Output>
    </UnitTestResult>
    <UnitTestResult executionId="3b7ef523-533d-442c-b9c1-7bed7d31207a" testId="239858d9-6523-c1b4-9f7d-78a53c1eac10" testName="WitchCityRope.Infrastructure.Tests.Data.WitchCityRopeDbContextTests.Should_Save_And_Retrieve_User" computerName="Unbutu-Ai-Chads-PC" duration="00:00:00.3885094" startTime="2025-09-11T15:38:55.1451791-04:00" endTime="2025-09-11T15:38:56.3759432-04:00" testType="13cdc9d9-ddb5-4fa4-a97d-d965ccfc6d4b" outcome="Failed" testListId="8c84fa94-04c1-424b-9868-57a2d4851a1d" relativeResultsDirectory="3b7ef523-533d-442c-b9c1-7bed7d31207a">
      <Output>
        <ErrorInfo>
          <Message>Expected retrievedUser not to be &lt;null&gt;.</Message>
          <StackTrace>   at FluentAssertions.Execution.LateBoundTestFramework.Throw(String message)
   at FluentAssertions.Execution.DefaultAssertionStrategy.HandleFailure(String message)
   at FluentAssertions.Execution.AssertionScope.AddPreFormattedFailure(String formattedFailureMessage)
   at FluentAssertions.Execution.AssertionChain.FailWith(Func`1 getFailureReason)
   at FluentAssertions.Execution.AssertionChain.FailWith(Func`1 getFailureReason)
   at FluentAssertions.Execution.AssertionChain.FailWith(String message)
   at FluentAssertions.Primitives.ReferenceTypeAssertions`2.NotBeNull(String because, Object[] becauseArgs)
   at WitchCityRope.Infrastructure.Tests.Data.WitchCityRopeDbContextTests.Should_Save_And_Retrieve_User() in /home/chad/repos/witchcityrope-react/tests/WitchCityRope.Infrastructure.Tests/Data/WitchCityRopeDbContextTests.cs:line 47
--- End of stack trace from previous location ---</StackTrace>
        </ErrorInfo>
      </Output>
    </UnitTestResult>
    <UnitTestResult executionId="eb1488d2-5608-434d-aea0-2cf17fc94de7" testId="2c2006c0-221d-554f-297a-e29ef198d5bd" testName="WitchCityRope.Infrastructure.Tests.Email.EmailServiceTests.SendTemplateEmailAsync_Should_Throw_For_Unknown_Template" computerName="Unbutu-Ai-Chads-PC" duration="00:00:00.0010000" startTime="2025-09-11T15:38:55.2319681-04:00" endTime="2025-09-11T15:38:55.2319891-04:00" testType="13cdc9d9-ddb5-4fa4-a97d-d965ccfc6d4b" outcome="NotExecuted" testListId="8c84fa94-04c1-424b-9868-57a2d4851a1d" relativeResultsDirectory="eb1488d2-5608-434d-aea0-2cf17fc94de7">
      <Output>
        <ErrorInfo>
          <Message>Email service not fully implemented - SendGrid integration pending</Message>
        </ErrorInfo>
      </Output>
    </UnitTestResult>
    <UnitTestResult executionId="4de4893c-e837-494d-a5a5-e5083a11eb5f" testId="748f8264-f4b3-9b6e-bf21-ba9f263ed688" testName="WitchCityRope.Infrastructure.Tests.Security.JwtTokenServiceTests.GenerateToken_Should_Throw_For_Null_User" computerName="Unbutu-Ai-Chads-PC" duration="00:00:00.0002514" startTime="2025-09-11T15:38:55.2561913-04:00" endTime="2025-09-11T15:38:55.2563769-04:00" testType="13cdc9d9-ddb5-4fa4-a97d-d965ccfc6d4b" outcome="Passed" testListId="8c84fa94-04c1-424b-9868-57a2d4851a1d" relativeResultsDirectory="4de4893c-e837-494d-a5a5-e5083a11eb5f" />
    <UnitTestResult executionId="498ca0e6-a5b8-45a4-bbc8-7a97d9a1fbd6" testId="a4c6dfe2-8692-442a-7687-11fe74a57291" testName="WitchCityRope.Infrastructure.Tests.PayPal.PayPalServiceTests.GetPaymentStatusAsync_Should_Return_Failed_On_Exception" computerName="Unbutu-Ai-Chads-PC" duration="00:00:00.0010000" startTime="2025-09-11T15:38:55.2258888-04:00" endTime="2025-09-11T15:38:55.2259050-04:00" testType="13cdc9d9-ddb5-4fa4-a97d-d965ccfc6d4b" outcome="NotExecuted" testListId="8c84fa94-04c1-424b-9868-57a2d4851a1d" relativeResultsDirectory="498ca0e6-a5b8-45a4-bbc8-7a97d9a1fbd6">
      <Output>
        <ErrorInfo>
          <Message>PayPal service not fully implemented - PayPal SDK integration pending</Message>
        </ErrorInfo>
      </Output>
    </UnitTestResult>
    <UnitTestResult executionId="7591aee3-58fe-4df8-a319-029bd11fadc7" testId="e8fd9f68-55b8-c4bd-47ac-7ccdf891ae01" testName="WitchCityRope.Infrastructure.Tests.PayPal.PayPalServiceTests.ProcessRefundAsync_Should_Use_Full_Amount_When_Not_Specified" computerName="Unbutu-Ai-Chads-PC" duration="00:00:00.0010000" startTime="2025-09-11T15:38:55.1892185-04:00" endTime="2025-09-11T15:38:55.1892368-04:00" testType="13cdc9d9-ddb5-4fa4-a97d-d965ccfc6d4b" outcome="NotExecuted" testListId="8c84fa94-04c1-424b-9868-57a2d4851a1d" relativeResultsDirectory="7591aee3-58fe-4df8-a319-029bd11fadc7">
      <Output>
        <ErrorInfo>
          <Message>PayPal service not fully implemented - PayPal SDK integration pending</Message>
        </ErrorInfo>
      </Output>
    </UnitTestResult>
    <UnitTestResult executionId="98802b15-da49-4919-9192-09da5d8fb3bb" testId="87abcabe-5648-fdf1-3a5d-705e67f3c3fe" testName="WitchCityRope.Infrastructure.Tests.PayPal.PayPalServiceTests.CreatePaymentIntentAsync_Should_Return_Valid_Intent" computerName="Unbutu-Ai-Chads-PC" duration="00:00:00.0010000" startTime="2025-09-11T15:38:55.2337616-04:00" endTime="2025-09-11T15:38:55.2337754-04:00" testType="13cdc9d9-ddb5-4fa4-a97d-d965ccfc6d4b" outcome="NotExecuted" testListId="8c84fa94-04c1-424b-9868-57a2d4851a1d" relativeResultsDirectory="98802b15-da49-4919-9192-09da5d8fb3bb">
      <Output>
        <ErrorInfo>
          <Message>PayPal service not fully implemented - PayPal SDK integration pending</Message>
        </ErrorInfo>
      </Output>
    </UnitTestResult>
    <UnitTestResult executionId="f0a6f622-1074-4f52-a737-319fb0bc1b38" testId="b9694bad-42e0-0c76-3c47-bc8dece9f7e0" testName="WitchCityRope.Infrastructure.Tests.Data.EntityConfigurationTests.Payment_Registration_Relationship_Should_Be_Configured_Correctly" computerName="Unbutu-Ai-Chads-PC" duration="00:00:00.0288880" startTime="2025-09-11T15:38:56.7855550-04:00" endTime="2025-09-11T15:38:56.8536290-04:00" testType="13cdc9d9-ddb5-4fa4-a97d-d965ccfc6d4b" outcome="Failed" testListId="8c84fa94-04c1-424b-9868-57a2d4851a1d" relativeResultsDirectory="f0a6f622-1074-4f52-a737-319fb0bc1b38">
      <Output>
        <ErrorInfo>
          <Message>Microsoft.EntityFrameworkCore.DbUpdateException : An error occurred while saving the entity changes. See the inner exception for details.
---- Microsoft.Data.Sqlite.SqliteException : SQLite Error 19: 'NOT NULL constraint failed: Registrations.DietaryRestrictions'.</Message>
          <StackTrace>   at Microsoft.EntityFrameworkCore.Update.ReaderModificationCommandBatch.ExecuteAsync(IRelationalConnection connection, CancellationToken cancellationToken)
   at Microsoft.EntityFrameworkCore.Update.Internal.BatchExecutor.ExecuteAsync(IEnumerable`1 commandBatches, IRelationalConnection connection, CancellationToken cancellationToken)
   at Microsoft.EntityFrameworkCore.Update.Internal.BatchExecutor.ExecuteAsync(IEnumerable`1 commandBatches, IRelationalConnection connection, CancellationToken cancellationToken)
   at Microsoft.EntityFrameworkCore.Update.Internal.BatchExecutor.ExecuteAsync(IEnumerable`1 commandBatches, IRelationalConnection connection, CancellationToken cancellationToken)
   at Microsoft.EntityFrameworkCore.Storage.RelationalDatabase.SaveChangesAsync(IList`1 entries, CancellationToken cancellationToken)
   at Microsoft.EntityFrameworkCore.ChangeTracking.Internal.StateManager.SaveChangesAsync(IList`1 entriesToSave, CancellationToken cancellationToken)
   at Microsoft.EntityFrameworkCore.ChangeTracking.Internal.StateManager.SaveChangesAsync(StateManager stateManager, Boolean acceptAllChangesOnSuccess, CancellationToken cancellationToken)
   at Microsoft.EntityFrameworkCore.DbContext.SaveChangesAsync(Boolean acceptAllChangesOnSuccess, CancellationToken cancellationToken)
   at Microsoft.EntityFrameworkCore.DbContext.SaveChangesAsync(Boolean acceptAllChangesOnSuccess, CancellationToken cancellationToken)
   at WitchCityRope.Infrastructure.Data.WitchCityRopeDbContext.SaveChangesAsync(CancellationToken cancellationToken) in /home/chad/repos/witchcityrope-react/src/WitchCityRope.Infrastructure/Data/WitchCityRopeDbContext.cs:line 58
   at WitchCityRope.Infrastructure.Tests.Data.EntityConfigurationTests.Payment_Registration_Relationship_Should_Be_Configured_Correctly() in /home/chad/repos/witchcityrope-react/tests/WitchCityRope.Infrastructure.Tests/Data/EntityConfigurationTests.cs:line 111
--- End of stack trace from previous location ---
----- Inner Stack Trace -----
   at Microsoft.Data.Sqlite.SqliteException.ThrowExceptionForRC(Int32 rc, sqlite3 db)
   at Microsoft.Data.Sqlite.SqliteDataReader.NextResult()
   at Microsoft.Data.Sqlite.SqliteCommand.ExecuteReader(CommandBehavior behavior)
   at Microsoft.Data.Sqlite.SqliteCommand.ExecuteReaderAsync(CommandBehavior behavior, CancellationToken cancellationToken)
   at Microsoft.Data.Sqlite.SqliteCommand.ExecuteDbDataReaderAsync(CommandBehavior behavior, CancellationToken cancellationToken)
   at Microsoft.EntityFrameworkCore.Storage.RelationalCommand.ExecuteReaderAsync(RelationalCommandParameterObject parameterObject, CancellationToken cancellationToken)
   at Microsoft.EntityFrameworkCore.Storage.RelationalCommand.ExecuteReaderAsync(RelationalCommandParameterObject parameterObject, CancellationToken cancellationToken)
   at Microsoft.EntityFrameworkCore.Update.ReaderModificationCommandBatch.ExecuteAsync(IRelationalConnection connection, CancellationToken cancellationToken)</StackTrace>
        </ErrorInfo>
      </Output>
    </UnitTestResult>
    <UnitTestResult executionId="657584af-3084-4c1e-baba-90dda2e67ecf" testId="9fe6d175-d2ab-6131-d5d1-c65e74e5832a" testName="WitchCityRope.Infrastructure.Tests.Security.JwtTokenServiceTests.GetUserIdFromToken_Should_Return_Null_For_Invalid_Token" computerName="Unbutu-Ai-Chads-PC" duration="00:00:00.0004371" startTime="2025-09-11T15:38:55.2723870-04:00" endTime="2025-09-11T15:38:55.2727279-04:00" testType="13cdc9d9-ddb5-4fa4-a97d-d965ccfc6d4b" outcome="Passed" testListId="8c84fa94-04c1-424b-9868-57a2d4851a1d" relativeResultsDirectory="657584af-3084-4c1e-baba-90dda2e67ecf" />
    <UnitTestResult executionId="adc380cd-225e-41cd-9181-e58d079342e2" testId="201d5940-7e4c-301c-43c7-cd72598ac0d0" testName="WitchCityRope.Infrastructure.Tests.Data.MigrationTests.Should_Have_Correct_Schema_After_Migration" computerName="Unbutu-Ai-Chads-PC" duration="00:00:00.2186171" startTime="2025-09-11T15:38:58.0896882-04:00" endTime="2025-09-11T15:38:58.3077908-04:00" testType="13cdc9d9-ddb5-4fa4-a97d-d965ccfc6d4b" outcome="Failed" testListId="8c84fa94-04c1-424b-9868-57a2d4851a1d" relativeResultsDirectory="adc380cd-225e-41cd-9181-e58d079342e2">
      <Output>
        <ErrorInfo>
          <Message>System.InvalidOperationException : An error was generated for warning 'Microsoft.EntityFrameworkCore.Migrations.PendingModelChangesWarning': The model for context 'WitchCityRopeDbContext' has pending changes. Add a new migration before updating the database. See https://aka.ms/efcore-docs-pending-changes. This exception can be suppressed or logged by passing event ID 'RelationalEventId.PendingModelChangesWarning' to the 'ConfigureWarnings' method in 'DbContext.OnConfiguring' or 'AddDbContext'.</Message>
          <StackTrace>   at Microsoft.EntityFrameworkCore.Diagnostics.EventDefinition`1.Log[TLoggerCategory](IDiagnosticsLogger`1 logger, TParam arg)
   at Microsoft.EntityFrameworkCore.Diagnostics.RelationalLoggerExtensions.PendingModelChangesWarning(IDiagnosticsLogger`1 diagnostics, Type contextType)
   at Microsoft.EntityFrameworkCore.Migrations.Internal.Migrator.ValidateMigrations(Boolean useTransaction, String targetMigration)
   at Microsoft.EntityFrameworkCore.Migrations.Internal.Migrator.MigrateAsync(String targetMigration, CancellationToken cancellationToken)
   at Npgsql.EntityFrameworkCore.PostgreSQL.Migrations.Internal.NpgsqlMigrator.MigrateAsync(String targetMigration, CancellationToken cancellationToken)
   at WitchCityRope.Infrastructure.Tests.Data.MigrationTests.Should_Have_Correct_Schema_After_Migration() in /home/chad/repos/witchcityrope-react/tests/WitchCityRope.Infrastructure.Tests/Data/MigrationTests.cs:line 65
--- End of stack trace from previous location ---</StackTrace>
        </ErrorInfo>
      </Output>
    </UnitTestResult>
    <UnitTestResult executionId="b8973d14-1182-4127-95a3-52cc22fd7d07" testId="ff4e921f-20b7-1709-b98d-0805a1ad4ff6" testName="WitchCityRope.Infrastructure.Tests.Data.MigrationTests.Model_Should_Match_Database_Schema" computerName="Unbutu-Ai-Chads-PC" duration="00:00:00.0391382" startTime="2025-09-11T15:38:58.7235929-04:00" endTime="2025-09-11T15:38:58.7620046-04:00" testType="13cdc9d9-ddb5-4fa4-a97d-d965ccfc6d4b" outcome="Failed" testListId="8c84fa94-04c1-424b-9868-57a2d4851a1d" relativeResultsDirectory="b8973d14-1182-4127-95a3-52cc22fd7d07">
      <Output>
        <ErrorInfo>
          <Message>Expected pendingModelChanges to be False because The model should match the database schema, but found True.</Message>
          <StackTrace>   at FluentAssertions.Execution.LateBoundTestFramework.Throw(String message)
   at FluentAssertions.Execution.DefaultAssertionStrategy.HandleFailure(String message)
   at FluentAssertions.Execution.AssertionScope.AddPreFormattedFailure(String formattedFailureMessage)
   at FluentAssertions.Execution.AssertionChain.FailWith(Func`1 getFailureReason)
   at FluentAssertions.Execution.AssertionChain.FailWith(Func`1 getFailureReason)
   at FluentAssertions.Execution.AssertionChain.FailWith(String message, Object[] args)
   at FluentAssertions.Primitives.BooleanAssertions`1.BeFalse(String because, Object[] becauseArgs)
   at WitchCityRope.Infrastructure.Tests.Data.MigrationTests.Model_Should_Match_Database_Schema() in /home/chad/repos/witchcityrope-react/tests/WitchCityRope.Infrastructure.Tests/Data/MigrationTests.cs:line 138
   at System.RuntimeMethodHandle.InvokeMethod(Object target, Void** arguments, Signature sig, Boolean isConstructor)
   at System.Reflection.MethodBaseInvoker.InvokeWithNoArgs(Object obj, BindingFlags invokeAttr)</StackTrace>
        </ErrorInfo>
      </Output>
    </UnitTestResult>
    <UnitTestResult executionId="a52a813d-403f-4825-bd34-e2a389a4b1d7" testId="e21cd5c6-324b-c676-dab9-0bd35c2ac14e" testName="WitchCityRope.Infrastructure.Tests.Security.EncryptionServiceTests.Encryption_Should_Fail_With_Different_Keys" computerName="Unbutu-Ai-Chads-PC" duration="00:00:00.0025887" startTime="2025-09-11T15:38:57.7394046-04:00" endTime="2025-09-11T15:38:57.7419649-04:00" testType="13cdc9d9-ddb5-4fa4-a97d-d965ccfc6d4b" outcome="Passed" testListId="8c84fa94-04c1-424b-9868-57a2d4851a1d" relativeResultsDirectory="a52a813d-403f-4825-bd34-e2a389a4b1d7" />
    <UnitTestResult executionId="c7097357-b12c-4ab0-afd0-b3ea8306cd38" testId="13978cf6-8116-d9d2-5159-ee260bc86d7b" testName="WitchCityRope.Infrastructure.Tests.Security.JwtTokenServiceTests.Constructor_Should_Throw_When_Configuration_Is_Null" computerName="Unbutu-Ai-Chads-PC" duration="00:00:00.0004263" startTime="2025-09-11T15:38:55.2525382-04:00" endTime="2025-09-11T15:38:55.2528444-04:00" testType="13cdc9d9-ddb5-4fa4-a97d-d965ccfc6d4b" outcome="Passed" testListId="8c84fa94-04c1-424b-9868-57a2d4851a1d" relativeResultsDirectory="c7097357-b12c-4ab0-afd0-b3ea8306cd38" />
    <UnitTestResult executionId="44f12fb5-2230-4bf1-a4fa-7f91535b052b" testId="cee07bb6-f0e2-062a-9298-b31e489309dc" testName="WitchCityRope.Infrastructure.Tests.Security.EncryptionServiceTests.EncryptAsync_Should_Encrypt_Plain_Text" computerName="Unbutu-Ai-Chads-PC" duration="00:00:00.0009840" startTime="2025-09-11T15:38:59.0263010-04:00" endTime="2025-09-11T15:38:59.0266530-04:00" testType="13cdc9d9-ddb5-4fa4-a97d-d965ccfc6d4b" outcome="Passed" testListId="8c84fa94-04c1-424b-9868-57a2d4851a1d" relativeResultsDirectory="44f12fb5-2230-4bf1-a4fa-7f91535b052b" />
    <UnitTestResult executionId="0bf578f2-82be-4c17-b6a5-861c11f36ef6" testId="77f47604-3476-c76e-0620-42e3a18a923a" testName="WitchCityRope.Infrastructure.Tests.Data.ConcurrencyTests.Should_Handle_Concurrent_Updates_With_Retry_Logic" computerName="Unbutu-Ai-Chads-PC" duration="00:00:00.0604703" startTime="2025-09-11T15:38:56.2743678-04:00" endTime="2025-09-11T15:38:56.3734018-04:00" testType="13cdc9d9-ddb5-4fa4-a97d-d965ccfc6d4b" outcome="Failed" testListId="8c84fa94-04c1-424b-9868-57a2d4851a1d" relativeResultsDirectory="0bf578f2-82be-4c17-b6a5-861c11f36ef6">
      <Output>
        <ErrorInfo>
          <Message>System.InvalidOperationException : Sequence contains no elements</Message>
          <StackTrace>   at System.Linq.ThrowHelper.ThrowNoElementsException()
   at lambda_method1238(Closure)
   at Microsoft.EntityFrameworkCore.InMemory.Query.Internal.InMemoryQueryExpression.ResultEnumerable.GetEnumerator()
   at Microsoft.EntityFrameworkCore.InMemory.Query.Internal.InMemoryShapedQueryCompilingExpressionVisitor.QueryingEnumerable`1.Enumerator.MoveNextHelper()
   at Microsoft.EntityFrameworkCore.InMemory.Query.Internal.InMemoryShapedQueryCompilingExpressionVisitor.QueryingEnumerable`1.Enumerator.MoveNextAsync()
   at Microsoft.EntityFrameworkCore.Query.ShapedQueryCompilingExpressionVisitor.SingleAsync[TSource](IAsyncEnumerable`1 asyncEnumerable, CancellationToken cancellationToken)
   at Microsoft.EntityFrameworkCore.Query.ShapedQueryCompilingExpressionVisitor.SingleAsync[TSource](IAsyncEnumerable`1 asyncEnumerable, CancellationToken cancellationToken)
   at WitchCityRope.Infrastructure.Tests.Data.ConcurrencyTests.&lt;&gt;c__DisplayClass4_1.&lt;&lt;Should_Handle_Concurrent_Updates_With_Retry_Logic&gt;b__1&gt;d.MoveNext() in /home/chad/repos/witchcityrope-react/tests/WitchCityRope.Infrastructure.Tests/Data/ConcurrencyTests.cs:line 279
--- End of stack trace from previous location ---
   at WitchCityRope.Infrastructure.Tests.Data.ConcurrencyTests.Should_Handle_Concurrent_Updates_With_Retry_Logic() in /home/chad/repos/witchcityrope-react/tests/WitchCityRope.Infrastructure.Tests/Data/ConcurrencyTests.cs:line 304
--- End of stack trace from previous location ---</StackTrace>
        </ErrorInfo>
      </Output>
    </UnitTestResult>
    <UnitTestResult executionId="20f9d14b-2f2e-49fb-8ce5-32969877b6c6" testId="58073b91-70b6-9fb3-000c-90ec0c036dad" testName="WitchCityRope.Infrastructure.Tests.Data.ComplexQueryTests.Should_Query_Event_Statistics" computerName="Unbutu-Ai-Chads-PC" duration="00:00:00.0010000" startTime="2025-09-11T15:38:56.4201834-04:00" endTime="2025-09-11T15:38:56.5627615-04:00" testType="13cdc9d9-ddb5-4fa4-a97d-d965ccfc6d4b" outcome="Failed" testListId="8c84fa94-04c1-424b-9868-57a2d4851a1d" relativeResultsDirectory="20f9d14b-2f2e-49fb-8ce5-32969877b6c6">
      <Output>
        <ErrorInfo>
          <Message>Microsoft.EntityFrameworkCore.DbUpdateException : An error occurred while saving the entity changes. See the inner exception for details.
---- Microsoft.Data.Sqlite.SqliteException : SQLite Error 19: 'NOT NULL constraint failed: Registrations.DietaryRestrictions'.</Message>
          <StackTrace>   at Microsoft.EntityFrameworkCore.Update.ReaderModificationCommandBatch.ExecuteAsync(IRelationalConnection connection, CancellationToken cancellationToken)
   at Microsoft.EntityFrameworkCore.Update.Internal.BatchExecutor.ExecuteAsync(IEnumerable`1 commandBatches, IRelationalConnection connection, CancellationToken cancellationToken)
   at Microsoft.EntityFrameworkCore.Update.Internal.BatchExecutor.ExecuteAsync(IEnumerable`1 commandBatches, IRelationalConnection connection, CancellationToken cancellationToken)
   at Microsoft.EntityFrameworkCore.Update.Internal.BatchExecutor.ExecuteAsync(IEnumerable`1 commandBatches, IRelationalConnection connection, CancellationToken cancellationToken)
   at Microsoft.EntityFrameworkCore.Storage.RelationalDatabase.SaveChangesAsync(IList`1 entries, CancellationToken cancellationToken)
   at Microsoft.EntityFrameworkCore.ChangeTracking.Internal.StateManager.SaveChangesAsync(IList`1 entriesToSave, CancellationToken cancellationToken)
   at Microsoft.EntityFrameworkCore.ChangeTracking.Internal.StateManager.SaveChangesAsync(StateManager stateManager, Boolean acceptAllChangesOnSuccess, CancellationToken cancellationToken)
   at Microsoft.EntityFrameworkCore.DbContext.SaveChangesAsync(Boolean acceptAllChangesOnSuccess, CancellationToken cancellationToken)
   at Microsoft.EntityFrameworkCore.DbContext.SaveChangesAsync(Boolean acceptAllChangesOnSuccess, CancellationToken cancellationToken)
   at WitchCityRope.Infrastructure.Data.WitchCityRopeDbContext.SaveChangesAsync(CancellationToken cancellationToken) in /home/chad/repos/witchcityrope-react/src/WitchCityRope.Infrastructure/Data/WitchCityRopeDbContext.cs:line 58
   at WitchCityRope.Infrastructure.Tests.Data.ComplexQueryTests.SeedDataAsync() in /home/chad/repos/witchcityrope-react/tests/WitchCityRope.Infrastructure.Tests/Data/ComplexQueryTests.cs:line 63
   at WitchCityRope.Infrastructure.Tests.Fixtures.IntegrationTestBase.InitializeAsync() in /home/chad/repos/witchcityrope-react/tests/WitchCityRope.Infrastructure.Tests/Fixtures/IntegrationTestBase.cs:line 41
----- Inner Stack Trace -----
   at Microsoft.Data.Sqlite.SqliteException.ThrowExceptionForRC(Int32 rc, sqlite3 db)
   at Microsoft.Data.Sqlite.SqliteDataReader.NextResult()
   at Microsoft.Data.Sqlite.SqliteCommand.ExecuteReader(CommandBehavior behavior)
   at Microsoft.Data.Sqlite.SqliteCommand.ExecuteReaderAsync(CommandBehavior behavior, CancellationToken cancellationToken)
   at Microsoft.Data.Sqlite.SqliteCommand.ExecuteDbDataReaderAsync(CommandBehavior behavior, CancellationToken cancellationToken)
   at Microsoft.EntityFrameworkCore.Storage.RelationalCommand.ExecuteReaderAsync(RelationalCommandParameterObject parameterObject, CancellationToken cancellationToken)
   at Microsoft.EntityFrameworkCore.Storage.RelationalCommand.ExecuteReaderAsync(RelationalCommandParameterObject parameterObject, CancellationToken cancellationToken)
   at Microsoft.EntityFrameworkCore.Update.ReaderModificationCommandBatch.ExecuteAsync(IRelationalConnection connection, CancellationToken cancellationToken)</StackTrace>
        </ErrorInfo>
      </Output>
    </UnitTestResult>
    <UnitTestResult executionId="95e2a3f8-f22d-40f0-98e6-45b54286535b" testId="42dc7df1-96a1-4d9a-de82-432b5eb500ec" testName="WitchCityRope.Infrastructure.Tests.Data.ComplexQueryTests.Should_Query_User_Registration_History" computerName="Unbutu-Ai-Chads-PC" duration="00:00:00.0010000" startTime="2025-09-11T15:38:55.1465182-04:00" endTime="2025-09-11T15:38:56.2804753-04:00" testType="13cdc9d9-ddb5-4fa4-a97d-d965ccfc6d4b" outcome="Failed" testListId="8c84fa94-04c1-424b-9868-57a2d4851a1d" relativeResultsDirectory="95e2a3f8-f22d-40f0-98e6-45b54286535b">
      <Output>
        <ErrorInfo>
          <Message>Microsoft.EntityFrameworkCore.DbUpdateException : An error occurred while saving the entity changes. See the inner exception for details.
---- Microsoft.Data.Sqlite.SqliteException : SQLite Error 19: 'NOT NULL constraint failed: Registrations.DietaryRestrictions'.</Message>
          <StackTrace>   at Microsoft.EntityFrameworkCore.Update.ReaderModificationCommandBatch.ExecuteAsync(IRelationalConnection connection, CancellationToken cancellationToken)
   at Microsoft.EntityFrameworkCore.Update.Internal.BatchExecutor.ExecuteAsync(IEnumerable`1 commandBatches, IRelationalConnection connection, CancellationToken cancellationToken)
   at Microsoft.EntityFrameworkCore.Update.Internal.BatchExecutor.ExecuteAsync(IEnumerable`1 commandBatches, IRelationalConnection connection, CancellationToken cancellationToken)
   at Microsoft.EntityFrameworkCore.Update.Internal.BatchExecutor.ExecuteAsync(IEnumerable`1 commandBatches, IRelationalConnection connection, CancellationToken cancellationToken)
   at Microsoft.EntityFrameworkCore.Storage.RelationalDatabase.SaveChangesAsync(IList`1 entries, CancellationToken cancellationToken)
   at Microsoft.EntityFrameworkCore.ChangeTracking.Internal.StateManager.SaveChangesAsync(IList`1 entriesToSave, CancellationToken cancellationToken)
   at Microsoft.EntityFrameworkCore.ChangeTracking.Internal.StateManager.SaveChangesAsync(StateManager stateManager, Boolean acceptAllChangesOnSuccess, CancellationToken cancellationToken)
   at Microsoft.EntityFrameworkCore.DbContext.SaveChangesAsync(Boolean acceptAllChangesOnSuccess, CancellationToken cancellationToken)
   at Microsoft.EntityFrameworkCore.DbContext.SaveChangesAsync(Boolean acceptAllChangesOnSuccess, CancellationToken cancellationToken)
   at WitchCityRope.Infrastructure.Data.WitchCityRopeDbContext.SaveChangesAsync(CancellationToken cancellationToken) in /home/chad/repos/witchcityrope-react/src/WitchCityRope.Infrastructure/Data/WitchCityRopeDbContext.cs:line 58
   at WitchCityRope.Infrastructure.Tests.Data.ComplexQueryTests.SeedDataAsync() in /home/chad/repos/witchcityrope-react/tests/WitchCityRope.Infrastructure.Tests/Data/ComplexQueryTests.cs:line 63
   at WitchCityRope.Infrastructure.Tests.Fixtures.IntegrationTestBase.InitializeAsync() in /home/chad/repos/witchcityrope-react/tests/WitchCityRope.Infrastructure.Tests/Fixtures/IntegrationTestBase.cs:line 41
----- Inner Stack Trace -----
   at Microsoft.Data.Sqlite.SqliteException.ThrowExceptionForRC(Int32 rc, sqlite3 db)
   at Microsoft.Data.Sqlite.SqliteDataReader.NextResult()
   at Microsoft.Data.Sqlite.SqliteCommand.ExecuteReader(CommandBehavior behavior)
   at Microsoft.Data.Sqlite.SqliteCommand.ExecuteReaderAsync(CommandBehavior behavior, CancellationToken cancellationToken)
   at Microsoft.Data.Sqlite.SqliteCommand.ExecuteDbDataReaderAsync(CommandBehavior behavior, CancellationToken cancellationToken)
   at Microsoft.EntityFrameworkCore.Storage.RelationalCommand.ExecuteReaderAsync(RelationalCommandParameterObject parameterObject, CancellationToken cancellationToken)
   at Microsoft.EntityFrameworkCore.Storage.RelationalCommand.ExecuteReaderAsync(RelationalCommandParameterObject parameterObject, CancellationToken cancellationToken)
   at Microsoft.EntityFrameworkCore.Update.ReaderModificationCommandBatch.ExecuteAsync(IRelationalConnection connection, CancellationToken cancellationToken)</StackTrace>
        </ErrorInfo>
      </Output>
    </UnitTestResult>
    <UnitTestResult executionId="d4cbbed0-7d2a-4c96-932d-f98c117bb363" testId="f69cea75-c037-0d47-d3fb-10191b89beda" testName="WitchCityRope.Infrastructure.Tests.Data.ConcurrencyTests.Should_Handle_Parallel_Bulk_Operations" computerName="Unbutu-Ai-Chads-PC" duration="00:00:00.1785796" startTime="2025-09-11T15:38:56.4363791-04:00" endTime="2025-09-11T15:38:56.6543548-04:00" testType="13cdc9d9-ddb5-4fa4-a97d-d965ccfc6d4b" outcome="Passed" testListId="8c84fa94-04c1-424b-9868-57a2d4851a1d" relativeResultsDirectory="d4cbbed0-7d2a-4c96-932d-f98c117bb363" />
    <UnitTestResult executionId="6e555cb3-4d98-40bf-8973-f41d5ee64113" testId="5b0a3d64-a64f-8568-d161-26c211e26ebb" testName="WitchCityRope.Infrastructure.Tests.Data.ConcurrencyTests.Should_Handle_Concurrent_Event_Registration" computerName="Unbutu-Ai-Chads-PC" duration="00:00:00.0373355" startTime="2025-09-11T15:38:56.7830136-04:00" endTime="2025-09-11T15:38:56.8592512-04:00" testType="13cdc9d9-ddb5-4fa4-a97d-d965ccfc6d4b" outcome="Failed" testListId="8c84fa94-04c1-424b-9868-57a2d4851a1d" relativeResultsDirectory="6e555cb3-4d98-40bf-8973-f41d5ee64113">
      <Output>
        <ErrorInfo>
          <Message>System.InvalidOperationException : Sequence contains no elements</Message>
          <StackTrace>   at System.Linq.ThrowHelper.ThrowNoElementsException()
   at lambda_method2696(Closure)
   at Microsoft.EntityFrameworkCore.InMemory.Query.Internal.InMemoryQueryExpression.ResultEnumerable.GetEnumerator()
   at Microsoft.EntityFrameworkCore.InMemory.Query.Internal.InMemoryShapedQueryCompilingExpressionVisitor.QueryingEnumerable`1.Enumerator.MoveNextHelper()
   at Microsoft.EntityFrameworkCore.InMemory.Query.Internal.InMemoryShapedQueryCompilingExpressionVisitor.QueryingEnumerable`1.Enumerator.MoveNextAsync()
   at Microsoft.EntityFrameworkCore.Query.ShapedQueryCompilingExpressionVisitor.SingleAsync[TSource](IAsyncEnumerable`1 asyncEnumerable, CancellationToken cancellationToken)
   at Microsoft.EntityFrameworkCore.Query.ShapedQueryCompilingExpressionVisitor.SingleAsync[TSource](IAsyncEnumerable`1 asyncEnumerable, CancellationToken cancellationToken)
   at WitchCityRope.Infrastructure.Tests.Data.ConcurrencyTests.&lt;&gt;c__DisplayClass1_1.&lt;&lt;Should_Handle_Concurrent_Event_Registration&gt;b__1&gt;d.MoveNext() in /home/chad/repos/witchcityrope-react/tests/WitchCityRope.Infrastructure.Tests/Data/ConcurrencyTests.cs:line 72
--- End of stack trace from previous location ---
   at WitchCityRope.Infrastructure.Tests.Data.ConcurrencyTests.Should_Handle_Concurrent_Event_Registration() in /home/chad/repos/witchcityrope-react/tests/WitchCityRope.Infrastructure.Tests/Data/ConcurrencyTests.cs:line 107
--- End of stack trace from previous location ---</StackTrace>
        </ErrorInfo>
      </Output>
    </UnitTestResult>
    <UnitTestResult executionId="43ae2f94-b3e3-473d-856e-ce181124e583" testId="69221b6b-5e06-008b-d928-3f77a40328a2" testName="WitchCityRope.Infrastructure.Tests.Data.WitchCityRopeDbContextTests.Should_Update_Audit_Fields_On_Modify" computerName="Unbutu-Ai-Chads-PC" duration="00:00:00.1092053" startTime="2025-09-11T15:38:56.5472790-04:00" endTime="2025-09-11T15:38:56.6995437-04:00" testType="13cdc9d9-ddb5-4fa4-a97d-d965ccfc6d4b" outcome="Passed" testListId="8c84fa94-04c1-424b-9868-57a2d4851a1d" relativeResultsDirectory="43ae2f94-b3e3-473d-856e-ce181124e583" />
    <UnitTestResult executionId="c667d734-27ff-4d54-8511-16b0607d8baa" testId="41ae648d-7fc7-ba2f-c06a-44229c2bffd5" testName="WitchCityRope.Infrastructure.Tests.Security.EncryptionServiceTests.DecryptAsync_Should_Return_Null_For_Null_Input" computerName="Unbutu-Ai-Chads-PC" duration="00:00:00.0134085" startTime="2025-09-11T15:38:55.1464118-04:00" endTime="2025-09-11T15:38:55.1931178-04:00" testType="13cdc9d9-ddb5-4fa4-a97d-d965ccfc6d4b" outcome="Passed" testListId="8c84fa94-04c1-424b-9868-57a2d4851a1d" relativeResultsDirectory="c667d734-27ff-4d54-8511-16b0607d8baa" />
    <UnitTestResult executionId="7602e40d-9004-40c4-aa37-197865185ab7" testId="ce5d819c-5ce5-57c8-bafb-b7d7723680d9" testName="WitchCityRope.Infrastructure.Tests.Data.ComplexQueryTests.Should_Handle_Complex_Filtering_And_Sorting" computerName="Unbutu-Ai-Chads-PC" duration="00:00:00.0010000" startTime="2025-09-11T15:38:57.1154989-04:00" endTime="2025-09-11T15:38:57.2350620-04:00" testType="13cdc9d9-ddb5-4fa4-a97d-d965ccfc6d4b" outcome="Failed" testListId="8c84fa94-04c1-424b-9868-57a2d4851a1d" relativeResultsDirectory="7602e40d-9004-40c4-aa37-197865185ab7">
      <Output>
        <ErrorInfo>
          <Message>Microsoft.EntityFrameworkCore.DbUpdateException : An error occurred while saving the entity changes. See the inner exception for details.
---- Microsoft.Data.Sqlite.SqliteException : SQLite Error 19: 'NOT NULL constraint failed: Registrations.DietaryRestrictions'.</Message>
          <StackTrace>   at Microsoft.EntityFrameworkCore.Update.ReaderModificationCommandBatch.ExecuteAsync(IRelationalConnection connection, CancellationToken cancellationToken)
   at Microsoft.EntityFrameworkCore.Update.Internal.BatchExecutor.ExecuteAsync(IEnumerable`1 commandBatches, IRelationalConnection connection, CancellationToken cancellationToken)
   at Microsoft.EntityFrameworkCore.Update.Internal.BatchExecutor.ExecuteAsync(IEnumerable`1 commandBatches, IRelationalConnection connection, CancellationToken cancellationToken)
   at Microsoft.EntityFrameworkCore.Update.Internal.BatchExecutor.ExecuteAsync(IEnumerable`1 commandBatches, IRelationalConnection connection, CancellationToken cancellationToken)
   at Microsoft.EntityFrameworkCore.Storage.RelationalDatabase.SaveChangesAsync(IList`1 entries, CancellationToken cancellationToken)
   at Microsoft.EntityFrameworkCore.ChangeTracking.Internal.StateManager.SaveChangesAsync(IList`1 entriesToSave, CancellationToken cancellationToken)
   at Microsoft.EntityFrameworkCore.ChangeTracking.Internal.StateManager.SaveChangesAsync(StateManager stateManager, Boolean acceptAllChangesOnSuccess, CancellationToken cancellationToken)
   at Microsoft.EntityFrameworkCore.DbContext.SaveChangesAsync(Boolean acceptAllChangesOnSuccess, CancellationToken cancellationToken)
   at Microsoft.EntityFrameworkCore.DbContext.SaveChangesAsync(Boolean acceptAllChangesOnSuccess, CancellationToken cancellationToken)
   at WitchCityRope.Infrastructure.Data.WitchCityRopeDbContext.SaveChangesAsync(CancellationToken cancellationToken) in /home/chad/repos/witchcityrope-react/src/WitchCityRope.Infrastructure/Data/WitchCityRopeDbContext.cs:line 58
   at WitchCityRope.Infrastructure.Tests.Data.ComplexQueryTests.SeedDataAsync() in /home/chad/repos/witchcityrope-react/tests/WitchCityRope.Infrastructure.Tests/Data/ComplexQueryTests.cs:line 63
   at WitchCityRope.Infrastructure.Tests.Fixtures.IntegrationTestBase.InitializeAsync() in /home/chad/repos/witchcityrope-react/tests/WitchCityRope.Infrastructure.Tests/Fixtures/IntegrationTestBase.cs:line 41
----- Inner Stack Trace -----
   at Microsoft.Data.Sqlite.SqliteException.ThrowExceptionForRC(Int32 rc, sqlite3 db)
   at Microsoft.Data.Sqlite.SqliteDataReader.NextResult()
   at Microsoft.Data.Sqlite.SqliteCommand.ExecuteReader(CommandBehavior behavior)
   at Microsoft.Data.Sqlite.SqliteCommand.ExecuteReaderAsync(CommandBehavior behavior, CancellationToken cancellationToken)
   at Microsoft.Data.Sqlite.SqliteCommand.ExecuteDbDataReaderAsync(CommandBehavior behavior, CancellationToken cancellationToken)
   at Microsoft.EntityFrameworkCore.Storage.RelationalCommand.ExecuteReaderAsync(RelationalCommandParameterObject parameterObject, CancellationToken cancellationToken)
   at Microsoft.EntityFrameworkCore.Storage.RelationalCommand.ExecuteReaderAsync(RelationalCommandParameterObject parameterObject, CancellationToken cancellationToken)
   at Microsoft.EntityFrameworkCore.Update.ReaderModificationCommandBatch.ExecuteAsync(IRelationalConnection connection, CancellationToken cancellationToken)</StackTrace>
        </ErrorInfo>
      </Output>
    </UnitTestResult>
    <UnitTestResult executionId="f784b0a8-85b0-4a82-accd-963c11f7506c" testId="38d9a3a3-e1c3-68c6-2d7a-903c09e97244" testName="WitchCityRope.Infrastructure.Tests.Security.EncryptionServiceTests.VerifyHash_Should_Return_False_For_Incorrect_Password" computerName="Unbutu-Ai-Chads-PC" duration="00:00:01.7082652" startTime="2025-09-11T15:38:55.2091280-04:00" endTime="2025-09-11T15:38:56.9173474-04:00" testType="13cdc9d9-ddb5-4fa4-a97d-d965ccfc6d4b" outcome="Passed" testListId="8c84fa94-04c1-424b-9868-57a2d4851a1d" relativeResultsDirectory="f784b0a8-85b0-4a82-accd-963c11f7506c" />
    <UnitTestResult executionId="9237008a-4b94-4720-a21a-a23d1151bf7b" testId="26b9f878-3757-489b-6626-eca8d0f72307" testName="WitchCityRope.Infrastructure.Tests.Data.EntityConfigurationTests.User_Configuration_Should_Store_Value_Objects_Correctly" computerName="Unbutu-Ai-Chads-PC" duration="00:00:00.1357730" startTime="2025-09-11T15:38:56.1491394-04:00" endTime="2025-09-11T15:38:56.3751634-04:00" testType="13cdc9d9-ddb5-4fa4-a97d-d965ccfc6d4b" outcome="Failed" testListId="8c84fa94-04c1-424b-9868-57a2d4851a1d" relativeResultsDirectory="9237008a-4b94-4720-a21a-a23d1151bf7b">
      <Output>
        <ErrorInfo>
          <Message>System.InvalidOperationException : Sequence contains no elements</Message>
          <StackTrace>   at System.Linq.ThrowHelper.ThrowNoElementsException()
   at lambda_method1246(Closure)
   at Microsoft.EntityFrameworkCore.InMemory.Query.Internal.InMemoryQueryExpression.ResultEnumerable.GetEnumerator()
   at Microsoft.EntityFrameworkCore.InMemory.Query.Internal.InMemoryShapedQueryCompilingExpressionVisitor.QueryingEnumerable`1.Enumerator.MoveNextHelper()
   at Microsoft.EntityFrameworkCore.InMemory.Query.Internal.InMemoryShapedQueryCompilingExpressionVisitor.QueryingEnumerable`1.Enumerator.MoveNextAsync()
   at Microsoft.EntityFrameworkCore.Query.ShapedQueryCompilingExpressionVisitor.SingleAsync[TSource](IAsyncEnumerable`1 asyncEnumerable, CancellationToken cancellationToken)
   at Microsoft.EntityFrameworkCore.Query.ShapedQueryCompilingExpressionVisitor.SingleAsync[TSource](IAsyncEnumerable`1 asyncEnumerable, CancellationToken cancellationToken)
   at WitchCityRope.Infrastructure.Tests.Data.EntityConfigurationTests.&lt;&gt;c__DisplayClass1_0.&lt;&lt;User_Configuration_Should_Store_Value_Objects_Correctly&gt;b__0&gt;d.MoveNext() in /home/chad/repos/witchcityrope-react/tests/WitchCityRope.Infrastructure.Tests/Data/EntityConfigurationTests.cs:line 50
--- End of stack trace from previous location ---
   at WitchCityRope.Infrastructure.Tests.Fixtures.IntegrationTestBase.ExecuteWithNewContextAsync[T](Func`2 action) in /home/chad/repos/witchcityrope-react/tests/WitchCityRope.Infrastructure.Tests/Fixtures/IntegrationTestBase.cs:line 89
   at WitchCityRope.Infrastructure.Tests.Data.EntityConfigurationTests.User_Configuration_Should_Store_Value_Objects_Correctly() in /home/chad/repos/witchcityrope-react/tests/WitchCityRope.Infrastructure.Tests/Data/EntityConfigurationTests.cs:line 49
--- End of stack trace from previous location ---</StackTrace>
        </ErrorInfo>
      </Output>
    </UnitTestResult>
    <UnitTestResult executionId="5bef60cd-37ab-423f-a71f-1a54c912da6d" testId="6babc633-5a84-86ce-3dc5-db3fab1babdf" testName="WitchCityRope.Infrastructure.Tests.Data.WitchCityRopeDbContextTests.Should_Handle_Concurrent_Updates" computerName="Unbutu-Ai-Chads-PC" duration="00:00:00.0063645" startTime="2025-09-11T15:38:56.8827959-04:00" endTime="2025-09-11T15:38:56.9264901-04:00" testType="13cdc9d9-ddb5-4fa4-a97d-d965ccfc6d4b" outcome="Failed" testListId="8c84fa94-04c1-424b-9868-57a2d4851a1d" relativeResultsDirectory="5bef60cd-37ab-423f-a71f-1a54c912da6d">
      <Output>
        <ErrorInfo>
          <Message>System.InvalidOperationException : Sequence contains no elements</Message>
          <StackTrace>   at System.Linq.ThrowHelper.ThrowNoElementsException()
   at lambda_method1246(Closure)
   at Microsoft.EntityFrameworkCore.InMemory.Query.Internal.InMemoryQueryExpression.ResultEnumerable.GetEnumerator()
   at Microsoft.EntityFrameworkCore.InMemory.Query.Internal.InMemoryShapedQueryCompilingExpressionVisitor.QueryingEnumerable`1.Enumerator.MoveNextHelper()
   at Microsoft.EntityFrameworkCore.InMemory.Query.Internal.InMemoryShapedQueryCompilingExpressionVisitor.QueryingEnumerable`1.Enumerator.MoveNextAsync()
   at Microsoft.EntityFrameworkCore.Query.ShapedQueryCompilingExpressionVisitor.SingleAsync[TSource](IAsyncEnumerable`1 asyncEnumerable, CancellationToken cancellationToken)
   at Microsoft.EntityFrameworkCore.Query.ShapedQueryCompilingExpressionVisitor.SingleAsync[TSource](IAsyncEnumerable`1 asyncEnumerable, CancellationToken cancellationToken)
   at WitchCityRope.Infrastructure.Tests.Data.WitchCityRopeDbContextTests.Should_Handle_Concurrent_Updates() in /home/chad/repos/witchcityrope-react/tests/WitchCityRope.Infrastructure.Tests/Data/WitchCityRopeDbContextTests.cs:line 83
--- End of stack trace from previous location ---</StackTrace>
        </ErrorInfo>
      </Output>
    </UnitTestResult>
    <UnitTestResult executionId="06f53171-35dc-4d50-9041-db046819d374" testId="cac2c651-fa59-0f92-f0f1-b284ea5fd816" testName="WitchCityRope.Infrastructure.Tests.Security.JwtTokenServiceTests.ValidateToken_Should_Throw_For_Null_Token" computerName="Unbutu-Ai-Chads-PC" duration="00:00:00.0002920" startTime="2025-09-11T15:38:55.2539235-04:00" endTime="2025-09-11T15:38:55.2541477-04:00" testType="13cdc9d9-ddb5-4fa4-a97d-d965ccfc6d4b" outcome="Passed" testListId="8c84fa94-04c1-424b-9868-57a2d4851a1d" relativeResultsDirectory="06f53171-35dc-4d50-9041-db046819d374" />
    <UnitTestResult executionId="739ddb39-2c9c-494d-bc40-c0d8a30d6453" testId="32b805ef-d784-d8e5-9caf-a748c5f789fb" testName="WitchCityRope.Infrastructure.Tests.PayPal.PayPalServiceTests.Constructor_Should_Throw_When_Configuration_Is_Null" computerName="Unbutu-Ai-Chads-PC" duration="00:00:00.0003780" startTime="2025-09-11T15:38:55.2334625-04:00" endTime="2025-09-11T15:38:55.2335117-04:00" testType="13cdc9d9-ddb5-4fa4-a97d-d965ccfc6d4b" outcome="Passed" testListId="8c84fa94-04c1-424b-9868-57a2d4851a1d" relativeResultsDirectory="739ddb39-2c9c-494d-bc40-c0d8a30d6453" />
    <UnitTestResult executionId="b134ed17-f0ba-4962-a2cc-f8ab698871c6" testId="fb5b9c38-8b84-314c-709f-5c4f52c1a376" testName="WitchCityRope.Infrastructure.Tests.Data.WitchCityRopeDbContextTests.Should_Handle_Transactions" computerName="Unbutu-Ai-Chads-PC" duration="00:00:00.0204868" startTime="2025-09-11T15:38:56.8101267-04:00" endTime="2025-09-11T15:38:56.8825823-04:00" testType="13cdc9d9-ddb5-4fa4-a97d-d965ccfc6d4b" outcome="Passed" testListId="8c84fa94-04c1-424b-9868-57a2d4851a1d" relativeResultsDirectory="b134ed17-f0ba-4962-a2cc-f8ab698871c6" />
    <UnitTestResult executionId="6d05788a-f7e0-4b0c-a2c5-f612ae845d80" testId="5baaed9a-7b39-bf0a-975b-3f375a59580f" testName="WitchCityRope.Infrastructure.Tests.PayPal.PayPalServiceTests.Constructor_Should_Throw_When_Logger_Is_Null" computerName="Unbutu-Ai-Chads-PC" duration="00:00:00.0005250" startTime="2025-09-11T15:38:55.2281027-04:00" endTime="2025-09-11T15:38:55.2327894-04:00" testType="13cdc9d9-ddb5-4fa4-a97d-d965ccfc6d4b" outcome="Passed" testListId="8c84fa94-04c1-424b-9868-57a2d4851a1d" relativeResultsDirectory="6d05788a-f7e0-4b0c-a2c5-f612ae845d80" />
    <UnitTestResult executionId="ddf650ca-afde-4b3d-ba8b-f24b24b9ec07" testId="0ee62c17-dcae-efb1-3027-07f5ee04a932" testName="WitchCityRope.Infrastructure.Tests.PayPal.PayPalServiceTests.Should_Default_To_Sandbox_When_IsSandbox_Not_Specified" computerName="Unbutu-Ai-Chads-PC" duration="00:00:00.0002444" startTime="2025-09-11T15:38:55.2336144-04:00" endTime="2025-09-11T15:38:55.2336510-04:00" testType="13cdc9d9-ddb5-4fa4-a97d-d965ccfc6d4b" outcome="Passed" testListId="8c84fa94-04c1-424b-9868-57a2d4851a1d" relativeResultsDirectory="ddf650ca-afde-4b3d-ba8b-f24b24b9ec07" />
    <UnitTestResult executionId="e206b343-0f4c-4c59-ade4-0ae2f3cfc456" testId="00fb0efe-ac5c-dcca-7bdb-1e3f8783f943" testName="WitchCityRope.Infrastructure.Tests.Email.EmailServiceTests.SendEmailAsync_Should_Return_False_When_Exception_Occurs" computerName="Unbutu-Ai-Chads-PC" duration="00:00:00.0010000" startTime="2025-09-11T15:38:55.2321876-04:00" endTime="2025-09-11T15:38:55.2322033-04:00" testType="13cdc9d9-ddb5-4fa4-a97d-d965ccfc6d4b" outcome="NotExecuted" testListId="8c84fa94-04c1-424b-9868-57a2d4851a1d" relativeResultsDirectory="e206b343-0f4c-4c59-ade4-0ae2f3cfc456">
      <Output>
        <ErrorInfo>
          <Message>Email service not fully implemented - SendGrid integration pending</Message>
        </ErrorInfo>
      </Output>
    </UnitTestResult>
    <UnitTestResult executionId="883f0fed-c909-40c9-a05b-26e7fd4b7bda" testId="433cedb3-2a7e-2070-b4b6-ff055a4203c2" testName="WitchCityRope.Infrastructure.Tests.Data.MigrationTests.Should_Create_All_Expected_Tables" computerName="Unbutu-Ai-Chads-PC" duration="00:00:00.2135553" startTime="2025-09-11T15:38:58.3088693-04:00" endTime="2025-09-11T15:38:58.5220310-04:00" testType="13cdc9d9-ddb5-4fa4-a97d-d965ccfc6d4b" outcome="Failed" testListId="8c84fa94-04c1-424b-9868-57a2d4851a1d" relativeResultsDirectory="883f0fed-c909-40c9-a05b-26e7fd4b7bda">
      <Output>
        <ErrorInfo>
          <Message>System.InvalidOperationException : An error was generated for warning 'Microsoft.EntityFrameworkCore.Migrations.PendingModelChangesWarning': The model for context 'WitchCityRopeDbContext' has pending changes. Add a new migration before updating the database. See https://aka.ms/efcore-docs-pending-changes. This exception can be suppressed or logged by passing event ID 'RelationalEventId.PendingModelChangesWarning' to the 'ConfigureWarnings' method in 'DbContext.OnConfiguring' or 'AddDbContext'.</Message>
          <StackTrace>   at Microsoft.EntityFrameworkCore.Diagnostics.EventDefinition`1.Log[TLoggerCategory](IDiagnosticsLogger`1 logger, TParam arg)
[...]
[xUnit.net 00:00:03.70]            at Microsoft.EntityFrameworkCore.Migrations.Internal.Migrator.ValidateMigrations(Boolean useTransaction, String targetMigration)
[xUnit.net 00:00:03.70]            at Microsoft.EntityFrameworkCore.Migrations.Internal.Migrator.MigrateAsync(String targetMigration, CancellationToken cancellationToken)
[xUnit.net 00:00:03.70]            at Npgsql.EntityFrameworkCore.PostgreSQL.Migrations.Internal.NpgsqlMigrator.MigrateAsync(String targetMigration, CancellationToken cancellationToken)
[xUnit.net 00:00:03.70]         /home/chad/repos/witchcityrope-react/tests/WitchCityRope.Infrastructure.Tests/Data/MigrationTests.cs(95,0): at WitchCityRope.Infrastructure.Tests.Data.MigrationTests.Should_Create_Correct_Indexes()
[xUnit.net 00:00:03.70]         --- End of stack trace from previous location ---
[xUnit.net 00:00:03.74]       Expected pendingModelChanges to be False because The model should match the database schema, but found True.
[xUnit.net 00:00:03.74]       Stack Trace:
[xUnit.net 00:00:03.74]            at FluentAssertions.Execution.LateBoundTestFramework.Throw(String message)
[xUnit.net 00:00:03.74]            at FluentAssertions.Execution.DefaultAssertionStrategy.HandleFailure(String message)
[xUnit.net 00:00:03.74]            at FluentAssertions.Execution.AssertionScope.AddPreFormattedFailure(String formattedFailureMessage)
[xUnit.net 00:00:03.74]            at FluentAssertions.Execution.AssertionChain.FailWith(Func`1 getFailureReason)
[xUnit.net 00:00:03.74]            at FluentAssertions.Execution.AssertionChain.FailWith(Func`1 getFailureReason)
[xUnit.net 00:00:03.74]            at FluentAssertions.Execution.AssertionChain.FailWith(String message, Object[] args)
[xUnit.net 00:00:03.74]            at FluentAssertions.Primitives.BooleanAssertions`1.BeFalse(String because, Object[] becauseArgs)
[xUnit.net 00:00:03.74]         /home/chad/repos/witchcityrope-react/tests/WitchCityRope.Infrastructure.Tests/Data/MigrationTests.cs(138,0): at WitchCityRope.Infrastructure.Tests.Data.MigrationTests.Model_Should_Match_Database_Schema()
[xUnit.net 00:00:03.74]            at System.RuntimeMethodHandle.InvokeMethod(Object target, Void** arguments, Signature sig, Boolean isConstructor)
[xUnit.net 00:00:03.74]            at System.Reflection.MethodBaseInvoker.InvokeWithNoArgs(Object obj, BindingFlags invokeAttr)
[testcontainers.org 00:00:03.55] Delete Docker container f1bbbd46e999
[xUnit.net 00:00:04.01]   Finished:    WitchCityRope.Infrastructure.Tests
</StdOut>
    </Output>
    <RunInfos>
      <RunInfo computerName="Unbutu-Ai-Chads-PC" outcome="Warning" timestamp="2025-09-11T15:38:55.1487156-04:00">
        <Text>[xUnit.net 00:00:00.12]     WitchCityRope.Infrastructure.Tests.Email.EmailServiceTests.SendBulkEmailAsync_Should_Send_To_Multiple_Recipients [SKIP]</Text>
      </RunInfo>
      <RunInfo computerName="Unbutu-Ai-Chads-PC" outcome="Warning" timestamp="2025-09-11T15:38:55.1513314-04:00">
        <Text>[xUnit.net 00:00:00.13]     WitchCityRope.Infrastructure.Tests.PayPal.PayPalServiceTests.ValidatePaymentMethodAsync_Should_Return_False_For_Empty_Method [SKIP]</Text>
      </RunInfo>
      <RunInfo computerName="Unbutu-Ai-Chads-PC" outcome="Warning" timestamp="2025-09-11T15:38:55.2196919-04:00">
        <Text>[xUnit.net 00:00:00.16]     WitchCityRope.Infrastructure.Tests.Email.EmailServiceTests.SendEmailAsync_Should_Return_False_When_SendGrid_Fails [SKIP]</Text>
      </RunInfo>
      <RunInfo computerName="Unbutu-Ai-Chads-PC" outcome="Warning" timestamp="2025-09-11T15:38:55.2197072-04:00">
        <Text>[xUnit.net 00:00:00.16]     WitchCityRope.Infrastructure.Tests.PayPal.PayPalServiceTests.ProcessRefundAsync_Should_Use_Full_Amount_When_Not_Specified [SKIP]</Text>
      </RunInfo>
      <RunInfo computerName="Unbutu-Ai-Chads-PC" outcome="Warning" timestamp="2025-09-11T15:38:55.2197170-04:00">
        <Text>[xUnit.net 00:00:00.16]     WitchCityRope.Infrastructure.Tests.Email.EmailServiceTests.Should_Use_Default_From_Email_When_Not_Configured [SKIP]</Text>
      </RunInfo>
      <RunInfo computerName="Unbutu-Ai-Chads-PC" outcome="Warning" timestamp="2025-09-11T15:38:55.2197269-04:00">
        <Text>[xUnit.net 00:00:00.16]     WitchCityRope.Infrastructure.Tests.PayPal.PayPalServiceTests.ProcessRefundAsync_Should_Handle_Exceptions [SKIP]</Text>
      </RunInfo>
      <RunInfo computerName="Unbutu-Ai-Chads-PC" outcome="Warning" timestamp="2025-09-11T15:38:55.2197405-04:00">
        <Text>[xUnit.net 00:00:00.17]     WitchCityRope.Infrastructure.Tests.Email.EmailServiceTests.SendBulkEmailAsync_Should_Return_False_If_Any_Batch_Fails [SKIP]</Text>
      </RunInfo>
      <RunInfo computerName="Unbutu-Ai-Chads-PC" outcome="Warning" timestamp="2025-09-11T15:38:55.2197496-04:00">
        <Text>[xUnit.net 00:00:00.17]     WitchCityRope.Infrastructure.Tests.Email.EmailServiceTests.SendCancellationConfirmationAsync_Should_Include_Refund_When_Provided [SKIP]</Text>
      </RunInfo>
      <RunInfo computerName="Unbutu-Ai-Chads-PC" outcome="Warning" timestamp="2025-09-11T15:38:55.2197588-04:00">
        <Text>[xUnit.net 00:00:00.17]     WitchCityRope.Infrastructure.Tests.Email.EmailServiceTests.SendEmailAsync_Should_Send_PlainText_Email_When_IsHtml_Is_False [SKIP]</Text>
      </RunInfo>
      <RunInfo computerName="Unbutu-Ai-Chads-PC" outcome="Warning" timestamp="2025-09-11T15:38:55.2197680-04:00">
        <Text>[xUnit.net 00:00:00.17]     WitchCityRope.Infrastructure.Tests.Email.EmailServiceTests.SendEmailAsync_Should_Send_Email_Successfully [SKIP]</Text>
      </RunInfo>
      <RunInfo computerName="Unbutu-Ai-Chads-PC" outcome="Warning" timestamp="2025-09-11T15:38:55.2208428-04:00">
        <Text>[xUnit.net 00:00:00.17]     WitchCityRope.Infrastructure.Tests.Email.EmailServiceTests.SendVettingStatusUpdateAsync_Should_Include_Notes_When_Provided [SKIP]</Text>
      </RunInfo>
      <RunInfo computerName="Unbutu-Ai-Chads-PC" outcome="Warning" timestamp="2025-09-11T15:38:55.2208540-04:00">
        <Text>[xUnit.net 00:00:00.17]     WitchCityRope.Infrastructure.Tests.Email.EmailServiceTests.SendTemplateEmailAsync_Should_Send_With_Template_Id [SKIP]</Text>
      </RunInfo>
      <RunInfo computerName="Unbutu-Ai-Chads-PC" outcome="Warning" timestamp="2025-09-11T15:38:55.2261264-04:00">
        <Text>[xUnit.net 00:00:00.20]     WitchCityRope.Infrastructure.Tests.PayPal.PayPalServiceTests.GetPaymentStatusAsync_Should_Return_Failed_On_Exception [SKIP]</Text>
      </RunInfo>
      <RunInfo computerName="Unbutu-Ai-Chads-PC" outcome="Warning" timestamp="2025-09-11T15:38:55.2262786-04:00">
        <Text>[xUnit.net 00:00:00.20]     WitchCityRope.Infrastructure.Tests.PayPal.PayPalServiceTests.CreatePaymentIntentAsync_Should_Handle_Exceptions [SKIP]</Text>
      </RunInfo>
      <RunInfo computerName="Unbutu-Ai-Chads-PC" outcome="Warning" timestamp="2025-09-11T15:38:55.2264207-04:00">
        <Text>[xUnit.net 00:00:00.20]     WitchCityRope.Infrastructure.Tests.PayPal.PayPalServiceTests.GetPaymentStatusAsync_Should_Return_Pending_Status [SKIP]</Text>
      </RunInfo>
      <RunInfo computerName="Unbutu-Ai-Chads-PC" outcome="Warning" timestamp="2025-09-11T15:38:55.2270621-04:00">
        <Text>[xUnit.net 00:00:00.20]     WitchCityRope.Infrastructure.Tests.PayPal.PayPalServiceTests.ProcessRefundAsync_Should_Return_Success_Result [SKIP]</Text>
      </RunInfo>
      <RunInfo computerName="Unbutu-Ai-Chads-PC" outcome="Warning" timestamp="2025-09-11T15:38:55.2294312-04:00">
        <Text>[xUnit.net 00:00:00.20]     WitchCityRope.Infrastructure.Tests.PayPal.PayPalServiceTests.ProcessPaymentAsync_Should_Return_Success_Result [SKIP]</Text>
      </RunInfo>
      <RunInfo computerName="Unbutu-Ai-Chads-PC" outcome="Warning" timestamp="2025-09-11T15:38:55.2294439-04:00">
        <Text>[xUnit.net 00:00:00.20]     WitchCityRope.Infrastructure.Tests.PayPal.PayPalServiceTests.ProcessPaymentAsync_Should_Handle_Exceptions [SKIP]</Text>
      </RunInfo>
      <RunInfo computerName="Unbutu-Ai-Chads-PC" outcome="Warning" timestamp="2025-09-11T15:38:55.2294609-04:00">
        <Text>[xUnit.net 00:00:00.20]     WitchCityRope.Infrastructure.Tests.PayPal.PayPalServiceTests.ValidatePaymentMethodAsync_Should_Return_True_For_Valid_Method [SKIP]</Text>
      </RunInfo>
      <RunInfo computerName="Unbutu-Ai-Chads-PC" outcome="Error" timestamp="2025-09-11T15:38:55.2303166-04:00">
        <Text>[xUnit.net 00:00:00.21]     WitchCityRope.Infrastructure.Tests.Email.EmailServiceTests.Constructor_Should_Throw_When_SendGridClient_Is_Null [FAIL]</Text>
      </RunInfo>
      <RunInfo computerName="Unbutu-Ai-Chads-PC" outcome="Warning" timestamp="2025-09-11T15:38:55.2320963-04:00">
        <Text>[xUnit.net 00:00:00.21]     WitchCityRope.Infrastructure.Tests.Email.EmailServiceTests.SendTemplateEmailAsync_Should_Throw_For_Unknown_Template [SKIP]</Text>
      </RunInfo>
      <RunInfo computerName="Unbutu-Ai-Chads-PC" outcome="Warning" timestamp="2025-09-11T15:38:55.2322843-04:00">
        <Text>[xUnit.net 00:00:00.21]     WitchCityRope.Infrastructure.Tests.Email.EmailServiceTests.SendEmailAsync_Should_Return_False_When_Exception_Occurs [SKIP]</Text>
      </RunInfo>
      <RunInfo computerName="Unbutu-Ai-Chads-PC" outcome="Warning" timestamp="2025-09-11T15:38:55.2324996-04:00">
        <Text>[xUnit.net 00:00:00.21]     WitchCityRope.Infrastructure.Tests.Email.EmailServiceTests.SendBulkEmailAsync_Should_Batch_Large_Recipient_Lists [SKIP]</Text>
      </RunInfo>
      <RunInfo computerName="Unbutu-Ai-Chads-PC" outcome="Warning" timestamp="2025-09-11T15:38:55.2327431-04:00">
        <Text>[xUnit.net 00:00:00.21]     WitchCityRope.Infrastructure.Tests.Email.EmailServiceTests.SendRegistrationConfirmationAsync_Should_Use_Correct_Template [SKIP]</Text>
      </RunInfo>
      <RunInfo computerName="Unbutu-Ai-Chads-PC" outcome="Warning" timestamp="2025-09-11T15:38:55.2355982-04:00">
        <Text>[xUnit.net 00:00:00.21]     WitchCityRope.Infrastructure.Tests.PayPal.PayPalServiceTests.CreatePaymentIntentAsync_Should_Return_Valid_Intent [SKIP]</Text>
      </RunInfo>
      <RunInfo computerName="Unbutu-Ai-Chads-PC" outcome="Error" timestamp="2025-09-11T15:38:56.2739893-04:00">
        <Text>[xUnit.net 00:00:01.25]     WitchCityRope.Infrastructure.Tests.Data.ConcurrencyTests.Should_Handle_Deadlock_Scenario [FAIL]</Text>
      </RunInfo>
      <RunInfo computerName="Unbutu-Ai-Chads-PC" outcome="Error" timestamp="2025-09-11T15:38:56.2807967-04:00">
        <Text>[xUnit.net 00:00:01.26]     WitchCityRope.Infrastructure.Tests.Data.ComplexQueryTests.Should_Query_User_Registration_History [FAIL]</Text>
      </RunInfo>
      <RunInfo computerName="Unbutu-Ai-Chads-PC" outcome="Error" timestamp="2025-09-11T15:38:56.3738285-04:00">
        <Text>[xUnit.net 00:00:01.35]     WitchCityRope.Infrastructure.Tests.Data.ConcurrencyTests.Should_Handle_Concurrent_Updates_With_Retry_Logic [FAIL]</Text>
      </RunInfo>
      <RunInfo computerName="Unbutu-Ai-Chads-PC" outcome="Error" timestamp="2025-09-11T15:38:56.3753242-04:00">
        <Text>[xUnit.net 00:00:01.35]     WitchCityRope.Infrastructure.Tests.Data.EntityConfigurationTests.User_Configuration_Should_Store_Value_Objects_Correctly [FAIL]</Text>
      </RunInfo>
      <RunInfo computerName="Unbutu-Ai-Chads-PC" outcome="Error" timestamp="2025-09-11T15:38:56.3760883-04:00">
        <Text>[xUnit.net 00:00:01.35]     WitchCityRope.Infrastructure.Tests.Data.WitchCityRopeDbContextTests.Should_Save_And_Retrieve_User [FAIL]</Text>
      </RunInfo>
      <RunInfo computerName="Unbutu-Ai-Chads-PC" outcome="Error" timestamp="2025-09-11T15:38:56.4191325-04:00">
        <Text>[xUnit.net 00:00:01.39]     WitchCityRope.Infrastructure.Tests.Data.ComplexQueryTests.Should_Use_Compiled_Query_For_Performance [FAIL]</Text>
      </RunInfo>
      <RunInfo computerName="Unbutu-Ai-Chads-PC" outcome="Error" timestamp="2025-09-11T15:38:56.4358108-04:00">
        <Text>[xUnit.net 00:00:01.41]     WitchCityRope.Infrastructure.Tests.Data.ConcurrencyTests.Should_Handle_Concurrent_Payment_Processing [FAIL]</Text>
      </RunInfo>
      <RunInfo computerName="Unbutu-Ai-Chads-PC" outcome="Error" timestamp="2025-09-11T15:38:56.4788359-04:00">
        <Text>[xUnit.net 00:00:01.45]     WitchCityRope.Infrastructure.Tests.Data.EntityConfigurationTests.IncidentReport_Should_Support_Anonymous_Reports [FAIL]</Text>
      </RunInfo>
      <RunInfo computerName="Unbutu-Ai-Chads-PC" outcome="Error" timestamp="2025-09-11T15:38:56.5387043-04:00">
        <Text>[xUnit.net 00:00:01.51]     WitchCityRope.Infrastructure.Tests.Data.EntityConfigurationTests.Event_Registration_Relationship_Should_Be_Configured_Correctly [FAIL]</Text>
      </RunInfo>
      <RunInfo computerName="Unbutu-Ai-Chads-PC" outcome="Error" timestamp="2025-09-11T15:38:56.5468821-04:00">
        <Text>[xUnit.net 00:00:01.52]     WitchCityRope.Infrastructure.Tests.Data.WitchCityRopeDbContextTests.Should_Track_Entity_Changes [FAIL]</Text>
      </RunInfo>
      <RunInfo computerName="Unbutu-Ai-Chads-PC" outcome="Error" timestamp="2025-09-11T15:38:56.5630536-04:00">
        <Text>[xUnit.net 00:00:01.54]     WitchCityRope.Infrastructure.Tests.Data.ComplexQueryTests.Should_Query_Event_Statistics [FAIL]</Text>
      </RunInfo>
      <RunInfo computerName="Unbutu-Ai-Chads-PC" outcome="Error" timestamp="2025-09-11T15:38:56.5912911-04:00">
        <Text>[xUnit.net 00:00:01.57]     WitchCityRope.Infrastructure.Tests.Data.EntityConfigurationTests.Should_Handle_Cascade_Delete_For_Event_Registrations [FAIL]</Text>
      </RunInfo>
      <RunInfo computerName="Unbutu-Ai-Chads-PC" outcome="Error" timestamp="2025-09-11T15:38:56.6639281-04:00">
        <Text>[xUnit.net 00:00:01.64]     WitchCityRope.Infrastructure.Tests.Data.EntityConfigurationTests.Money_ValueObject_Should_Be_Stored_Correctly [FAIL]</Text>
      </RunInfo>
      <RunInfo computerName="Unbutu-Ai-Chads-PC" outcome="Error" timestamp="2025-09-11T15:38:56.6986428-04:00">
        <Text>[xUnit.net 00:00:01.67]     WitchCityRope.Infrastructure.Tests.Data.ComplexQueryTests.Should_Execute_Complex_Join_Query [FAIL]</Text>
      </RunInfo>
      <RunInfo computerName="Unbutu-Ai-Chads-PC" outcome="Error" timestamp="2025-09-11T15:38:56.7325337-04:00">
        <Text>[xUnit.net 00:00:01.71]     WitchCityRope.Infrastructure.Tests.Data.EntityConfigurationTests.VettingApplication_User_Relationship_Should_Be_Configured_Correctly [FAIL]</Text>
      </RunInfo>
      <RunInfo computerName="Unbutu-Ai-Chads-PC" outcome="Error" timestamp="2025-09-11T15:38:56.7331854-04:00">
        <Text>[xUnit.net 00:00:01.71]     WitchCityRope.Infrastructure.Tests.Data.ConcurrencyTests.Should_Handle_Concurrent_Vetting_Application_Reviews [FAIL]</Text>
      </RunInfo>
      <RunInfo computerName="Unbutu-Ai-Chads-PC" outcome="Error" timestamp="2025-09-11T15:38:56.7796825-04:00">
        <Text>[xUnit.net 00:00:01.75]     WitchCityRope.Infrastructure.Tests.Data.ConcurrencyTests.Should_Handle_Optimistic_Concurrency_With_RowVersion [FAIL]</Text>
      </RunInfo>
      <RunInfo computerName="Unbutu-Ai-Chads-PC" outcome="Error" timestamp="2025-09-11T15:38:56.7858059-04:00">
        <Text>[xUnit.net 00:00:01.76]     WitchCityRope.Infrastructure.Tests.Data.EntityConfigurationTests.User_Configuration_Should_Enforce_Unique_Email [FAIL]</Text>
      </RunInfo>
      <RunInfo computerName="Unbutu-Ai-Chads-PC" outcome="Error" timestamp="2025-09-11T15:38:56.8098442-04:00">
        <Text>[xUnit.net 00:00:01.78]     WitchCityRope.Infrastructure.Tests.Data.WitchCityRopeDbContextTests.Should_Apply_Global_Query_Filters_If_Configured [FAIL]</Text>
      </RunInfo>
      <RunInfo computerName="Unbutu-Ai-Chads-PC" outcome="Error" timestamp="2025-09-11T15:38:56.8490674-04:00">
        <Text>[xUnit.net 00:00:01.82]     WitchCityRope.Infrastructure.Tests.Data.ComplexQueryTests.Should_Query_Upcoming_Events_With_Available_Spots [FAIL]</Text>
      </RunInfo>
      <RunInfo computerName="Unbutu-Ai-Chads-PC" outcome="Error" timestamp="2025-09-11T15:38:56.8538685-04:00">
        <Text>[xUnit.net 00:00:01.83]     WitchCityRope.Infrastructure.Tests.Data.EntityConfigurationTests.Payment_Registration_Relationship_Should_Be_Configured_Correctly [FAIL]</Text>
      </RunInfo>
      <RunInfo computerName="Unbutu-Ai-Chads-PC" outcome="Error" timestamp="2025-09-11T15:38:56.8594174-04:00">
        <Text>[xUnit.net 00:00:01.83]     WitchCityRope.Infrastructure.Tests.Data.ConcurrencyTests.Should_Handle_Concurrent_Event_Registration [FAIL]</Text>
      </RunInfo>
      <RunInfo computerName="Unbutu-Ai-Chads-PC" outcome="Error" timestamp="2025-09-11T15:38:56.9268308-04:00">
        <Text>[xUnit.net 00:00:01.90]     WitchCityRope.Infrastructure.Tests.Data.WitchCityRopeDbContextTests.Should_Handle_Concurrent_Updates [FAIL]</Text>
      </RunInfo>
      <RunInfo computerName="Unbutu-Ai-Chads-PC" outcome="Error" timestamp="2025-09-11T15:38:56.9452682-04:00">
        <Text>[xUnit.net 00:00:01.92]     WitchCityRope.Infrastructure.Tests.Data.ConcurrencyTests.Should_Handle_Concurrent_Aggregate_Updates [FAIL]</Text>
      </RunInfo>
      <RunInfo computerName="Unbutu-Ai-Chads-PC" outcome="Error" timestamp="2025-09-11T15:38:56.9820571-04:00">
        <Text>[xUnit.net 00:00:01.96]     WitchCityRope.Infrastructure.Tests.Data.ComplexQueryTests.Should_Execute_Raw_SQL_Query [FAIL]</Text>
      </RunInfo>
      <RunInfo computerName="Unbutu-Ai-Chads-PC" outcome="Error" timestamp="2025-09-11T15:38:57.1142938-04:00">
        <Text>[xUnit.net 00:00:02.09]     WitchCityRope.Infrastructure.Tests.Data.ComplexQueryTests.Should_Handle_Pagination_Correctly [FAIL]</Text>
      </RunInfo>
      <RunInfo computerName="Unbutu-Ai-Chads-PC" outcome="Error" timestamp="2025-09-11T15:38:57.2355560-04:00">
        <Text>[xUnit.net 00:00:02.21]     WitchCityRope.Infrastructure.Tests.Data.ComplexQueryTests.Should_Handle_Complex_Filtering_And_Sorting [FAIL]</Text>
      </RunInfo>
      <RunInfo computerName="Unbutu-Ai-Chads-PC" outcome="Error" timestamp="2025-09-11T15:38:57.5801084-04:00">
        <Text>[xUnit.net 00:00:02.56]     WitchCityRope.Infrastructure.Tests.Data.MigrationTests.Should_Create_Correct_Foreign_Keys [FAIL]</Text>
      </RunInfo>
      <RunInfo computerName="Unbutu-Ai-Chads-PC" outcome="Error" timestamp="2025-09-11T15:38:57.8264891-04:00">
        <Text>[xUnit.net 00:00:02.80]     WitchCityRope.Infrastructure.Tests.Data.MigrationTests.Should_Apply_All_Migrations_Successfully [FAIL]</Text>
      </RunInfo>
      <RunInfo computerName="Unbutu-Ai-Chads-PC" outcome="Error" timestamp="2025-09-11T15:38:58.0888641-04:00">
        <Text>[xUnit.net 00:00:03.06]     WitchCityRope.Infrastructure.Tests.Data.MigrationTests.Should_Handle_Migration_Rollback [FAIL]</Text>
      </RunInfo>
      <RunInfo computerName="Unbutu-Ai-Chads-PC" outcome="Error" timestamp="2025-09-11T15:38:58.3081162-04:00">
        <Text>[xUnit.net 00:00:03.28]     WitchCityRope.Infrastructure.Tests.Data.MigrationTests.Should_Have_Correct_Schema_After_Migration [FAIL]</Text>
      </RunInfo>
      <RunInfo computerName="Unbutu-Ai-Chads-PC" outcome="Error" timestamp="2025-09-11T15:38:58.5223290-04:00">
        <Text>[xUnit.net 00:00:03.50]     WitchCityRope.Infrastructure.Tests.Data.MigrationTests.Should_Create_All_Expected_Tables [FAIL]</Text>
      </RunInfo>
      <RunInfo computerName="Unbutu-Ai-Chads-PC" outcome="Error" timestamp="2025-09-11T15:38:58.7229666-04:00">
        <Text>[xUnit.net 00:00:03.70]     WitchCityRope.Infrastructure.Tests.Data.MigrationTests.Should_Create_Correct_Indexes [FAIL]</Text>
      </RunInfo>
      <RunInfo computerName="Unbutu-Ai-Chads-PC" outcome="Error" timestamp="2025-09-11T15:38:58.7622320-04:00">
        <Text>[xUnit.net 00:00:03.74]     WitchCityRope.Infrastructure.Tests.Data.MigrationTests.Model_Should_Match_Database_Schema [FAIL]</Text>
      </RunInfo>
    </RunInfos>
  </ResultSummary>
</TestRun>